{"name": "test_azur_company_ui", "status": "broken", "statusDetails": {"message": "selenium.common.exceptions.TimeoutException: Message: \nStacktrace:\n#0 0x563071f20e43 <unknown>\n#1 0x563071c0f4e7 <unknown>\n#2 0x563071c5a35d <unknown>\n#3 0x563071c5a411 <unknown>\n#4 0x563071c9d774 <unknown>\n#5 0x563071c7c47d <unknown>\n#6 0x563071c9ac29 <unknown>\n#7 0x563071c7c1f3 <unknown>\n#8 0x563071c4d28a <unknown>\n#9 0x563071c4dc5e <unknown>\n#10 0x563071ee516b <unknown>\n#11 0x563071ee90bb <unknown>\n#12 0x563071ed1281 <unknown>\n#13 0x563071ee9c22 <unknown>\n#14 0x563071eb613f <unknown>\n#15 0x563071f0ff98 <unknown>\n#16 0x563071f10170 <unknown>\n#17 0x563071f1ff94 <unknown>\n#18 0x7f411e161609 start_thread", "trace": "driver = <selenium.webdriver.chrome.webdriver.WebDriver (session=\"641a9161e092e1d36f1448182a3a5ccf\")>\nexpected_wait = <selenium.webdriver.support.wait.WebDriverWait (session=\"641a9161e092e1d36f1448182a3a5ccf\")>\n\n    @pytest.fixture(scope=\"module\")\n    def scrape_ui(driver, expected_wait):\n        # open the browser\n        testutils.open_browser(driver, expected_wait)\n    \n        # Grab the data\n>       job_details = testutils.get_jobs_selenium()\n\ntests/Test_Selenium_Suite/test_azur.py:26: \n_ _ _ _ _ _ _ _ _ _ _ _ _ _ _ _ _ _ _ _ _ _ _ _ _ _ _ _ _ _ _ _ _ _ _ _ _ _ _ _ \ntests/Test_Selenium_Suite/seleniumutils.py:77: in get_jobs_selenium\n    self.peviitor.search_company(self.company_name)\ntests/Test_Selenium_Suite/peviitor.py:28: in search_company\n    self.expected_wait.until(EC.presence_of_element_located((By.CSS_SELECTOR , self.search_input_css))).send_keys(company)\n_ _ _ _ _ _ _ _ _ _ _ _ _ _ _ _ _ _ _ _ _ _ _ _ _ _ _ _ _ _ _ _ _ _ _ _ _ _ _ _ \n\nself = <selenium.webdriver.support.wait.WebDriverWait (session=\"641a9161e092e1d36f1448182a3a5ccf\")>\nmethod = <function presence_of_element_located.<locals>._predicate at 0x7f869b8adf30>\nmessage = ''\n\n    def until(self, method, message: str = \"\"):\n        \"\"\"Calls the method provided with the driver as an argument until the \\\n        return value does not evaluate to ``False``.\n    \n        :param method: callable(WebDriver)\n        :param message: optional message for :exc:`TimeoutException`\n        :returns: the result of the last call to `method`\n        :raises: :exc:`selenium.common.exceptions.TimeoutException` if timeout occurs\n        \"\"\"\n        screen = None\n        stacktrace = None\n    \n        end_time = time.monotonic() + self._timeout\n        while True:\n            try:\n                value = method(self._driver)\n                if value:\n                    return value\n            except self._ignored_exceptions as exc:\n                screen = getattr(exc, \"screen\", None)\n                stacktrace = getattr(exc, \"stacktrace\", None)\n            time.sleep(self._poll)\n            if time.monotonic() > end_time:\n                break\n>       raise TimeoutException(message, screen, stacktrace)\nE       selenium.common.exceptions.TimeoutException: Message: \nE       Stacktrace:\nE       #0 0x563071f20e43 <unknown>\nE       #1 0x563071c0f4e7 <unknown>\nE       #2 0x563071c5a35d <unknown>\nE       #3 0x563071c5a411 <unknown>\nE       #4 0x563071c9d774 <unknown>\nE       #5 0x563071c7c47d <unknown>\nE       #6 0x563071c9ac29 <unknown>\nE       #7 0x563071c7c1f3 <unknown>\nE       #8 0x563071c4d28a <unknown>\nE       #9 0x563071c4dc5e <unknown>\nE       #10 0x563071ee516b <unknown>\nE       #11 0x563071ee90bb <unknown>\nE       #12 0x563071ed1281 <unknown>\nE       #13 0x563071ee9c22 <unknown>\nE       #14 0x563071eb613f <unknown>\nE       #15 0x563071f0ff98 <unknown>\nE       #16 0x563071f10170 <unknown>\nE       #17 0x563071f1ff94 <unknown>\nE       #18 0x7f411e161609 start_thread\n\n/opt/hostedtoolcache/Python/3.10.14/x64/lib/python3.10/site-packages/selenium-4.10.0-py3.10.egg/selenium/webdriver/support/wait.py:95: TimeoutException"}, "start": 1715491131061, "stop": 1715491131061, "uuid": "aabca980-aacd-4c41-bbb0-72721d1059c8", "historyId": "f349ca595a17b7e0045148710ba4f3d3", "testCaseId": "f349ca595a17b7e0045148710ba4f3d3", "fullName": "Test_Selenium_Suite.test_azur#test_azur_company_ui", "labels": [{"name": "tag", "value": "ui"}, {"name": "tag", "value": "regression"}, {"name": "parentSuite", "value": "Test_Selenium_Suite"}, {"name": "suite", "value": "test_azur"}, {"name": "host", "value": "fv-az519-180"}, {"name": "thread", "value": "2283-MainThread"}, {"name": "framework", "value": "pytest"}, {"name": "language", "value": "cpython3"}, {"name": "package", "value": "Test_Selenium_Suite.test_azur"}]}