{"name": "test_canamgroup_job_count_ui", "status": "broken", "statusDetails": {"message": "selenium.common.exceptions.TimeoutException: Message: \nStacktrace:\n#0 0x560f286f9eca <unknown>\n#1 0x560f283e345c <unknown>\n#2 0x560f2842f5b5 <unknown>\n#3 0x560f2842f671 <unknown>\n#4 0x560f28473f14 <unknown>\n#5 0x560f284524dd <unknown>\n#6 0x560f284712cc <unknown>\n#7 0x560f28452253 <unknown>\n#8 0x560f284221c7 <unknown>\n#9 0x560f28422b3e <unknown>\n#10 0x560f286c030b <unknown>\n#11 0x560f286c43b7 <unknown>\n#12 0x560f286ace3e <unknown>\n#13 0x560f286c4e82 <unknown>\n#14 0x560f286917df <unknown>\n#15 0x560f286e91b8 <unknown>\n#16 0x560f286e938b <unknown>\n#17 0x560f286f8ffc <unknown>\n#18 0x7f2334e53609 start_thread", "trace": "driver = <selenium.webdriver.chrome.webdriver.WebDriver (session=\"2de337ec0014071ec1a13d370b01eebf\")>\nexpected_wait = <selenium.webdriver.support.wait.WebDriverWait (session=\"2de337ec0014071ec1a13d370b01eebf\")>\n\n    @pytest.fixture(scope=\"module\")\n    def scrape_ui(driver, expected_wait):\n        # open the browser\n        testutils.open_browser(driver, expected_wait)\n    \n        # Grab the data\n>       job_details = testutils.get_jobs_selenium()\n\ntests/Test_Selenium_Suite/test_canamgroup.py:26: \n_ _ _ _ _ _ _ _ _ _ _ _ _ _ _ _ _ _ _ _ _ _ _ _ _ _ _ _ _ _ _ _ _ _ _ _ _ _ _ _ \ntests/Test_Selenium_Suite/seleniumutils.py:77: in get_jobs_selenium\n    self.peviitor.search_company(self.company_name)\ntests/Test_Selenium_Suite/peviitor.py:28: in search_company\n    self.expected_wait.until(EC.presence_of_element_located((By.CSS_SELECTOR , self.search_input_css))).send_keys(company)\n_ _ _ _ _ _ _ _ _ _ _ _ _ _ _ _ _ _ _ _ _ _ _ _ _ _ _ _ _ _ _ _ _ _ _ _ _ _ _ _ \n\nself = <selenium.webdriver.support.wait.WebDriverWait (session=\"2de337ec0014071ec1a13d370b01eebf\")>\nmethod = <function presence_of_element_located.<locals>._predicate at 0x7f8ddadc9090>\nmessage = ''\n\n    def until(self, method, message: str = \"\"):\n        \"\"\"Calls the method provided with the driver as an argument until the \\\n        return value does not evaluate to ``False``.\n    \n        :param method: callable(WebDriver)\n        :param message: optional message for :exc:`TimeoutException`\n        :returns: the result of the last call to `method`\n        :raises: :exc:`selenium.common.exceptions.TimeoutException` if timeout occurs\n        \"\"\"\n        screen = None\n        stacktrace = None\n    \n        end_time = time.monotonic() + self._timeout\n        while True:\n            try:\n                value = method(self._driver)\n                if value:\n                    return value\n            except self._ignored_exceptions as exc:\n                screen = getattr(exc, \"screen\", None)\n                stacktrace = getattr(exc, \"stacktrace\", None)\n            time.sleep(self._poll)\n            if time.monotonic() > end_time:\n                break\n>       raise TimeoutException(message, screen, stacktrace)\nE       selenium.common.exceptions.TimeoutException: Message: \nE       Stacktrace:\nE       #0 0x560f286f9eca <unknown>\nE       #1 0x560f283e345c <unknown>\nE       #2 0x560f2842f5b5 <unknown>\nE       #3 0x560f2842f671 <unknown>\nE       #4 0x560f28473f14 <unknown>\nE       #5 0x560f284524dd <unknown>\nE       #6 0x560f284712cc <unknown>\nE       #7 0x560f28452253 <unknown>\nE       #8 0x560f284221c7 <unknown>\nE       #9 0x560f28422b3e <unknown>\nE       #10 0x560f286c030b <unknown>\nE       #11 0x560f286c43b7 <unknown>\nE       #12 0x560f286ace3e <unknown>\nE       #13 0x560f286c4e82 <unknown>\nE       #14 0x560f286917df <unknown>\nE       #15 0x560f286e91b8 <unknown>\nE       #16 0x560f286e938b <unknown>\nE       #17 0x560f286f8ffc <unknown>\nE       #18 0x7f2334e53609 start_thread\n\n/opt/hostedtoolcache/Python/3.10.14/x64/lib/python3.10/site-packages/selenium-4.10.0-py3.10.egg/selenium/webdriver/support/wait.py:95: TimeoutException"}, "start": 1716268943442, "stop": 1716268943442, "uuid": "5c06ad2c-683d-4e38-a4ff-9d4afe0fcbf6", "historyId": "77b9fdb50cfc553b4537efc679d2daa8", "testCaseId": "77b9fdb50cfc553b4537efc679d2daa8", "fullName": "Test_Selenium_Suite.test_canamgroup#test_canamgroup_job_count_ui", "labels": [{"name": "tag", "value": "ui"}, {"name": "tag", "value": "regression"}, {"name": "parentSuite", "value": "Test_Selenium_Suite"}, {"name": "suite", "value": "test_canamgroup"}, {"name": "host", "value": "fv-az696-262"}, {"name": "thread", "value": "2074-MainThread"}, {"name": "framework", "value": "pytest"}, {"name": "language", "value": "cpython3"}, {"name": "package", "value": "Test_Selenium_Suite.test_canamgroup"}]}