{"name": "test_autototal_link_ui", "status": "broken", "statusDetails": {"message": "selenium.common.exceptions.TimeoutException: Message: \nStacktrace:\n#0 0x5583ea357eca <unknown>\n#1 0x5583ea04145c <unknown>\n#2 0x5583ea08d5b5 <unknown>\n#3 0x5583ea08d671 <unknown>\n#4 0x5583ea0d1f14 <unknown>\n#5 0x5583ea0b04dd <unknown>\n#6 0x5583ea0cf2cc <unknown>\n#7 0x5583ea0b0253 <unknown>\n#8 0x5583ea0801c7 <unknown>\n#9 0x5583ea080b3e <unknown>\n#10 0x5583ea31e30b <unknown>\n#11 0x5583ea3223b7 <unknown>\n#12 0x5583ea30ae3e <unknown>\n#13 0x5583ea322e82 <unknown>\n#14 0x5583ea2ef7df <unknown>\n#15 0x5583ea3471b8 <unknown>\n#16 0x5583ea34738b <unknown>\n#17 0x5583ea356ffc <unknown>\n#18 0x7fcbe5072609 start_thread", "trace": "driver = <selenium.webdriver.chrome.webdriver.WebDriver (session=\"26fe97038a5c48802885b40d7cd58d04\")>\nexpected_wait = <selenium.webdriver.support.wait.WebDriverWait (session=\"26fe97038a5c48802885b40d7cd58d04\")>\n\n    @pytest.fixture(scope=\"module\")\n    def scrape_ui(driver, expected_wait):\n        # open the browser\n        testutils.open_browser(driver, expected_wait)\n    \n        # Grab the data\n>       job_details = testutils.get_jobs_selenium()\n\ntests/Test_Selenium_Suite/test_autototal.py:26: \n_ _ _ _ _ _ _ _ _ _ _ _ _ _ _ _ _ _ _ _ _ _ _ _ _ _ _ _ _ _ _ _ _ _ _ _ _ _ _ _ \ntests/Test_Selenium_Suite/seleniumutils.py:77: in get_jobs_selenium\n    self.peviitor.search_company(self.company_name)\ntests/Test_Selenium_Suite/peviitor.py:28: in search_company\n    self.expected_wait.until(EC.presence_of_element_located((By.CSS_SELECTOR , self.search_input_css))).send_keys(company)\n_ _ _ _ _ _ _ _ _ _ _ _ _ _ _ _ _ _ _ _ _ _ _ _ _ _ _ _ _ _ _ _ _ _ _ _ _ _ _ _ \n\nself = <selenium.webdriver.support.wait.WebDriverWait (session=\"26fe97038a5c48802885b40d7cd58d04\")>\nmethod = <function presence_of_element_located.<locals>._predicate at 0x7f33f816fac0>\nmessage = ''\n\n    def until(self, method, message: str = \"\"):\n        \"\"\"Calls the method provided with the driver as an argument until the \\\n        return value does not evaluate to ``False``.\n    \n        :param method: callable(WebDriver)\n        :param message: optional message for :exc:`TimeoutException`\n        :returns: the result of the last call to `method`\n        :raises: :exc:`selenium.common.exceptions.TimeoutException` if timeout occurs\n        \"\"\"\n        screen = None\n        stacktrace = None\n    \n        end_time = time.monotonic() + self._timeout\n        while True:\n            try:\n                value = method(self._driver)\n                if value:\n                    return value\n            except self._ignored_exceptions as exc:\n                screen = getattr(exc, \"screen\", None)\n                stacktrace = getattr(exc, \"stacktrace\", None)\n            time.sleep(self._poll)\n            if time.monotonic() > end_time:\n                break\n>       raise TimeoutException(message, screen, stacktrace)\nE       selenium.common.exceptions.TimeoutException: Message: \nE       Stacktrace:\nE       #0 0x5583ea357eca <unknown>\nE       #1 0x5583ea04145c <unknown>\nE       #2 0x5583ea08d5b5 <unknown>\nE       #3 0x5583ea08d671 <unknown>\nE       #4 0x5583ea0d1f14 <unknown>\nE       #5 0x5583ea0b04dd <unknown>\nE       #6 0x5583ea0cf2cc <unknown>\nE       #7 0x5583ea0b0253 <unknown>\nE       #8 0x5583ea0801c7 <unknown>\nE       #9 0x5583ea080b3e <unknown>\nE       #10 0x5583ea31e30b <unknown>\nE       #11 0x5583ea3223b7 <unknown>\nE       #12 0x5583ea30ae3e <unknown>\nE       #13 0x5583ea322e82 <unknown>\nE       #14 0x5583ea2ef7df <unknown>\nE       #15 0x5583ea3471b8 <unknown>\nE       #16 0x5583ea34738b <unknown>\nE       #17 0x5583ea356ffc <unknown>\nE       #18 0x7fcbe5072609 start_thread\n\n/opt/hostedtoolcache/Python/3.10.14/x64/lib/python3.10/site-packages/selenium-4.10.0-py3.10.egg/selenium/webdriver/support/wait.py:95: TimeoutException"}, "start": 1715923151761, "stop": 1715923151761, "uuid": "bf7ecc56-c361-4a67-8b4f-441363b8ace0", "historyId": "ec866e273137f831b40101b75abb9fd2", "testCaseId": "ec866e273137f831b40101b75abb9fd2", "fullName": "Test_Selenium_Suite.test_autototal#test_autototal_link_ui", "labels": [{"name": "tag", "value": "ui"}, {"name": "tag", "value": "regression"}, {"name": "parentSuite", "value": "Test_Selenium_Suite"}, {"name": "suite", "value": "test_autototal"}, {"name": "host", "value": "fv-az1021-211"}, {"name": "thread", "value": "2285-MainThread"}, {"name": "framework", "value": "pytest"}, {"name": "language", "value": "cpython3"}, {"name": "package", "value": "Test_Selenium_Suite.test_autototal"}]}