{"name": "test_bunge_titles_scraper", "status": "broken", "statusDetails": {"message": "selenium.common.exceptions.TimeoutException: Message: \nStacktrace:\n#0 0x564819e40e43 <unknown>\n#1 0x564819b2f4e7 <unknown>\n#2 0x564819b7a35d <unknown>\n#3 0x564819b7a411 <unknown>\n#4 0x564819bbd774 <unknown>\n#5 0x564819b9c47d <unknown>\n#6 0x564819bbac29 <unknown>\n#7 0x564819b9c1f3 <unknown>\n#8 0x564819b6d28a <unknown>\n#9 0x564819b6dc5e <unknown>\n#10 0x564819e0516b <unknown>\n#11 0x564819e090bb <unknown>\n#12 0x564819df1281 <unknown>\n#13 0x564819e09c22 <unknown>\n#14 0x564819dd613f <unknown>\n#15 0x564819e2ff98 <unknown>\n#16 0x564819e30170 <unknown>\n#17 0x564819e3ff94 <unknown>\n#18 0x7f2d827a8609 start_thread", "trace": "driver = <selenium.webdriver.chrome.webdriver.WebDriver (session=\"22ec87493f0692e792a5368f11c5f6b0\")>\nexpected_wait = <selenium.webdriver.support.wait.WebDriverWait (session=\"22ec87493f0692e792a5368f11c5f6b0\")>\n\n    @pytest.fixture(scope=\"module\")\n    def scrape_ui(driver, expected_wait):\n        # open the browser\n        testutils.open_browser(driver, expected_wait)\n    \n        # Grab the data\n>       job_details = testutils.get_jobs_selenium()\n\ntests/Test_Selenium_Suite/test_bunge.py:26: \n_ _ _ _ _ _ _ _ _ _ _ _ _ _ _ _ _ _ _ _ _ _ _ _ _ _ _ _ _ _ _ _ _ _ _ _ _ _ _ _ \ntests/Test_Selenium_Suite/seleniumutils.py:77: in get_jobs_selenium\n    self.peviitor.search_company(self.company_name)\ntests/Test_Selenium_Suite/peviitor.py:28: in search_company\n    self.expected_wait.until(EC.presence_of_element_located((By.CSS_SELECTOR , self.search_input_css))).send_keys(company)\n_ _ _ _ _ _ _ _ _ _ _ _ _ _ _ _ _ _ _ _ _ _ _ _ _ _ _ _ _ _ _ _ _ _ _ _ _ _ _ _ \n\nself = <selenium.webdriver.support.wait.WebDriverWait (session=\"22ec87493f0692e792a5368f11c5f6b0\")>\nmethod = <function presence_of_element_located.<locals>._predicate at 0x7f08531d6320>\nmessage = ''\n\n    def until(self, method, message: str = \"\"):\n        \"\"\"Calls the method provided with the driver as an argument until the \\\n        return value does not evaluate to ``False``.\n    \n        :param method: callable(WebDriver)\n        :param message: optional message for :exc:`TimeoutException`\n        :returns: the result of the last call to `method`\n        :raises: :exc:`selenium.common.exceptions.TimeoutException` if timeout occurs\n        \"\"\"\n        screen = None\n        stacktrace = None\n    \n        end_time = time.monotonic() + self._timeout\n        while True:\n            try:\n                value = method(self._driver)\n                if value:\n                    return value\n            except self._ignored_exceptions as exc:\n                screen = getattr(exc, \"screen\", None)\n                stacktrace = getattr(exc, \"stacktrace\", None)\n            time.sleep(self._poll)\n            if time.monotonic() > end_time:\n                break\n>       raise TimeoutException(message, screen, stacktrace)\nE       selenium.common.exceptions.TimeoutException: Message: \nE       Stacktrace:\nE       #0 0x564819e40e43 <unknown>\nE       #1 0x564819b2f4e7 <unknown>\nE       #2 0x564819b7a35d <unknown>\nE       #3 0x564819b7a411 <unknown>\nE       #4 0x564819bbd774 <unknown>\nE       #5 0x564819b9c47d <unknown>\nE       #6 0x564819bbac29 <unknown>\nE       #7 0x564819b9c1f3 <unknown>\nE       #8 0x564819b6d28a <unknown>\nE       #9 0x564819b6dc5e <unknown>\nE       #10 0x564819e0516b <unknown>\nE       #11 0x564819e090bb <unknown>\nE       #12 0x564819df1281 <unknown>\nE       #13 0x564819e09c22 <unknown>\nE       #14 0x564819dd613f <unknown>\nE       #15 0x564819e2ff98 <unknown>\nE       #16 0x564819e30170 <unknown>\nE       #17 0x564819e3ff94 <unknown>\nE       #18 0x7f2d827a8609 start_thread\n\n/opt/hostedtoolcache/Python/3.10.14/x64/lib/python3.10/site-packages/selenium-4.10.0-py3.10.egg/selenium/webdriver/support/wait.py:95: TimeoutException"}, "start": 1715577641378, "stop": 1715577641378, "uuid": "e106140d-1017-442e-a108-640e085d2e17", "historyId": "fab9539e611852827b4337ebc179e6ed", "testCaseId": "fab9539e611852827b4337ebc179e6ed", "fullName": "Test_Selenium_Suite.test_bunge#test_bunge_titles_scraper", "labels": [{"name": "tag", "value": "ui"}, {"name": "tag", "value": "regression"}, {"name": "parentSuite", "value": "Test_Selenium_Suite"}, {"name": "suite", "value": "test_bunge"}, {"name": "host", "value": "fv-az1533-130"}, {"name": "thread", "value": "2023-MainThread"}, {"name": "framework", "value": "pytest"}, {"name": "language", "value": "cpython3"}, {"name": "package", "value": "Test_Selenium_Suite.test_bunge"}]}