{"name": "test_c4media_company_ui", "status": "broken", "statusDetails": {"message": "selenium.common.exceptions.TimeoutException: Message: \nStacktrace:\n#0 0x561d41cd6eca <unknown>\n#1 0x561d419c045c <unknown>\n#2 0x561d41a0c5b5 <unknown>\n#3 0x561d41a0c671 <unknown>\n#4 0x561d41a50f14 <unknown>\n#5 0x561d41a2f4dd <unknown>\n#6 0x561d41a4e2cc <unknown>\n#7 0x561d41a2f253 <unknown>\n#8 0x561d419ff1c7 <unknown>\n#9 0x561d419ffb3e <unknown>\n#10 0x561d41c9d30b <unknown>\n#11 0x561d41ca13b7 <unknown>\n#12 0x561d41c89e3e <unknown>\n#13 0x561d41ca1e82 <unknown>\n#14 0x561d41c6e7df <unknown>\n#15 0x561d41cc61b8 <unknown>\n#16 0x561d41cc638b <unknown>\n#17 0x561d41cd5ffc <unknown>\n#18 0x7fd5ef789609 start_thread", "trace": "driver = <selenium.webdriver.chrome.webdriver.WebDriver (session=\"69c70209b58151c9eb4205aad9586f77\")>\nexpected_wait = <selenium.webdriver.support.wait.WebDriverWait (session=\"69c70209b58151c9eb4205aad9586f77\")>\n\n    @pytest.fixture(scope=\"module\")\n    def scrape_ui(driver, expected_wait):\n        # open the browser\n        testutils.open_browser(driver, expected_wait)\n    \n        # Grab the data\n>       job_details = testutils.get_jobs_selenium()\n\ntests/Test_Selenium_Suite/test_c4media.py:26: \n_ _ _ _ _ _ _ _ _ _ _ _ _ _ _ _ _ _ _ _ _ _ _ _ _ _ _ _ _ _ _ _ _ _ _ _ _ _ _ _ \ntests/Test_Selenium_Suite/seleniumutils.py:77: in get_jobs_selenium\n    self.peviitor.search_company(self.company_name)\ntests/Test_Selenium_Suite/peviitor.py:28: in search_company\n    self.expected_wait.until(EC.presence_of_element_located((By.CSS_SELECTOR , self.search_input_css))).send_keys(company)\n_ _ _ _ _ _ _ _ _ _ _ _ _ _ _ _ _ _ _ _ _ _ _ _ _ _ _ _ _ _ _ _ _ _ _ _ _ _ _ _ \n\nself = <selenium.webdriver.support.wait.WebDriverWait (session=\"69c70209b58151c9eb4205aad9586f77\")>\nmethod = <function presence_of_element_located.<locals>._predicate at 0x7f8ddabe0430>\nmessage = ''\n\n    def until(self, method, message: str = \"\"):\n        \"\"\"Calls the method provided with the driver as an argument until the \\\n        return value does not evaluate to ``False``.\n    \n        :param method: callable(WebDriver)\n        :param message: optional message for :exc:`TimeoutException`\n        :returns: the result of the last call to `method`\n        :raises: :exc:`selenium.common.exceptions.TimeoutException` if timeout occurs\n        \"\"\"\n        screen = None\n        stacktrace = None\n    \n        end_time = time.monotonic() + self._timeout\n        while True:\n            try:\n                value = method(self._driver)\n                if value:\n                    return value\n            except self._ignored_exceptions as exc:\n                screen = getattr(exc, \"screen\", None)\n                stacktrace = getattr(exc, \"stacktrace\", None)\n            time.sleep(self._poll)\n            if time.monotonic() > end_time:\n                break\n>       raise TimeoutException(message, screen, stacktrace)\nE       selenium.common.exceptions.TimeoutException: Message: \nE       Stacktrace:\nE       #0 0x561d41cd6eca <unknown>\nE       #1 0x561d419c045c <unknown>\nE       #2 0x561d41a0c5b5 <unknown>\nE       #3 0x561d41a0c671 <unknown>\nE       #4 0x561d41a50f14 <unknown>\nE       #5 0x561d41a2f4dd <unknown>\nE       #6 0x561d41a4e2cc <unknown>\nE       #7 0x561d41a2f253 <unknown>\nE       #8 0x561d419ff1c7 <unknown>\nE       #9 0x561d419ffb3e <unknown>\nE       #10 0x561d41c9d30b <unknown>\nE       #11 0x561d41ca13b7 <unknown>\nE       #12 0x561d41c89e3e <unknown>\nE       #13 0x561d41ca1e82 <unknown>\nE       #14 0x561d41c6e7df <unknown>\nE       #15 0x561d41cc61b8 <unknown>\nE       #16 0x561d41cc638b <unknown>\nE       #17 0x561d41cd5ffc <unknown>\nE       #18 0x7fd5ef789609 start_thread\n\n/opt/hostedtoolcache/Python/3.10.14/x64/lib/python3.10/site-packages/selenium-4.10.0-py3.10.egg/selenium/webdriver/support/wait.py:95: TimeoutException"}, "start": 1716268943431, "stop": 1716268943431, "uuid": "4670614e-3ed7-4eec-8ad2-6430da0b13dc", "historyId": "8d186585b1554fadc8e9085419e7d1e4", "testCaseId": "8d186585b1554fadc8e9085419e7d1e4", "fullName": "Test_Selenium_Suite.test_c4media#test_c4media_company_ui", "labels": [{"name": "tag", "value": "ui"}, {"name": "tag", "value": "regression"}, {"name": "parentSuite", "value": "Test_Selenium_Suite"}, {"name": "suite", "value": "test_c4media"}, {"name": "host", "value": "fv-az696-262"}, {"name": "thread", "value": "2074-MainThread"}, {"name": "framework", "value": "pytest"}, {"name": "language", "value": "cpython3"}, {"name": "package", "value": "Test_Selenium_Suite.test_c4media"}]}