{"name": "test_canamgroup_job_count_ui", "status": "broken", "statusDetails": {"message": "selenium.common.exceptions.TimeoutException: Message: \nStacktrace:\n#0 0x55c1d870ceca <unknown>\n#1 0x55c1d83f645c <unknown>\n#2 0x55c1d84425b5 <unknown>\n#3 0x55c1d8442671 <unknown>\n#4 0x55c1d8486f14 <unknown>\n#5 0x55c1d84654dd <unknown>\n#6 0x55c1d84842cc <unknown>\n#7 0x55c1d8465253 <unknown>\n#8 0x55c1d84351c7 <unknown>\n#9 0x55c1d8435b3e <unknown>\n#10 0x55c1d86d330b <unknown>\n#11 0x55c1d86d73b7 <unknown>\n#12 0x55c1d86bfe3e <unknown>\n#13 0x55c1d86d7e82 <unknown>\n#14 0x55c1d86a47df <unknown>\n#15 0x55c1d86fc1b8 <unknown>\n#16 0x55c1d86fc38b <unknown>\n#17 0x55c1d870bffc <unknown>\n#18 0x7f5e15a1a609 start_thread", "trace": "driver = <selenium.webdriver.chrome.webdriver.WebDriver (session=\"d1bafd13f55159a11c63ddd99e5c7d45\")>\nexpected_wait = <selenium.webdriver.support.wait.WebDriverWait (session=\"d1bafd13f55159a11c63ddd99e5c7d45\")>\n\n    @pytest.fixture(scope=\"module\")\n    def scrape_ui(driver, expected_wait):\n        # open the browser\n        testutils.open_browser(driver, expected_wait)\n    \n        # Grab the data\n>       job_details = testutils.get_jobs_selenium()\n\ntests/Test_Selenium_Suite/test_canamgroup.py:26: \n_ _ _ _ _ _ _ _ _ _ _ _ _ _ _ _ _ _ _ _ _ _ _ _ _ _ _ _ _ _ _ _ _ _ _ _ _ _ _ _ \ntests/Test_Selenium_Suite/seleniumutils.py:77: in get_jobs_selenium\n    self.peviitor.search_company(self.company_name)\ntests/Test_Selenium_Suite/peviitor.py:28: in search_company\n    self.expected_wait.until(EC.presence_of_element_located((By.CSS_SELECTOR , self.search_input_css))).send_keys(company)\n_ _ _ _ _ _ _ _ _ _ _ _ _ _ _ _ _ _ _ _ _ _ _ _ _ _ _ _ _ _ _ _ _ _ _ _ _ _ _ _ \n\nself = <selenium.webdriver.support.wait.WebDriverWait (session=\"d1bafd13f55159a11c63ddd99e5c7d45\")>\nmethod = <function presence_of_element_located.<locals>._predicate at 0x7f6c5c73a440>\nmessage = ''\n\n    def until(self, method, message: str = \"\"):\n        \"\"\"Calls the method provided with the driver as an argument until the \\\n        return value does not evaluate to ``False``.\n    \n        :param method: callable(WebDriver)\n        :param message: optional message for :exc:`TimeoutException`\n        :returns: the result of the last call to `method`\n        :raises: :exc:`selenium.common.exceptions.TimeoutException` if timeout occurs\n        \"\"\"\n        screen = None\n        stacktrace = None\n    \n        end_time = time.monotonic() + self._timeout\n        while True:\n            try:\n                value = method(self._driver)\n                if value:\n                    return value\n            except self._ignored_exceptions as exc:\n                screen = getattr(exc, \"screen\", None)\n                stacktrace = getattr(exc, \"stacktrace\", None)\n            time.sleep(self._poll)\n            if time.monotonic() > end_time:\n                break\n>       raise TimeoutException(message, screen, stacktrace)\nE       selenium.common.exceptions.TimeoutException: Message: \nE       Stacktrace:\nE       #0 0x55c1d870ceca <unknown>\nE       #1 0x55c1d83f645c <unknown>\nE       #2 0x55c1d84425b5 <unknown>\nE       #3 0x55c1d8442671 <unknown>\nE       #4 0x55c1d8486f14 <unknown>\nE       #5 0x55c1d84654dd <unknown>\nE       #6 0x55c1d84842cc <unknown>\nE       #7 0x55c1d8465253 <unknown>\nE       #8 0x55c1d84351c7 <unknown>\nE       #9 0x55c1d8435b3e <unknown>\nE       #10 0x55c1d86d330b <unknown>\nE       #11 0x55c1d86d73b7 <unknown>\nE       #12 0x55c1d86bfe3e <unknown>\nE       #13 0x55c1d86d7e82 <unknown>\nE       #14 0x55c1d86a47df <unknown>\nE       #15 0x55c1d86fc1b8 <unknown>\nE       #16 0x55c1d86fc38b <unknown>\nE       #17 0x55c1d870bffc <unknown>\nE       #18 0x7f5e15a1a609 start_thread\n\n/opt/hostedtoolcache/Python/3.10.14/x64/lib/python3.10/site-packages/selenium-4.10.0-py3.10.egg/selenium/webdriver/support/wait.py:95: TimeoutException"}, "start": 1716182387619, "stop": 1716182387619, "uuid": "afe45987-6368-4964-9cb0-8be649b30cdf", "historyId": "77b9fdb50cfc553b4537efc679d2daa8", "testCaseId": "77b9fdb50cfc553b4537efc679d2daa8", "fullName": "Test_Selenium_Suite.test_canamgroup#test_canamgroup_job_count_ui", "labels": [{"name": "tag", "value": "ui"}, {"name": "tag", "value": "regression"}, {"name": "parentSuite", "value": "Test_Selenium_Suite"}, {"name": "suite", "value": "test_canamgroup"}, {"name": "host", "value": "fv-az1041-271"}, {"name": "thread", "value": "2005-MainThread"}, {"name": "framework", "value": "pytest"}, {"name": "language", "value": "cpython3"}, {"name": "package", "value": "Test_Selenium_Suite.test_canamgroup"}]}