{"name": "test_jumbo_titles_scraper", "status": "broken", "statusDetails": {"message": "selenium.common.exceptions.TimeoutException: Message: \nStacktrace:\n#0 0x55c220936e43 <unknown>\n#1 0x55c2206254e7 <unknown>\n#2 0x55c22067035d <unknown>\n#3 0x55c220670411 <unknown>\n#4 0x55c2206b3774 <unknown>\n#5 0x55c22069247d <unknown>\n#6 0x55c2206b0c29 <unknown>\n#7 0x55c2206921f3 <unknown>\n#8 0x55c22066328a <unknown>\n#9 0x55c220663c5e <unknown>\n#10 0x55c2208fb16b <unknown>\n#11 0x55c2208ff0bb <unknown>\n#12 0x55c2208e7281 <unknown>\n#13 0x55c2208ffc22 <unknown>\n#14 0x55c2208cc13f <unknown>\n#15 0x55c220925f98 <unknown>\n#16 0x55c220926170 <unknown>\n#17 0x55c220935f94 <unknown>\n#18 0x7fd7b568d609 start_thread", "trace": "driver = <selenium.webdriver.chrome.webdriver.WebDriver (session=\"e370b4620e2333b25b49ce46e6752d71\")>\nexpected_wait = <selenium.webdriver.support.wait.WebDriverWait (session=\"e370b4620e2333b25b49ce46e6752d71\")>\n\n    @pytest.fixture(scope=\"module\")\n    def scrape_ui(driver, expected_wait):\n        # open the browser\n        testutils.open_browser(driver, expected_wait)\n    \n        # Grab the data\n>       job_details = testutils.get_jobs_selenium()\n\ntests/Test_Selenium_Suite/test_jumbo.py:26: \n_ _ _ _ _ _ _ _ _ _ _ _ _ _ _ _ _ _ _ _ _ _ _ _ _ _ _ _ _ _ _ _ _ _ _ _ _ _ _ _ \ntests/Test_Selenium_Suite/seleniumutils.py:77: in get_jobs_selenium\n    self.peviitor.search_company(self.company_name)\ntests/Test_Selenium_Suite/peviitor.py:28: in search_company\n    self.expected_wait.until(EC.presence_of_element_located((By.CSS_SELECTOR , self.search_input_css))).send_keys(company)\n_ _ _ _ _ _ _ _ _ _ _ _ _ _ _ _ _ _ _ _ _ _ _ _ _ _ _ _ _ _ _ _ _ _ _ _ _ _ _ _ \n\nself = <selenium.webdriver.support.wait.WebDriverWait (session=\"e370b4620e2333b25b49ce46e6752d71\")>\nmethod = <function presence_of_element_located.<locals>._predicate at 0x7f869a8fa170>\nmessage = ''\n\n    def until(self, method, message: str = \"\"):\n        \"\"\"Calls the method provided with the driver as an argument until the \\\n        return value does not evaluate to ``False``.\n    \n        :param method: callable(WebDriver)\n        :param message: optional message for :exc:`TimeoutException`\n        :returns: the result of the last call to `method`\n        :raises: :exc:`selenium.common.exceptions.TimeoutException` if timeout occurs\n        \"\"\"\n        screen = None\n        stacktrace = None\n    \n        end_time = time.monotonic() + self._timeout\n        while True:\n            try:\n                value = method(self._driver)\n                if value:\n                    return value\n            except self._ignored_exceptions as exc:\n                screen = getattr(exc, \"screen\", None)\n                stacktrace = getattr(exc, \"stacktrace\", None)\n            time.sleep(self._poll)\n            if time.monotonic() > end_time:\n                break\n>       raise TimeoutException(message, screen, stacktrace)\nE       selenium.common.exceptions.TimeoutException: Message: \nE       Stacktrace:\nE       #0 0x55c220936e43 <unknown>\nE       #1 0x55c2206254e7 <unknown>\nE       #2 0x55c22067035d <unknown>\nE       #3 0x55c220670411 <unknown>\nE       #4 0x55c2206b3774 <unknown>\nE       #5 0x55c22069247d <unknown>\nE       #6 0x55c2206b0c29 <unknown>\nE       #7 0x55c2206921f3 <unknown>\nE       #8 0x55c22066328a <unknown>\nE       #9 0x55c220663c5e <unknown>\nE       #10 0x55c2208fb16b <unknown>\nE       #11 0x55c2208ff0bb <unknown>\nE       #12 0x55c2208e7281 <unknown>\nE       #13 0x55c2208ffc22 <unknown>\nE       #14 0x55c2208cc13f <unknown>\nE       #15 0x55c220925f98 <unknown>\nE       #16 0x55c220926170 <unknown>\nE       #17 0x55c220935f94 <unknown>\nE       #18 0x7fd7b568d609 start_thread\n\n/opt/hostedtoolcache/Python/3.10.14/x64/lib/python3.10/site-packages/selenium-4.10.0-py3.10.egg/selenium/webdriver/support/wait.py:95: TimeoutException"}, "start": 1715491227491, "stop": 1715491227491, "uuid": "a43ac70d-f65a-4eee-8c24-23a467efe348", "historyId": "d7a9bef952649b1f60c9ff6b665fff65", "testCaseId": "d7a9bef952649b1f60c9ff6b665fff65", "fullName": "Test_Selenium_Suite.test_jumbo#test_jumbo_titles_scraper", "labels": [{"name": "tag", "value": "ui"}, {"name": "tag", "value": "regression"}, {"name": "parentSuite", "value": "Test_Selenium_Suite"}, {"name": "suite", "value": "test_jumbo"}, {"name": "host", "value": "fv-az519-180"}, {"name": "thread", "value": "2283-MainThread"}, {"name": "framework", "value": "pytest"}, {"name": "language", "value": "cpython3"}, {"name": "package", "value": "Test_Selenium_Suite.test_jumbo"}]}