{"name": "test_bunge_company_ui", "status": "broken", "statusDetails": {"message": "selenium.common.exceptions.TimeoutException: Message: \nStacktrace:\n#0 0x558789499eca <unknown>\n#1 0x55878918345c <unknown>\n#2 0x5587891cf5b5 <unknown>\n#3 0x5587891cf671 <unknown>\n#4 0x558789213f14 <unknown>\n#5 0x5587891f24dd <unknown>\n#6 0x5587892112cc <unknown>\n#7 0x5587891f2253 <unknown>\n#8 0x5587891c21c7 <unknown>\n#9 0x5587891c2b3e <unknown>\n#10 0x55878946030b <unknown>\n#11 0x5587894643b7 <unknown>\n#12 0x55878944ce3e <unknown>\n#13 0x558789464e82 <unknown>\n#14 0x5587894317df <unknown>\n#15 0x5587894891b8 <unknown>\n#16 0x55878948938b <unknown>\n#17 0x558789498ffc <unknown>\n#18 0x7fbe4b4c6609 start_thread", "trace": "driver = <selenium.webdriver.chrome.webdriver.WebDriver (session=\"2b0415635e60124d9523cbec3c4c85a9\")>\nexpected_wait = <selenium.webdriver.support.wait.WebDriverWait (session=\"2b0415635e60124d9523cbec3c4c85a9\")>\n\n    @pytest.fixture(scope=\"module\")\n    def scrape_ui(driver, expected_wait):\n        # open the browser\n        testutils.open_browser(driver, expected_wait)\n    \n        # Grab the data\n>       job_details = testutils.get_jobs_selenium()\n\ntests/Test_Selenium_Suite/test_bunge.py:26: \n_ _ _ _ _ _ _ _ _ _ _ _ _ _ _ _ _ _ _ _ _ _ _ _ _ _ _ _ _ _ _ _ _ _ _ _ _ _ _ _ \ntests/Test_Selenium_Suite/seleniumutils.py:77: in get_jobs_selenium\n    self.peviitor.search_company(self.company_name)\ntests/Test_Selenium_Suite/peviitor.py:28: in search_company\n    self.expected_wait.until(EC.presence_of_element_located((By.CSS_SELECTOR , self.search_input_css))).send_keys(company)\n_ _ _ _ _ _ _ _ _ _ _ _ _ _ _ _ _ _ _ _ _ _ _ _ _ _ _ _ _ _ _ _ _ _ _ _ _ _ _ _ \n\nself = <selenium.webdriver.support.wait.WebDriverWait (session=\"2b0415635e60124d9523cbec3c4c85a9\")>\nmethod = <function presence_of_element_located.<locals>._predicate at 0x7f6c5c9b2cb0>\nmessage = ''\n\n    def until(self, method, message: str = \"\"):\n        \"\"\"Calls the method provided with the driver as an argument until the \\\n        return value does not evaluate to ``False``.\n    \n        :param method: callable(WebDriver)\n        :param message: optional message for :exc:`TimeoutException`\n        :returns: the result of the last call to `method`\n        :raises: :exc:`selenium.common.exceptions.TimeoutException` if timeout occurs\n        \"\"\"\n        screen = None\n        stacktrace = None\n    \n        end_time = time.monotonic() + self._timeout\n        while True:\n            try:\n                value = method(self._driver)\n                if value:\n                    return value\n            except self._ignored_exceptions as exc:\n                screen = getattr(exc, \"screen\", None)\n                stacktrace = getattr(exc, \"stacktrace\", None)\n            time.sleep(self._poll)\n            if time.monotonic() > end_time:\n                break\n>       raise TimeoutException(message, screen, stacktrace)\nE       selenium.common.exceptions.TimeoutException: Message: \nE       Stacktrace:\nE       #0 0x558789499eca <unknown>\nE       #1 0x55878918345c <unknown>\nE       #2 0x5587891cf5b5 <unknown>\nE       #3 0x5587891cf671 <unknown>\nE       #4 0x558789213f14 <unknown>\nE       #5 0x5587891f24dd <unknown>\nE       #6 0x5587892112cc <unknown>\nE       #7 0x5587891f2253 <unknown>\nE       #8 0x5587891c21c7 <unknown>\nE       #9 0x5587891c2b3e <unknown>\nE       #10 0x55878946030b <unknown>\nE       #11 0x5587894643b7 <unknown>\nE       #12 0x55878944ce3e <unknown>\nE       #13 0x558789464e82 <unknown>\nE       #14 0x5587894317df <unknown>\nE       #15 0x5587894891b8 <unknown>\nE       #16 0x55878948938b <unknown>\nE       #17 0x558789498ffc <unknown>\nE       #18 0x7fbe4b4c6609 start_thread\n\n/opt/hostedtoolcache/Python/3.10.14/x64/lib/python3.10/site-packages/selenium-4.10.0-py3.10.egg/selenium/webdriver/support/wait.py:95: TimeoutException"}, "start": 1716182376364, "stop": 1716182376364, "uuid": "14a31f6a-789d-41ca-9378-77e0eb515ac5", "historyId": "666d818c0f4dd3fa02b67ae48f526341", "testCaseId": "666d818c0f4dd3fa02b67ae48f526341", "fullName": "Test_Selenium_Suite.test_bunge#test_bunge_company_ui", "labels": [{"name": "tag", "value": "ui"}, {"name": "tag", "value": "regression"}, {"name": "parentSuite", "value": "Test_Selenium_Suite"}, {"name": "suite", "value": "test_bunge"}, {"name": "host", "value": "fv-az1041-271"}, {"name": "thread", "value": "2005-MainThread"}, {"name": "framework", "value": "pytest"}, {"name": "language", "value": "cpython3"}, {"name": "package", "value": "Test_Selenium_Suite.test_bunge"}]}