{"name": "test_agilefreaks_job_count_ui", "status": "broken", "statusDetails": {"message": "selenium.common.exceptions.TimeoutException: Message: \nStacktrace:\n#0 0x55cc6231ce43 <unknown>\n#1 0x55cc6200b4e7 <unknown>\n#2 0x55cc6205635d <unknown>\n#3 0x55cc62056411 <unknown>\n#4 0x55cc62099774 <unknown>\n#5 0x55cc6207847d <unknown>\n#6 0x55cc62096c29 <unknown>\n#7 0x55cc620781f3 <unknown>\n#8 0x55cc6204928a <unknown>\n#9 0x55cc62049c5e <unknown>\n#10 0x55cc622e116b <unknown>\n#11 0x55cc622e50bb <unknown>\n#12 0x55cc622cd281 <unknown>\n#13 0x55cc622e5c22 <unknown>\n#14 0x55cc622b213f <unknown>\n#15 0x55cc6230bf98 <unknown>\n#16 0x55cc6230c170 <unknown>\n#17 0x55cc6231bf94 <unknown>\n#18 0x7fd669565609 start_thread", "trace": "driver = <selenium.webdriver.chrome.webdriver.WebDriver (session=\"93b97a9c2d94a21e2d3d1a62bd37c6e4\")>\nexpected_wait = <selenium.webdriver.support.wait.WebDriverWait (session=\"93b97a9c2d94a21e2d3d1a62bd37c6e4\")>\n\n    @pytest.fixture(scope=\"module\")\n    def scrape_ui(driver, expected_wait):\n        # open the browser\n        testutils.open_browser(driver, expected_wait)\n    \n        # Grab the data\n>       job_details = testutils.get_jobs_selenium()\n\ntests/Test_Selenium_Suite/test_agilefreaks.py:26: \n_ _ _ _ _ _ _ _ _ _ _ _ _ _ _ _ _ _ _ _ _ _ _ _ _ _ _ _ _ _ _ _ _ _ _ _ _ _ _ _ \ntests/Test_Selenium_Suite/seleniumutils.py:77: in get_jobs_selenium\n    self.peviitor.search_company(self.company_name)\ntests/Test_Selenium_Suite/peviitor.py:28: in search_company\n    self.expected_wait.until(EC.presence_of_element_located((By.CSS_SELECTOR , self.search_input_css))).send_keys(company)\n_ _ _ _ _ _ _ _ _ _ _ _ _ _ _ _ _ _ _ _ _ _ _ _ _ _ _ _ _ _ _ _ _ _ _ _ _ _ _ _ \n\nself = <selenium.webdriver.support.wait.WebDriverWait (session=\"93b97a9c2d94a21e2d3d1a62bd37c6e4\")>\nmethod = <function presence_of_element_located.<locals>._predicate at 0x7f085322c700>\nmessage = ''\n\n    def until(self, method, message: str = \"\"):\n        \"\"\"Calls the method provided with the driver as an argument until the \\\n        return value does not evaluate to ``False``.\n    \n        :param method: callable(WebDriver)\n        :param message: optional message for :exc:`TimeoutException`\n        :returns: the result of the last call to `method`\n        :raises: :exc:`selenium.common.exceptions.TimeoutException` if timeout occurs\n        \"\"\"\n        screen = None\n        stacktrace = None\n    \n        end_time = time.monotonic() + self._timeout\n        while True:\n            try:\n                value = method(self._driver)\n                if value:\n                    return value\n            except self._ignored_exceptions as exc:\n                screen = getattr(exc, \"screen\", None)\n                stacktrace = getattr(exc, \"stacktrace\", None)\n            time.sleep(self._poll)\n            if time.monotonic() > end_time:\n                break\n>       raise TimeoutException(message, screen, stacktrace)\nE       selenium.common.exceptions.TimeoutException: Message: \nE       Stacktrace:\nE       #0 0x55cc6231ce43 <unknown>\nE       #1 0x55cc6200b4e7 <unknown>\nE       #2 0x55cc6205635d <unknown>\nE       #3 0x55cc62056411 <unknown>\nE       #4 0x55cc62099774 <unknown>\nE       #5 0x55cc6207847d <unknown>\nE       #6 0x55cc62096c29 <unknown>\nE       #7 0x55cc620781f3 <unknown>\nE       #8 0x55cc6204928a <unknown>\nE       #9 0x55cc62049c5e <unknown>\nE       #10 0x55cc622e116b <unknown>\nE       #11 0x55cc622e50bb <unknown>\nE       #12 0x55cc622cd281 <unknown>\nE       #13 0x55cc622e5c22 <unknown>\nE       #14 0x55cc622b213f <unknown>\nE       #15 0x55cc6230bf98 <unknown>\nE       #16 0x55cc6230c170 <unknown>\nE       #17 0x55cc6231bf94 <unknown>\nE       #18 0x7fd669565609 start_thread\n\n/opt/hostedtoolcache/Python/3.10.14/x64/lib/python3.10/site-packages/selenium-4.10.0-py3.10.egg/selenium/webdriver/support/wait.py:95: TimeoutException"}, "start": 1715577568718, "stop": 1715577568718, "uuid": "bff3123f-3281-4602-b402-be500a8279c8", "historyId": "047a69a58a2cf29ac4128d3472fa47fa", "testCaseId": "047a69a58a2cf29ac4128d3472fa47fa", "fullName": "Test_Selenium_Suite.test_agilefreaks#test_agilefreaks_job_count_ui", "labels": [{"name": "tag", "value": "ui"}, {"name": "tag", "value": "regression"}, {"name": "parentSuite", "value": "Test_Selenium_Suite"}, {"name": "suite", "value": "test_agilefreaks"}, {"name": "host", "value": "fv-az1533-130"}, {"name": "thread", "value": "2023-MainThread"}, {"name": "framework", "value": "pytest"}, {"name": "language", "value": "cpython3"}, {"name": "package", "value": "Test_Selenium_Suite.test_agilefreaks"}]}