{"name": "test_agilefreaks_titles_scraper", "status": "broken", "statusDetails": {"message": "selenium.common.exceptions.TimeoutException: Message: \nStacktrace:\n#0 0x561545130dc3 <unknown>\n#1 0x561544e1f4e7 <unknown>\n#2 0x561544e6a35d <unknown>\n#3 0x561544e6a411 <unknown>\n#4 0x561544ead774 <unknown>\n#5 0x561544e8c47d <unknown>\n#6 0x561544eaac29 <unknown>\n#7 0x561544e8c1f3 <unknown>\n#8 0x561544e5d28a <unknown>\n#9 0x561544e5dc5e <unknown>\n#10 0x5615450f50eb <unknown>\n#11 0x5615450f903b <unknown>\n#12 0x5615450e1201 <unknown>\n#13 0x5615450f9ba2 <unknown>\n#14 0x5615450c60bf <unknown>\n#15 0x56154511ff18 <unknown>\n#16 0x5615451200f0 <unknown>\n#17 0x56154512ff14 <unknown>\n#18 0x7fc2d04cd609 start_thread", "trace": "driver = <selenium.webdriver.chrome.webdriver.WebDriver (session=\"8a731a54b411cc1b9ba23683227a6a4e\")>\nexpected_wait = <selenium.webdriver.support.wait.WebDriverWait (session=\"8a731a54b411cc1b9ba23683227a6a4e\")>\n\n    @pytest.fixture(scope=\"module\")\n    def scrape_ui(driver, expected_wait):\n        # open the browser\n        testutils.open_browser(driver, expected_wait)\n    \n        # Grab the data\n>       job_details = testutils.get_jobs_selenium()\n\ntests/Test_Selenium_Suite/test_agilefreaks.py:26: \n_ _ _ _ _ _ _ _ _ _ _ _ _ _ _ _ _ _ _ _ _ _ _ _ _ _ _ _ _ _ _ _ _ _ _ _ _ _ _ _ \ntests/Test_Selenium_Suite/seleniumutils.py:77: in get_jobs_selenium\n    self.peviitor.search_company(self.company_name)\ntests/Test_Selenium_Suite/peviitor.py:28: in search_company\n    self.expected_wait.until(EC.presence_of_element_located((By.CSS_SELECTOR , self.search_input_css))).send_keys(company)\n_ _ _ _ _ _ _ _ _ _ _ _ _ _ _ _ _ _ _ _ _ _ _ _ _ _ _ _ _ _ _ _ _ _ _ _ _ _ _ _ \n\nself = <selenium.webdriver.support.wait.WebDriverWait (session=\"8a731a54b411cc1b9ba23683227a6a4e\")>\nmethod = <function presence_of_element_located.<locals>._predicate at 0x7f809a50f5b0>\nmessage = ''\n\n    def until(self, method, message: str = \"\"):\n        \"\"\"Calls the method provided with the driver as an argument until the \\\n        return value does not evaluate to ``False``.\n    \n        :param method: callable(WebDriver)\n        :param message: optional message for :exc:`TimeoutException`\n        :returns: the result of the last call to `method`\n        :raises: :exc:`selenium.common.exceptions.TimeoutException` if timeout occurs\n        \"\"\"\n        screen = None\n        stacktrace = None\n    \n        end_time = time.monotonic() + self._timeout\n        while True:\n            try:\n                value = method(self._driver)\n                if value:\n                    return value\n            except self._ignored_exceptions as exc:\n                screen = getattr(exc, \"screen\", None)\n                stacktrace = getattr(exc, \"stacktrace\", None)\n            time.sleep(self._poll)\n            if time.monotonic() > end_time:\n                break\n>       raise TimeoutException(message, screen, stacktrace)\nE       selenium.common.exceptions.TimeoutException: Message: \nE       Stacktrace:\nE       #0 0x561545130dc3 <unknown>\nE       #1 0x561544e1f4e7 <unknown>\nE       #2 0x561544e6a35d <unknown>\nE       #3 0x561544e6a411 <unknown>\nE       #4 0x561544ead774 <unknown>\nE       #5 0x561544e8c47d <unknown>\nE       #6 0x561544eaac29 <unknown>\nE       #7 0x561544e8c1f3 <unknown>\nE       #8 0x561544e5d28a <unknown>\nE       #9 0x561544e5dc5e <unknown>\nE       #10 0x5615450f50eb <unknown>\nE       #11 0x5615450f903b <unknown>\nE       #12 0x5615450e1201 <unknown>\nE       #13 0x5615450f9ba2 <unknown>\nE       #14 0x5615450c60bf <unknown>\nE       #15 0x56154511ff18 <unknown>\nE       #16 0x5615451200f0 <unknown>\nE       #17 0x56154512ff14 <unknown>\nE       #18 0x7fc2d04cd609 start_thread\n\n/opt/hostedtoolcache/Python/3.10.14/x64/lib/python3.10/site-packages/selenium-4.10.0-py3.10.egg/selenium/webdriver/support/wait.py:95: TimeoutException"}, "start": 1715663862495, "stop": 1715663862495, "uuid": "78169d78-42e8-47bf-b889-1cff417c0ee2", "historyId": "9586cb6d5dde59a55860e2549a4b3258", "testCaseId": "9586cb6d5dde59a55860e2549a4b3258", "fullName": "Test_Selenium_Suite.test_agilefreaks#test_agilefreaks_titles_scraper", "labels": [{"name": "tag", "value": "ui"}, {"name": "tag", "value": "regression"}, {"name": "parentSuite", "value": "Test_Selenium_Suite"}, {"name": "suite", "value": "test_agilefreaks"}, {"name": "host", "value": "fv-az1491-517"}, {"name": "thread", "value": "2032-MainThread"}, {"name": "framework", "value": "pytest"}, {"name": "language", "value": "cpython3"}, {"name": "package", "value": "Test_Selenium_Suite.test_agilefreaks"}]}