{"name": "test_autototal_titles_scraper", "status": "broken", "statusDetails": {"message": "selenium.common.exceptions.TimeoutException: Message: \nStacktrace:\n#0 0x55a123ea1eca <unknown>\n#1 0x55a123b8b45c <unknown>\n#2 0x55a123bd75b5 <unknown>\n#3 0x55a123bd7671 <unknown>\n#4 0x55a123c1bf14 <unknown>\n#5 0x55a123bfa4dd <unknown>\n#6 0x55a123c192cc <unknown>\n#7 0x55a123bfa253 <unknown>\n#8 0x55a123bca1c7 <unknown>\n#9 0x55a123bcab3e <unknown>\n#10 0x55a123e6830b <unknown>\n#11 0x55a123e6c3b7 <unknown>\n#12 0x55a123e54e3e <unknown>\n#13 0x55a123e6ce82 <unknown>\n#14 0x55a123e397df <unknown>\n#15 0x55a123e911b8 <unknown>\n#16 0x55a123e9138b <unknown>\n#17 0x55a123ea0ffc <unknown>\n#18 0x7f6454a07609 start_thread", "trace": "driver = <selenium.webdriver.chrome.webdriver.WebDriver (session=\"a479533fa1297705c9500e2d9c9dd419\")>\nexpected_wait = <selenium.webdriver.support.wait.WebDriverWait (session=\"a479533fa1297705c9500e2d9c9dd419\")>\n\n    @pytest.fixture(scope=\"module\")\n    def scrape_ui(driver, expected_wait):\n        # open the browser\n        testutils.open_browser(driver, expected_wait)\n    \n        # Grab the data\n>       job_details = testutils.get_jobs_selenium()\n\ntests/Test_Selenium_Suite/test_autototal.py:26: \n_ _ _ _ _ _ _ _ _ _ _ _ _ _ _ _ _ _ _ _ _ _ _ _ _ _ _ _ _ _ _ _ _ _ _ _ _ _ _ _ \ntests/Test_Selenium_Suite/seleniumutils.py:77: in get_jobs_selenium\n    self.peviitor.search_company(self.company_name)\ntests/Test_Selenium_Suite/peviitor.py:28: in search_company\n    self.expected_wait.until(EC.presence_of_element_located((By.CSS_SELECTOR , self.search_input_css))).send_keys(company)\n_ _ _ _ _ _ _ _ _ _ _ _ _ _ _ _ _ _ _ _ _ _ _ _ _ _ _ _ _ _ _ _ _ _ _ _ _ _ _ _ \n\nself = <selenium.webdriver.support.wait.WebDriverWait (session=\"a479533fa1297705c9500e2d9c9dd419\")>\nmethod = <function presence_of_element_located.<locals>._predicate at 0x7fa1d0ef11b0>\nmessage = ''\n\n    def until(self, method, message: str = \"\"):\n        \"\"\"Calls the method provided with the driver as an argument until the \\\n        return value does not evaluate to ``False``.\n    \n        :param method: callable(WebDriver)\n        :param message: optional message for :exc:`TimeoutException`\n        :returns: the result of the last call to `method`\n        :raises: :exc:`selenium.common.exceptions.TimeoutException` if timeout occurs\n        \"\"\"\n        screen = None\n        stacktrace = None\n    \n        end_time = time.monotonic() + self._timeout\n        while True:\n            try:\n                value = method(self._driver)\n                if value:\n                    return value\n            except self._ignored_exceptions as exc:\n                screen = getattr(exc, \"screen\", None)\n                stacktrace = getattr(exc, \"stacktrace\", None)\n            time.sleep(self._poll)\n            if time.monotonic() > end_time:\n                break\n>       raise TimeoutException(message, screen, stacktrace)\nE       selenium.common.exceptions.TimeoutException: Message: \nE       Stacktrace:\nE       #0 0x55a123ea1eca <unknown>\nE       #1 0x55a123b8b45c <unknown>\nE       #2 0x55a123bd75b5 <unknown>\nE       #3 0x55a123bd7671 <unknown>\nE       #4 0x55a123c1bf14 <unknown>\nE       #5 0x55a123bfa4dd <unknown>\nE       #6 0x55a123c192cc <unknown>\nE       #7 0x55a123bfa253 <unknown>\nE       #8 0x55a123bca1c7 <unknown>\nE       #9 0x55a123bcab3e <unknown>\nE       #10 0x55a123e6830b <unknown>\nE       #11 0x55a123e6c3b7 <unknown>\nE       #12 0x55a123e54e3e <unknown>\nE       #13 0x55a123e6ce82 <unknown>\nE       #14 0x55a123e397df <unknown>\nE       #15 0x55a123e911b8 <unknown>\nE       #16 0x55a123e9138b <unknown>\nE       #17 0x55a123ea0ffc <unknown>\nE       #18 0x7f6454a07609 start_thread\n\n/opt/hostedtoolcache/Python/3.10.14/x64/lib/python3.10/site-packages/selenium-4.10.0-py3.10.egg/selenium/webdriver/support/wait.py:95: TimeoutException"}, "start": 1716009483327, "stop": 1716009483327, "uuid": "9f537dbb-79f2-42f3-ab7f-519830f74751", "historyId": "99c542385e698d48b0f0a676038cc848", "testCaseId": "99c542385e698d48b0f0a676038cc848", "fullName": "Test_Selenium_Suite.test_autototal#test_autototal_titles_scraper", "labels": [{"name": "tag", "value": "ui"}, {"name": "tag", "value": "regression"}, {"name": "parentSuite", "value": "Test_Selenium_Suite"}, {"name": "suite", "value": "test_autototal"}, {"name": "host", "value": "fv-az839-501"}, {"name": "thread", "value": "2295-MainThread"}, {"name": "framework", "value": "pytest"}, {"name": "language", "value": "cpython3"}, {"name": "package", "value": "Test_Selenium_Suite.test_autototal"}]}