{"name": "test_canamgroup_link_ui", "status": "broken", "statusDetails": {"message": "selenium.common.exceptions.TimeoutException: Message: \nStacktrace:\n#0 0x5645941d2e9a <unknown>\n#1 0x564593ebc45c <unknown>\n#2 0x564593f085b5 <unknown>\n#3 0x564593f08671 <unknown>\n#4 0x564593f4cf14 <unknown>\n#5 0x564593f2b4dd <unknown>\n#6 0x564593f4a2cc <unknown>\n#7 0x564593f2b253 <unknown>\n#8 0x564593efb1c7 <unknown>\n#9 0x564593efbb3e <unknown>\n#10 0x5645941992db <unknown>\n#11 0x56459419d387 <unknown>\n#12 0x564594185e0e <unknown>\n#13 0x56459419de52 <unknown>\n#14 0x56459416a7af <unknown>\n#15 0x5645941c2188 <unknown>\n#16 0x5645941c235b <unknown>\n#17 0x5645941d1fcc <unknown>\n#18 0x7ff3ff206609 start_thread", "trace": "driver = <selenium.webdriver.chrome.webdriver.WebDriver (session=\"40d9dff3a66830b9fa11b25edfbf18ca\")>\nexpected_wait = <selenium.webdriver.support.wait.WebDriverWait (session=\"40d9dff3a66830b9fa11b25edfbf18ca\")>\n\n    @pytest.fixture(scope=\"module\")\n    def scrape_ui(driver, expected_wait):\n        # open the browser\n        testutils.open_browser(driver, expected_wait)\n    \n        # Grab the data\n>       job_details = testutils.get_jobs_selenium()\n\ntests/Test_Selenium_Suite/test_canamgroup.py:26: \n_ _ _ _ _ _ _ _ _ _ _ _ _ _ _ _ _ _ _ _ _ _ _ _ _ _ _ _ _ _ _ _ _ _ _ _ _ _ _ _ \ntests/Test_Selenium_Suite/seleniumutils.py:77: in get_jobs_selenium\n    self.peviitor.search_company(self.company_name)\ntests/Test_Selenium_Suite/peviitor.py:28: in search_company\n    self.expected_wait.until(EC.presence_of_element_located((By.CSS_SELECTOR , self.search_input_css))).send_keys(company)\n_ _ _ _ _ _ _ _ _ _ _ _ _ _ _ _ _ _ _ _ _ _ _ _ _ _ _ _ _ _ _ _ _ _ _ _ _ _ _ _ \n\nself = <selenium.webdriver.support.wait.WebDriverWait (session=\"40d9dff3a66830b9fa11b25edfbf18ca\")>\nmethod = <function presence_of_element_located.<locals>._predicate at 0x7faaa0e31000>\nmessage = ''\n\n    def until(self, method, message: str = \"\"):\n        \"\"\"Calls the method provided with the driver as an argument until the \\\n        return value does not evaluate to ``False``.\n    \n        :param method: callable(WebDriver)\n        :param message: optional message for :exc:`TimeoutException`\n        :returns: the result of the last call to `method`\n        :raises: :exc:`selenium.common.exceptions.TimeoutException` if timeout occurs\n        \"\"\"\n        screen = None\n        stacktrace = None\n    \n        end_time = time.monotonic() + self._timeout\n        while True:\n            try:\n                value = method(self._driver)\n                if value:\n                    return value\n            except self._ignored_exceptions as exc:\n                screen = getattr(exc, \"screen\", None)\n                stacktrace = getattr(exc, \"stacktrace\", None)\n            time.sleep(self._poll)\n            if time.monotonic() > end_time:\n                break\n>       raise TimeoutException(message, screen, stacktrace)\nE       selenium.common.exceptions.TimeoutException: Message: \nE       Stacktrace:\nE       #0 0x5645941d2e9a <unknown>\nE       #1 0x564593ebc45c <unknown>\nE       #2 0x564593f085b5 <unknown>\nE       #3 0x564593f08671 <unknown>\nE       #4 0x564593f4cf14 <unknown>\nE       #5 0x564593f2b4dd <unknown>\nE       #6 0x564593f4a2cc <unknown>\nE       #7 0x564593f2b253 <unknown>\nE       #8 0x564593efb1c7 <unknown>\nE       #9 0x564593efbb3e <unknown>\nE       #10 0x5645941992db <unknown>\nE       #11 0x56459419d387 <unknown>\nE       #12 0x564594185e0e <unknown>\nE       #13 0x56459419de52 <unknown>\nE       #14 0x56459416a7af <unknown>\nE       #15 0x5645941c2188 <unknown>\nE       #16 0x5645941c235b <unknown>\nE       #17 0x5645941d1fcc <unknown>\nE       #18 0x7ff3ff206609 start_thread\n\n/opt/hostedtoolcache/Python/3.10.14/x64/lib/python3.10/site-packages/selenium-4.10.0-py3.10.egg/selenium/webdriver/support/wait.py:95: TimeoutException"}, "start": 1716355547849, "stop": 1716355547849, "uuid": "559f4747-e9e9-44cb-b119-c981b00b3e91", "historyId": "fed7a68a6ae420aea8984538d41a4c5b", "testCaseId": "fed7a68a6ae420aea8984538d41a4c5b", "fullName": "Test_Selenium_Suite.test_canamgroup#test_canamgroup_link_ui", "labels": [{"name": "tag", "value": "ui"}, {"name": "tag", "value": "regression"}, {"name": "parentSuite", "value": "Test_Selenium_Suite"}, {"name": "suite", "value": "test_canamgroup"}, {"name": "host", "value": "fv-az800-161"}, {"name": "thread", "value": "2304-MainThread"}, {"name": "framework", "value": "pytest"}, {"name": "language", "value": "cpython3"}, {"name": "package", "value": "Test_Selenium_Suite.test_canamgroup"}]}