{"name": "test_bitpanda_company_ui", "status": "broken", "statusDetails": {"message": "selenium.common.exceptions.TimeoutException: Message: \nStacktrace:\n#0 0x55a27d331eca <unknown>\n#1 0x55a27d01b45c <unknown>\n#2 0x55a27d0675b5 <unknown>\n#3 0x55a27d067671 <unknown>\n#4 0x55a27d0abf14 <unknown>\n#5 0x55a27d08a4dd <unknown>\n#6 0x55a27d0a92cc <unknown>\n#7 0x55a27d08a253 <unknown>\n#8 0x55a27d05a1c7 <unknown>\n#9 0x55a27d05ab3e <unknown>\n#10 0x55a27d2f830b <unknown>\n#11 0x55a27d2fc3b7 <unknown>\n#12 0x55a27d2e4e3e <unknown>\n#13 0x55a27d2fce82 <unknown>\n#14 0x55a27d2c97df <unknown>\n#15 0x55a27d3211b8 <unknown>\n#16 0x55a27d32138b <unknown>\n#17 0x55a27d330ffc <unknown>\n#18 0x7f2bfd1c0609 start_thread", "trace": "driver = <selenium.webdriver.chrome.webdriver.WebDriver (session=\"91ca87a8279e9801519ff06e094955f5\")>\nexpected_wait = <selenium.webdriver.support.wait.WebDriverWait (session=\"91ca87a8279e9801519ff06e094955f5\")>\n\n    @pytest.fixture(scope=\"module\")\n    def scrape_ui(driver, expected_wait):\n        # open the browser\n        testutils.open_browser(driver, expected_wait)\n    \n        # Grab the data\n>       job_details = testutils.get_jobs_selenium()\n\ntests/Test_Selenium_Suite/test_bitpanda.py:26: \n_ _ _ _ _ _ _ _ _ _ _ _ _ _ _ _ _ _ _ _ _ _ _ _ _ _ _ _ _ _ _ _ _ _ _ _ _ _ _ _ \ntests/Test_Selenium_Suite/seleniumutils.py:77: in get_jobs_selenium\n    self.peviitor.search_company(self.company_name)\ntests/Test_Selenium_Suite/peviitor.py:28: in search_company\n    self.expected_wait.until(EC.presence_of_element_located((By.CSS_SELECTOR , self.search_input_css))).send_keys(company)\n_ _ _ _ _ _ _ _ _ _ _ _ _ _ _ _ _ _ _ _ _ _ _ _ _ _ _ _ _ _ _ _ _ _ _ _ _ _ _ _ \n\nself = <selenium.webdriver.support.wait.WebDriverWait (session=\"91ca87a8279e9801519ff06e094955f5\")>\nmethod = <function presence_of_element_located.<locals>._predicate at 0x7f6c5c9b17e0>\nmessage = ''\n\n    def until(self, method, message: str = \"\"):\n        \"\"\"Calls the method provided with the driver as an argument until the \\\n        return value does not evaluate to ``False``.\n    \n        :param method: callable(WebDriver)\n        :param message: optional message for :exc:`TimeoutException`\n        :returns: the result of the last call to `method`\n        :raises: :exc:`selenium.common.exceptions.TimeoutException` if timeout occurs\n        \"\"\"\n        screen = None\n        stacktrace = None\n    \n        end_time = time.monotonic() + self._timeout\n        while True:\n            try:\n                value = method(self._driver)\n                if value:\n                    return value\n            except self._ignored_exceptions as exc:\n                screen = getattr(exc, \"screen\", None)\n                stacktrace = getattr(exc, \"stacktrace\", None)\n            time.sleep(self._poll)\n            if time.monotonic() > end_time:\n                break\n>       raise TimeoutException(message, screen, stacktrace)\nE       selenium.common.exceptions.TimeoutException: Message: \nE       Stacktrace:\nE       #0 0x55a27d331eca <unknown>\nE       #1 0x55a27d01b45c <unknown>\nE       #2 0x55a27d0675b5 <unknown>\nE       #3 0x55a27d067671 <unknown>\nE       #4 0x55a27d0abf14 <unknown>\nE       #5 0x55a27d08a4dd <unknown>\nE       #6 0x55a27d0a92cc <unknown>\nE       #7 0x55a27d08a253 <unknown>\nE       #8 0x55a27d05a1c7 <unknown>\nE       #9 0x55a27d05ab3e <unknown>\nE       #10 0x55a27d2f830b <unknown>\nE       #11 0x55a27d2fc3b7 <unknown>\nE       #12 0x55a27d2e4e3e <unknown>\nE       #13 0x55a27d2fce82 <unknown>\nE       #14 0x55a27d2c97df <unknown>\nE       #15 0x55a27d3211b8 <unknown>\nE       #16 0x55a27d32138b <unknown>\nE       #17 0x55a27d330ffc <unknown>\nE       #18 0x7f2bfd1c0609 start_thread\n\n/opt/hostedtoolcache/Python/3.10.14/x64/lib/python3.10/site-packages/selenium-4.10.0-py3.10.egg/selenium/webdriver/support/wait.py:95: TimeoutException"}, "start": 1716182364428, "stop": 1716182364428, "uuid": "3de68f83-0d73-4cbf-8f0a-26c968b50cd1", "historyId": "4f40e20b07440a8d863c6166137f0248", "testCaseId": "4f40e20b07440a8d863c6166137f0248", "fullName": "Test_Selenium_Suite.test_bitpanda#test_bitpanda_company_ui", "labels": [{"name": "tag", "value": "ui"}, {"name": "tag", "value": "regression"}, {"name": "parentSuite", "value": "Test_Selenium_Suite"}, {"name": "suite", "value": "test_bitpanda"}, {"name": "host", "value": "fv-az1041-271"}, {"name": "thread", "value": "2005-MainThread"}, {"name": "framework", "value": "pytest"}, {"name": "language", "value": "cpython3"}, {"name": "package", "value": "Test_Selenium_Suite.test_bitpanda"}]}