{"name": "test_monefy_titles_scraper", "status": "broken", "statusDetails": {"message": "selenium.common.exceptions.TimeoutException: Message: \nStacktrace:\n#0 0x5558a2483eca <unknown>\n#1 0x5558a216d45c <unknown>\n#2 0x5558a21b95b5 <unknown>\n#3 0x5558a21b9671 <unknown>\n#4 0x5558a21fdf14 <unknown>\n#5 0x5558a21dc4dd <unknown>\n#6 0x5558a21fb2cc <unknown>\n#7 0x5558a21dc253 <unknown>\n#8 0x5558a21ac1c7 <unknown>\n#9 0x5558a21acb3e <unknown>\n#10 0x5558a244a30b <unknown>\n#11 0x5558a244e3b7 <unknown>\n#12 0x5558a2436e3e <unknown>\n#13 0x5558a244ee82 <unknown>\n#14 0x5558a241b7df <unknown>\n#15 0x5558a24731b8 <unknown>\n#16 0x5558a247338b <unknown>\n#17 0x5558a2482ffc <unknown>\n#18 0x7ff5c7a49609 start_thread", "trace": "driver = <selenium.webdriver.chrome.webdriver.WebDriver (session=\"8a8f4da6bb987551d064601060b16cde\")>\nexpected_wait = <selenium.webdriver.support.wait.WebDriverWait (session=\"8a8f4da6bb987551d064601060b16cde\")>\n\n    @pytest.fixture(scope=\"module\")\n    def scrape_ui(driver, expected_wait):\n        # open the browser\n        testutils.open_browser(driver, expected_wait)\n    \n        # Grab the data\n>       job_details = testutils.get_jobs_selenium()\n\ntests/Test_Selenium_Suite/test_monefy.py:26: \n_ _ _ _ _ _ _ _ _ _ _ _ _ _ _ _ _ _ _ _ _ _ _ _ _ _ _ _ _ _ _ _ _ _ _ _ _ _ _ _ \ntests/Test_Selenium_Suite/seleniumutils.py:77: in get_jobs_selenium\n    self.peviitor.search_company(self.company_name)\ntests/Test_Selenium_Suite/peviitor.py:28: in search_company\n    self.expected_wait.until(EC.presence_of_element_located((By.CSS_SELECTOR , self.search_input_css))).send_keys(company)\n_ _ _ _ _ _ _ _ _ _ _ _ _ _ _ _ _ _ _ _ _ _ _ _ _ _ _ _ _ _ _ _ _ _ _ _ _ _ _ _ \n\nself = <selenium.webdriver.support.wait.WebDriverWait (session=\"8a8f4da6bb987551d064601060b16cde\")>\nmethod = <function presence_of_element_located.<locals>._predicate at 0x7f33f8060430>\nmessage = ''\n\n    def until(self, method, message: str = \"\"):\n        \"\"\"Calls the method provided with the driver as an argument until the \\\n        return value does not evaluate to ``False``.\n    \n        :param method: callable(WebDriver)\n        :param message: optional message for :exc:`TimeoutException`\n        :returns: the result of the last call to `method`\n        :raises: :exc:`selenium.common.exceptions.TimeoutException` if timeout occurs\n        \"\"\"\n        screen = None\n        stacktrace = None\n    \n        end_time = time.monotonic() + self._timeout\n        while True:\n            try:\n                value = method(self._driver)\n                if value:\n                    return value\n            except self._ignored_exceptions as exc:\n                screen = getattr(exc, \"screen\", None)\n                stacktrace = getattr(exc, \"stacktrace\", None)\n            time.sleep(self._poll)\n            if time.monotonic() > end_time:\n                break\n>       raise TimeoutException(message, screen, stacktrace)\nE       selenium.common.exceptions.TimeoutException: Message: \nE       Stacktrace:\nE       #0 0x5558a2483eca <unknown>\nE       #1 0x5558a216d45c <unknown>\nE       #2 0x5558a21b95b5 <unknown>\nE       #3 0x5558a21b9671 <unknown>\nE       #4 0x5558a21fdf14 <unknown>\nE       #5 0x5558a21dc4dd <unknown>\nE       #6 0x5558a21fb2cc <unknown>\nE       #7 0x5558a21dc253 <unknown>\nE       #8 0x5558a21ac1c7 <unknown>\nE       #9 0x5558a21acb3e <unknown>\nE       #10 0x5558a244a30b <unknown>\nE       #11 0x5558a244e3b7 <unknown>\nE       #12 0x5558a2436e3e <unknown>\nE       #13 0x5558a244ee82 <unknown>\nE       #14 0x5558a241b7df <unknown>\nE       #15 0x5558a24731b8 <unknown>\nE       #16 0x5558a247338b <unknown>\nE       #17 0x5558a2482ffc <unknown>\nE       #18 0x7ff5c7a49609 start_thread\n\n/opt/hostedtoolcache/Python/3.10.14/x64/lib/python3.10/site-packages/selenium-4.10.0-py3.10.egg/selenium/webdriver/support/wait.py:95: TimeoutException"}, "start": 1715923289568, "stop": 1715923289568, "uuid": "348ac131-8a02-4104-b8d6-5ed40ade8771", "historyId": "06f824a751bb715e8318d62a469fa299", "testCaseId": "06f824a751bb715e8318d62a469fa299", "fullName": "Test_Selenium_Suite.test_monefy#test_monefy_titles_scraper", "labels": [{"name": "tag", "value": "ui"}, {"name": "tag", "value": "regression"}, {"name": "parentSuite", "value": "Test_Selenium_Suite"}, {"name": "suite", "value": "test_monefy"}, {"name": "host", "value": "fv-az1021-211"}, {"name": "thread", "value": "2285-MainThread"}, {"name": "framework", "value": "pytest"}, {"name": "language", "value": "cpython3"}, {"name": "package", "value": "Test_Selenium_Suite.test_monefy"}]}