{"name": "test_agilefreaks_job_count_ui", "status": "broken", "statusDetails": {"message": "selenium.common.exceptions.TimeoutException: Message: \nStacktrace:\n#0 0x55882032ae9a <unknown>\n#1 0x55882001445c <unknown>\n#2 0x5588200605b5 <unknown>\n#3 0x558820060671 <unknown>\n#4 0x5588200a4f14 <unknown>\n#5 0x5588200834dd <unknown>\n#6 0x5588200a22cc <unknown>\n#7 0x558820083253 <unknown>\n#8 0x5588200531c7 <unknown>\n#9 0x558820053b3e <unknown>\n#10 0x5588202f12db <unknown>\n#11 0x5588202f5387 <unknown>\n#12 0x5588202dde0e <unknown>\n#13 0x5588202f5e52 <unknown>\n#14 0x5588202c27af <unknown>\n#15 0x55882031a188 <unknown>\n#16 0x55882031a35b <unknown>\n#17 0x558820329fcc <unknown>\n#18 0x7ffaa8e52609 start_thread", "trace": "driver = <selenium.webdriver.chrome.webdriver.WebDriver (session=\"54f4acbc449e422f51e6bb51b2acaa5e\")>\nexpected_wait = <selenium.webdriver.support.wait.WebDriverWait (session=\"54f4acbc449e422f51e6bb51b2acaa5e\")>\n\n    @pytest.fixture(scope=\"module\")\n    def scrape_ui(driver, expected_wait):\n        # open the browser\n        testutils.open_browser(driver, expected_wait)\n    \n        # Grab the data\n>       job_details = testutils.get_jobs_selenium()\n\ntests/Test_Selenium_Suite/test_agilefreaks.py:26: \n_ _ _ _ _ _ _ _ _ _ _ _ _ _ _ _ _ _ _ _ _ _ _ _ _ _ _ _ _ _ _ _ _ _ _ _ _ _ _ _ \ntests/Test_Selenium_Suite/seleniumutils.py:77: in get_jobs_selenium\n    self.peviitor.search_company(self.company_name)\ntests/Test_Selenium_Suite/peviitor.py:28: in search_company\n    self.expected_wait.until(EC.presence_of_element_located((By.CSS_SELECTOR , self.search_input_css))).send_keys(company)\n_ _ _ _ _ _ _ _ _ _ _ _ _ _ _ _ _ _ _ _ _ _ _ _ _ _ _ _ _ _ _ _ _ _ _ _ _ _ _ _ \n\nself = <selenium.webdriver.support.wait.WebDriverWait (session=\"54f4acbc449e422f51e6bb51b2acaa5e\")>\nmethod = <function presence_of_element_located.<locals>._predicate at 0x7faaa1dbd2d0>\nmessage = ''\n\n    def until(self, method, message: str = \"\"):\n        \"\"\"Calls the method provided with the driver as an argument until the \\\n        return value does not evaluate to ``False``.\n    \n        :param method: callable(WebDriver)\n        :param message: optional message for :exc:`TimeoutException`\n        :returns: the result of the last call to `method`\n        :raises: :exc:`selenium.common.exceptions.TimeoutException` if timeout occurs\n        \"\"\"\n        screen = None\n        stacktrace = None\n    \n        end_time = time.monotonic() + self._timeout\n        while True:\n            try:\n                value = method(self._driver)\n                if value:\n                    return value\n            except self._ignored_exceptions as exc:\n                screen = getattr(exc, \"screen\", None)\n                stacktrace = getattr(exc, \"stacktrace\", None)\n            time.sleep(self._poll)\n            if time.monotonic() > end_time:\n                break\n>       raise TimeoutException(message, screen, stacktrace)\nE       selenium.common.exceptions.TimeoutException: Message: \nE       Stacktrace:\nE       #0 0x55882032ae9a <unknown>\nE       #1 0x55882001445c <unknown>\nE       #2 0x5588200605b5 <unknown>\nE       #3 0x558820060671 <unknown>\nE       #4 0x5588200a4f14 <unknown>\nE       #5 0x5588200834dd <unknown>\nE       #6 0x5588200a22cc <unknown>\nE       #7 0x558820083253 <unknown>\nE       #8 0x5588200531c7 <unknown>\nE       #9 0x558820053b3e <unknown>\nE       #10 0x5588202f12db <unknown>\nE       #11 0x5588202f5387 <unknown>\nE       #12 0x5588202dde0e <unknown>\nE       #13 0x5588202f5e52 <unknown>\nE       #14 0x5588202c27af <unknown>\nE       #15 0x55882031a188 <unknown>\nE       #16 0x55882031a35b <unknown>\nE       #17 0x558820329fcc <unknown>\nE       #18 0x7ffaa8e52609 start_thread\n\n/opt/hostedtoolcache/Python/3.10.14/x64/lib/python3.10/site-packages/selenium-4.10.0-py3.10.egg/selenium/webdriver/support/wait.py:95: TimeoutException"}, "start": 1716355438551, "stop": 1716355438551, "uuid": "970c6a2f-043b-4682-889c-ac17e61c014b", "historyId": "047a69a58a2cf29ac4128d3472fa47fa", "testCaseId": "047a69a58a2cf29ac4128d3472fa47fa", "fullName": "Test_Selenium_Suite.test_agilefreaks#test_agilefreaks_job_count_ui", "labels": [{"name": "tag", "value": "ui"}, {"name": "tag", "value": "regression"}, {"name": "parentSuite", "value": "Test_Selenium_Suite"}, {"name": "suite", "value": "test_agilefreaks"}, {"name": "host", "value": "fv-az800-161"}, {"name": "thread", "value": "2304-MainThread"}, {"name": "framework", "value": "pytest"}, {"name": "language", "value": "cpython3"}, {"name": "package", "value": "Test_Selenium_Suite.test_agilefreaks"}]}