{"name": "test_yopeso_link_ui", "status": "broken", "statusDetails": {"message": "selenium.common.exceptions.TimeoutException: Message: \nStacktrace:\n#0 0x5615ba290dc3 <unknown>\n#1 0x5615b9f7f4e7 <unknown>\n#2 0x5615b9fca35d <unknown>\n#3 0x5615b9fca411 <unknown>\n#4 0x5615ba00d774 <unknown>\n#5 0x5615b9fec47d <unknown>\n#6 0x5615ba00ac29 <unknown>\n#7 0x5615b9fec1f3 <unknown>\n#8 0x5615b9fbd28a <unknown>\n#9 0x5615b9fbdc5e <unknown>\n#10 0x5615ba2550eb <unknown>\n#11 0x5615ba25903b <unknown>\n#12 0x5615ba241201 <unknown>\n#13 0x5615ba259ba2 <unknown>\n#14 0x5615ba2260bf <unknown>\n#15 0x5615ba27ff18 <unknown>\n#16 0x5615ba2800f0 <unknown>\n#17 0x5615ba28ff14 <unknown>\n#18 0x7f6197542609 start_thread", "trace": "driver = <selenium.webdriver.chrome.webdriver.WebDriver (session=\"c974fa70de6b5b083f4a3f6a986b4b2d\")>\nexpected_wait = <selenium.webdriver.support.wait.WebDriverWait (session=\"c974fa70de6b5b083f4a3f6a986b4b2d\")>\n\n    @pytest.fixture(scope=\"module\")\n    def scrape_ui(driver, expected_wait):\n        # open the browser\n        testutils.open_browser(driver, expected_wait)\n    \n        # Grab the data\n>       job_details = testutils.get_jobs_selenium()\n\ntests/Test_Selenium_Suite/test_yopeso.py:26: \n_ _ _ _ _ _ _ _ _ _ _ _ _ _ _ _ _ _ _ _ _ _ _ _ _ _ _ _ _ _ _ _ _ _ _ _ _ _ _ _ \ntests/Test_Selenium_Suite/seleniumutils.py:77: in get_jobs_selenium\n    self.peviitor.search_company(self.company_name)\ntests/Test_Selenium_Suite/peviitor.py:28: in search_company\n    self.expected_wait.until(EC.presence_of_element_located((By.CSS_SELECTOR , self.search_input_css))).send_keys(company)\n_ _ _ _ _ _ _ _ _ _ _ _ _ _ _ _ _ _ _ _ _ _ _ _ _ _ _ _ _ _ _ _ _ _ _ _ _ _ _ _ \n\nself = <selenium.webdriver.support.wait.WebDriverWait (session=\"c974fa70de6b5b083f4a3f6a986b4b2d\")>\nmethod = <function presence_of_element_located.<locals>._predicate at 0x7f809a059a20>\nmessage = ''\n\n    def until(self, method, message: str = \"\"):\n        \"\"\"Calls the method provided with the driver as an argument until the \\\n        return value does not evaluate to ``False``.\n    \n        :param method: callable(WebDriver)\n        :param message: optional message for :exc:`TimeoutException`\n        :returns: the result of the last call to `method`\n        :raises: :exc:`selenium.common.exceptions.TimeoutException` if timeout occurs\n        \"\"\"\n        screen = None\n        stacktrace = None\n    \n        end_time = time.monotonic() + self._timeout\n        while True:\n            try:\n                value = method(self._driver)\n                if value:\n                    return value\n            except self._ignored_exceptions as exc:\n                screen = getattr(exc, \"screen\", None)\n                stacktrace = getattr(exc, \"stacktrace\", None)\n            time.sleep(self._poll)\n            if time.monotonic() > end_time:\n                break\n>       raise TimeoutException(message, screen, stacktrace)\nE       selenium.common.exceptions.TimeoutException: Message: \nE       Stacktrace:\nE       #0 0x5615ba290dc3 <unknown>\nE       #1 0x5615b9f7f4e7 <unknown>\nE       #2 0x5615b9fca35d <unknown>\nE       #3 0x5615b9fca411 <unknown>\nE       #4 0x5615ba00d774 <unknown>\nE       #5 0x5615b9fec47d <unknown>\nE       #6 0x5615ba00ac29 <unknown>\nE       #7 0x5615b9fec1f3 <unknown>\nE       #8 0x5615b9fbd28a <unknown>\nE       #9 0x5615b9fbdc5e <unknown>\nE       #10 0x5615ba2550eb <unknown>\nE       #11 0x5615ba25903b <unknown>\nE       #12 0x5615ba241201 <unknown>\nE       #13 0x5615ba259ba2 <unknown>\nE       #14 0x5615ba2260bf <unknown>\nE       #15 0x5615ba27ff18 <unknown>\nE       #16 0x5615ba2800f0 <unknown>\nE       #17 0x5615ba28ff14 <unknown>\nE       #18 0x7f6197542609 start_thread\n\n/opt/hostedtoolcache/Python/3.10.14/x64/lib/python3.10/site-packages/selenium-4.10.0-py3.10.egg/selenium/webdriver/support/wait.py:95: TimeoutException"}, "start": 1715664022369, "stop": 1715664022369, "uuid": "f94a2917-d395-49f7-8eca-a3835f4b290d", "historyId": "58db2d3af88c3a29815c6ba8f071ed93", "testCaseId": "58db2d3af88c3a29815c6ba8f071ed93", "fullName": "Test_Selenium_Suite.test_yopeso#test_yopeso_link_ui", "labels": [{"name": "tag", "value": "ui"}, {"name": "tag", "value": "regression"}, {"name": "parentSuite", "value": "Test_Selenium_Suite"}, {"name": "suite", "value": "test_yopeso"}, {"name": "host", "value": "fv-az1491-517"}, {"name": "thread", "value": "2032-MainThread"}, {"name": "framework", "value": "pytest"}, {"name": "language", "value": "cpython3"}, {"name": "package", "value": "Test_Selenium_Suite.test_yopeso"}]}