{"name": "test_azets_company_ui", "status": "broken", "statusDetails": {"message": "selenium.common.exceptions.TimeoutException: Message: \nStacktrace:\n#0 0x555702a49eca <unknown>\n#1 0x55570273345c <unknown>\n#2 0x55570277f5b5 <unknown>\n#3 0x55570277f671 <unknown>\n#4 0x5557027c3f14 <unknown>\n#5 0x5557027a24dd <unknown>\n#6 0x5557027c12cc <unknown>\n#7 0x5557027a2253 <unknown>\n#8 0x5557027721c7 <unknown>\n#9 0x555702772b3e <unknown>\n#10 0x555702a1030b <unknown>\n#11 0x555702a143b7 <unknown>\n#12 0x5557029fce3e <unknown>\n#13 0x555702a14e82 <unknown>\n#14 0x5557029e17df <unknown>\n#15 0x555702a391b8 <unknown>\n#16 0x555702a3938b <unknown>\n#17 0x555702a48ffc <unknown>\n#18 0x7fb21d3e2609 start_thread", "trace": "driver = <selenium.webdriver.chrome.webdriver.WebDriver (session=\"ee46a7152cad752f988ce4d93dd30490\")>\nexpected_wait = <selenium.webdriver.support.wait.WebDriverWait (session=\"ee46a7152cad752f988ce4d93dd30490\")>\n\n    @pytest.fixture(scope=\"module\")\n    def scrape_ui(driver, expected_wait):\n        # open the browser\n        testutils.open_browser(driver, expected_wait)\n    \n        # Grab the data\n>       job_details = testutils.get_jobs_selenium()\n\ntests/Test_Selenium_Suite/test_azets.py:26: \n_ _ _ _ _ _ _ _ _ _ _ _ _ _ _ _ _ _ _ _ _ _ _ _ _ _ _ _ _ _ _ _ _ _ _ _ _ _ _ _ \ntests/Test_Selenium_Suite/seleniumutils.py:77: in get_jobs_selenium\n    self.peviitor.search_company(self.company_name)\ntests/Test_Selenium_Suite/peviitor.py:28: in search_company\n    self.expected_wait.until(EC.presence_of_element_located((By.CSS_SELECTOR , self.search_input_css))).send_keys(company)\n_ _ _ _ _ _ _ _ _ _ _ _ _ _ _ _ _ _ _ _ _ _ _ _ _ _ _ _ _ _ _ _ _ _ _ _ _ _ _ _ \n\nself = <selenium.webdriver.support.wait.WebDriverWait (session=\"ee46a7152cad752f988ce4d93dd30490\")>\nmethod = <function presence_of_element_located.<locals>._predicate at 0x7faa0440c4c0>\nmessage = ''\n\n    def until(self, method, message: str = \"\"):\n        \"\"\"Calls the method provided with the driver as an argument until the \\\n        return value does not evaluate to ``False``.\n    \n        :param method: callable(WebDriver)\n        :param message: optional message for :exc:`TimeoutException`\n        :returns: the result of the last call to `method`\n        :raises: :exc:`selenium.common.exceptions.TimeoutException` if timeout occurs\n        \"\"\"\n        screen = None\n        stacktrace = None\n    \n        end_time = time.monotonic() + self._timeout\n        while True:\n            try:\n                value = method(self._driver)\n                if value:\n                    return value\n            except self._ignored_exceptions as exc:\n                screen = getattr(exc, \"screen\", None)\n                stacktrace = getattr(exc, \"stacktrace\", None)\n            time.sleep(self._poll)\n            if time.monotonic() > end_time:\n                break\n>       raise TimeoutException(message, screen, stacktrace)\nE       selenium.common.exceptions.TimeoutException: Message: \nE       Stacktrace:\nE       #0 0x555702a49eca <unknown>\nE       #1 0x55570273345c <unknown>\nE       #2 0x55570277f5b5 <unknown>\nE       #3 0x55570277f671 <unknown>\nE       #4 0x5557027c3f14 <unknown>\nE       #5 0x5557027a24dd <unknown>\nE       #6 0x5557027c12cc <unknown>\nE       #7 0x5557027a2253 <unknown>\nE       #8 0x5557027721c7 <unknown>\nE       #9 0x555702772b3e <unknown>\nE       #10 0x555702a1030b <unknown>\nE       #11 0x555702a143b7 <unknown>\nE       #12 0x5557029fce3e <unknown>\nE       #13 0x555702a14e82 <unknown>\nE       #14 0x5557029e17df <unknown>\nE       #15 0x555702a391b8 <unknown>\nE       #16 0x555702a3938b <unknown>\nE       #17 0x555702a48ffc <unknown>\nE       #18 0x7fb21d3e2609 start_thread\n\n/opt/hostedtoolcache/Python/3.10.14/x64/lib/python3.10/site-packages/selenium-4.10.0-py3.10.egg/selenium/webdriver/support/wait.py:95: TimeoutException"}, "start": 1716095896045, "stop": 1716095896045, "uuid": "5ba1ddfb-f4e7-4748-bb94-3a657d9af975", "historyId": "847b17bc6e35a1c506532502ed05bb26", "testCaseId": "847b17bc6e35a1c506532502ed05bb26", "fullName": "Test_Selenium_Suite.test_azets#test_azets_company_ui", "labels": [{"name": "tag", "value": "ui"}, {"name": "tag", "value": "regression"}, {"name": "parentSuite", "value": "Test_Selenium_Suite"}, {"name": "suite", "value": "test_azets"}, {"name": "host", "value": "fv-az1114-164"}, {"name": "thread", "value": "2042-MainThread"}, {"name": "framework", "value": "pytest"}, {"name": "language", "value": "cpython3"}, {"name": "package", "value": "Test_Selenium_Suite.test_azets"}]}