{"name": "test_azur_titles_ui", "status": "broken", "statusDetails": {"message": "selenium.common.exceptions.TimeoutException: Message: \nStacktrace:\n#0 0x56247af5deca <unknown>\n#1 0x56247ac4745c <unknown>\n#2 0x56247ac935b5 <unknown>\n#3 0x56247ac93671 <unknown>\n#4 0x56247acd7f14 <unknown>\n#5 0x56247acb64dd <unknown>\n#6 0x56247acd52cc <unknown>\n#7 0x56247acb6253 <unknown>\n#8 0x56247ac861c7 <unknown>\n#9 0x56247ac86b3e <unknown>\n#10 0x56247af2430b <unknown>\n#11 0x56247af283b7 <unknown>\n#12 0x56247af10e3e <unknown>\n#13 0x56247af28e82 <unknown>\n#14 0x56247aef57df <unknown>\n#15 0x56247af4d1b8 <unknown>\n#16 0x56247af4d38b <unknown>\n#17 0x56247af5cffc <unknown>\n#18 0x7f7ae9f0e609 start_thread", "trace": "driver = <selenium.webdriver.chrome.webdriver.WebDriver (session=\"6e940575383cbb617440ba8b91fea021\")>\nexpected_wait = <selenium.webdriver.support.wait.WebDriverWait (session=\"6e940575383cbb617440ba8b91fea021\")>\n\n    @pytest.fixture(scope=\"module\")\n    def scrape_ui(driver, expected_wait):\n        # open the browser\n        testutils.open_browser(driver, expected_wait)\n    \n        # Grab the data\n>       job_details = testutils.get_jobs_selenium()\n\ntests/Test_Selenium_Suite/test_azur.py:26: \n_ _ _ _ _ _ _ _ _ _ _ _ _ _ _ _ _ _ _ _ _ _ _ _ _ _ _ _ _ _ _ _ _ _ _ _ _ _ _ _ \ntests/Test_Selenium_Suite/seleniumutils.py:77: in get_jobs_selenium\n    self.peviitor.search_company(self.company_name)\ntests/Test_Selenium_Suite/peviitor.py:28: in search_company\n    self.expected_wait.until(EC.presence_of_element_located((By.CSS_SELECTOR , self.search_input_css))).send_keys(company)\n_ _ _ _ _ _ _ _ _ _ _ _ _ _ _ _ _ _ _ _ _ _ _ _ _ _ _ _ _ _ _ _ _ _ _ _ _ _ _ _ \n\nself = <selenium.webdriver.support.wait.WebDriverWait (session=\"6e940575383cbb617440ba8b91fea021\")>\nmethod = <function presence_of_element_located.<locals>._predicate at 0x7f6c5c987010>\nmessage = ''\n\n    def until(self, method, message: str = \"\"):\n        \"\"\"Calls the method provided with the driver as an argument until the \\\n        return value does not evaluate to ``False``.\n    \n        :param method: callable(WebDriver)\n        :param message: optional message for :exc:`TimeoutException`\n        :returns: the result of the last call to `method`\n        :raises: :exc:`selenium.common.exceptions.TimeoutException` if timeout occurs\n        \"\"\"\n        screen = None\n        stacktrace = None\n    \n        end_time = time.monotonic() + self._timeout\n        while True:\n            try:\n                value = method(self._driver)\n                if value:\n                    return value\n            except self._ignored_exceptions as exc:\n                screen = getattr(exc, \"screen\", None)\n                stacktrace = getattr(exc, \"stacktrace\", None)\n            time.sleep(self._poll)\n            if time.monotonic() > end_time:\n                break\n>       raise TimeoutException(message, screen, stacktrace)\nE       selenium.common.exceptions.TimeoutException: Message: \nE       Stacktrace:\nE       #0 0x56247af5deca <unknown>\nE       #1 0x56247ac4745c <unknown>\nE       #2 0x56247ac935b5 <unknown>\nE       #3 0x56247ac93671 <unknown>\nE       #4 0x56247acd7f14 <unknown>\nE       #5 0x56247acb64dd <unknown>\nE       #6 0x56247acd52cc <unknown>\nE       #7 0x56247acb6253 <unknown>\nE       #8 0x56247ac861c7 <unknown>\nE       #9 0x56247ac86b3e <unknown>\nE       #10 0x56247af2430b <unknown>\nE       #11 0x56247af283b7 <unknown>\nE       #12 0x56247af10e3e <unknown>\nE       #13 0x56247af28e82 <unknown>\nE       #14 0x56247aef57df <unknown>\nE       #15 0x56247af4d1b8 <unknown>\nE       #16 0x56247af4d38b <unknown>\nE       #17 0x56247af5cffc <unknown>\nE       #18 0x7f7ae9f0e609 start_thread\n\n/opt/hostedtoolcache/Python/3.10.14/x64/lib/python3.10/site-packages/selenium-4.10.0-py3.10.egg/selenium/webdriver/support/wait.py:95: TimeoutException"}, "start": 1716182353055, "stop": 1716182353055, "uuid": "aac28e59-76ed-4a4c-b0db-1ca90cc182de", "historyId": "39dcfe76654b837bed9edb165bb58148", "testCaseId": "39dcfe76654b837bed9edb165bb58148", "fullName": "Test_Selenium_Suite.test_azur#test_azur_titles_ui", "labels": [{"name": "tag", "value": "ui"}, {"name": "tag", "value": "regression"}, {"name": "parentSuite", "value": "Test_Selenium_Suite"}, {"name": "suite", "value": "test_azur"}, {"name": "host", "value": "fv-az1041-271"}, {"name": "thread", "value": "2005-MainThread"}, {"name": "framework", "value": "pytest"}, {"name": "language", "value": "cpython3"}, {"name": "package", "value": "Test_Selenium_Suite.test_azur"}]}