{"name": "test_bitpanda_titles_ui", "status": "broken", "statusDetails": {"message": "selenium.common.exceptions.TimeoutException: Message: \nStacktrace:\n#0 0x559d8f9dbe9a <unknown>\n#1 0x559d8f6c545c <unknown>\n#2 0x559d8f7115b5 <unknown>\n#3 0x559d8f711671 <unknown>\n#4 0x559d8f755f14 <unknown>\n#5 0x559d8f7344dd <unknown>\n#6 0x559d8f7532cc <unknown>\n#7 0x559d8f734253 <unknown>\n#8 0x559d8f7041c7 <unknown>\n#9 0x559d8f704b3e <unknown>\n#10 0x559d8f9a22db <unknown>\n#11 0x559d8f9a6387 <unknown>\n#12 0x559d8f98ee0e <unknown>\n#13 0x559d8f9a6e52 <unknown>\n#14 0x559d8f9737af <unknown>\n#15 0x559d8f9cb188 <unknown>\n#16 0x559d8f9cb35b <unknown>\n#17 0x559d8f9dafcc <unknown>\n#18 0x7f44818d7609 start_thread", "trace": "driver = <selenium.webdriver.chrome.webdriver.WebDriver (session=\"f325abd76827e4d88839d89b71c02d7b\")>\nexpected_wait = <selenium.webdriver.support.wait.WebDriverWait (session=\"f325abd76827e4d88839d89b71c02d7b\")>\n\n    @pytest.fixture(scope=\"module\")\n    def scrape_ui(driver, expected_wait):\n        # open the browser\n        testutils.open_browser(driver, expected_wait)\n    \n        # Grab the data\n>       job_details = testutils.get_jobs_selenium()\n\ntests/Test_Selenium_Suite/test_bitpanda.py:26: \n_ _ _ _ _ _ _ _ _ _ _ _ _ _ _ _ _ _ _ _ _ _ _ _ _ _ _ _ _ _ _ _ _ _ _ _ _ _ _ _ \ntests/Test_Selenium_Suite/seleniumutils.py:77: in get_jobs_selenium\n    self.peviitor.search_company(self.company_name)\ntests/Test_Selenium_Suite/peviitor.py:28: in search_company\n    self.expected_wait.until(EC.presence_of_element_located((By.CSS_SELECTOR , self.search_input_css))).send_keys(company)\n_ _ _ _ _ _ _ _ _ _ _ _ _ _ _ _ _ _ _ _ _ _ _ _ _ _ _ _ _ _ _ _ _ _ _ _ _ _ _ _ \n\nself = <selenium.webdriver.support.wait.WebDriverWait (session=\"f325abd76827e4d88839d89b71c02d7b\")>\nmethod = <function presence_of_element_located.<locals>._predicate at 0x7faaa176b010>\nmessage = ''\n\n    def until(self, method, message: str = \"\"):\n        \"\"\"Calls the method provided with the driver as an argument until the \\\n        return value does not evaluate to ``False``.\n    \n        :param method: callable(WebDriver)\n        :param message: optional message for :exc:`TimeoutException`\n        :returns: the result of the last call to `method`\n        :raises: :exc:`selenium.common.exceptions.TimeoutException` if timeout occurs\n        \"\"\"\n        screen = None\n        stacktrace = None\n    \n        end_time = time.monotonic() + self._timeout\n        while True:\n            try:\n                value = method(self._driver)\n                if value:\n                    return value\n            except self._ignored_exceptions as exc:\n                screen = getattr(exc, \"screen\", None)\n                stacktrace = getattr(exc, \"stacktrace\", None)\n            time.sleep(self._poll)\n            if time.monotonic() > end_time:\n                break\n>       raise TimeoutException(message, screen, stacktrace)\nE       selenium.common.exceptions.TimeoutException: Message: \nE       Stacktrace:\nE       #0 0x559d8f9dbe9a <unknown>\nE       #1 0x559d8f6c545c <unknown>\nE       #2 0x559d8f7115b5 <unknown>\nE       #3 0x559d8f711671 <unknown>\nE       #4 0x559d8f755f14 <unknown>\nE       #5 0x559d8f7344dd <unknown>\nE       #6 0x559d8f7532cc <unknown>\nE       #7 0x559d8f734253 <unknown>\nE       #8 0x559d8f7041c7 <unknown>\nE       #9 0x559d8f704b3e <unknown>\nE       #10 0x559d8f9a22db <unknown>\nE       #11 0x559d8f9a6387 <unknown>\nE       #12 0x559d8f98ee0e <unknown>\nE       #13 0x559d8f9a6e52 <unknown>\nE       #14 0x559d8f9737af <unknown>\nE       #15 0x559d8f9cb188 <unknown>\nE       #16 0x559d8f9cb35b <unknown>\nE       #17 0x559d8f9dafcc <unknown>\nE       #18 0x7f44818d7609 start_thread\n\n/opt/hostedtoolcache/Python/3.10.14/x64/lib/python3.10/site-packages/selenium-4.10.0-py3.10.egg/selenium/webdriver/support/wait.py:95: TimeoutException"}, "start": 1716355512092, "stop": 1716355512092, "uuid": "3e780490-ee49-4589-9318-e5b00ac35775", "historyId": "f6b072982ec8f9ab7c96949f9587f7d2", "testCaseId": "f6b072982ec8f9ab7c96949f9587f7d2", "fullName": "Test_Selenium_Suite.test_bitpanda#test_bitpanda_titles_ui", "labels": [{"name": "tag", "value": "ui"}, {"name": "tag", "value": "regression"}, {"name": "parentSuite", "value": "Test_Selenium_Suite"}, {"name": "suite", "value": "test_bitpanda"}, {"name": "host", "value": "fv-az800-161"}, {"name": "thread", "value": "2304-MainThread"}, {"name": "framework", "value": "pytest"}, {"name": "language", "value": "cpython3"}, {"name": "package", "value": "Test_Selenium_Suite.test_bitpanda"}]}