{"name": "test_autototal_link_ui", "status": "broken", "statusDetails": {"message": "selenium.common.exceptions.TimeoutException: Message: \nStacktrace:\n#0 0x55de65f13eca <unknown>\n#1 0x55de65bfd45c <unknown>\n#2 0x55de65c495b5 <unknown>\n#3 0x55de65c49671 <unknown>\n#4 0x55de65c8df14 <unknown>\n#5 0x55de65c6c4dd <unknown>\n#6 0x55de65c8b2cc <unknown>\n#7 0x55de65c6c253 <unknown>\n#8 0x55de65c3c1c7 <unknown>\n#9 0x55de65c3cb3e <unknown>\n#10 0x55de65eda30b <unknown>\n#11 0x55de65ede3b7 <unknown>\n#12 0x55de65ec6e3e <unknown>\n#13 0x55de65edee82 <unknown>\n#14 0x55de65eab7df <unknown>\n#15 0x55de65f031b8 <unknown>\n#16 0x55de65f0338b <unknown>\n#17 0x55de65f12ffc <unknown>\n#18 0x7f3cc03ec609 start_thread", "trace": "driver = <selenium.webdriver.chrome.webdriver.WebDriver (session=\"7cd402782c1ea20459bcafdd9e53a201\")>\nexpected_wait = <selenium.webdriver.support.wait.WebDriverWait (session=\"7cd402782c1ea20459bcafdd9e53a201\")>\n\n    @pytest.fixture(scope=\"module\")\n    def scrape_ui(driver, expected_wait):\n        # open the browser\n        testutils.open_browser(driver, expected_wait)\n    \n        # Grab the data\n>       job_details = testutils.get_jobs_selenium()\n\ntests/Test_Selenium_Suite/test_autototal.py:26: \n_ _ _ _ _ _ _ _ _ _ _ _ _ _ _ _ _ _ _ _ _ _ _ _ _ _ _ _ _ _ _ _ _ _ _ _ _ _ _ _ \ntests/Test_Selenium_Suite/seleniumutils.py:77: in get_jobs_selenium\n    self.peviitor.search_company(self.company_name)\ntests/Test_Selenium_Suite/peviitor.py:28: in search_company\n    self.expected_wait.until(EC.presence_of_element_located((By.CSS_SELECTOR , self.search_input_css))).send_keys(company)\n_ _ _ _ _ _ _ _ _ _ _ _ _ _ _ _ _ _ _ _ _ _ _ _ _ _ _ _ _ _ _ _ _ _ _ _ _ _ _ _ \n\nself = <selenium.webdriver.support.wait.WebDriverWait (session=\"7cd402782c1ea20459bcafdd9e53a201\")>\nmethod = <function presence_of_element_located.<locals>._predicate at 0x7f6c5cab2e60>\nmessage = ''\n\n    def until(self, method, message: str = \"\"):\n        \"\"\"Calls the method provided with the driver as an argument until the \\\n        return value does not evaluate to ``False``.\n    \n        :param method: callable(WebDriver)\n        :param message: optional message for :exc:`TimeoutException`\n        :returns: the result of the last call to `method`\n        :raises: :exc:`selenium.common.exceptions.TimeoutException` if timeout occurs\n        \"\"\"\n        screen = None\n        stacktrace = None\n    \n        end_time = time.monotonic() + self._timeout\n        while True:\n            try:\n                value = method(self._driver)\n                if value:\n                    return value\n            except self._ignored_exceptions as exc:\n                screen = getattr(exc, \"screen\", None)\n                stacktrace = getattr(exc, \"stacktrace\", None)\n            time.sleep(self._poll)\n            if time.monotonic() > end_time:\n                break\n>       raise TimeoutException(message, screen, stacktrace)\nE       selenium.common.exceptions.TimeoutException: Message: \nE       Stacktrace:\nE       #0 0x55de65f13eca <unknown>\nE       #1 0x55de65bfd45c <unknown>\nE       #2 0x55de65c495b5 <unknown>\nE       #3 0x55de65c49671 <unknown>\nE       #4 0x55de65c8df14 <unknown>\nE       #5 0x55de65c6c4dd <unknown>\nE       #6 0x55de65c8b2cc <unknown>\nE       #7 0x55de65c6c253 <unknown>\nE       #8 0x55de65c3c1c7 <unknown>\nE       #9 0x55de65c3cb3e <unknown>\nE       #10 0x55de65eda30b <unknown>\nE       #11 0x55de65ede3b7 <unknown>\nE       #12 0x55de65ec6e3e <unknown>\nE       #13 0x55de65edee82 <unknown>\nE       #14 0x55de65eab7df <unknown>\nE       #15 0x55de65f031b8 <unknown>\nE       #16 0x55de65f0338b <unknown>\nE       #17 0x55de65f12ffc <unknown>\nE       #18 0x7f3cc03ec609 start_thread\n\n/opt/hostedtoolcache/Python/3.10.14/x64/lib/python3.10/site-packages/selenium-4.10.0-py3.10.egg/selenium/webdriver/support/wait.py:95: TimeoutException"}, "start": 1716182328952, "stop": 1716182328952, "uuid": "e3356175-891a-401d-b061-c25589f7a07d", "historyId": "ec866e273137f831b40101b75abb9fd2", "testCaseId": "ec866e273137f831b40101b75abb9fd2", "fullName": "Test_Selenium_Suite.test_autototal#test_autototal_link_ui", "labels": [{"name": "tag", "value": "ui"}, {"name": "tag", "value": "regression"}, {"name": "parentSuite", "value": "Test_Selenium_Suite"}, {"name": "suite", "value": "test_autototal"}, {"name": "host", "value": "fv-az1041-271"}, {"name": "thread", "value": "2005-MainThread"}, {"name": "framework", "value": "pytest"}, {"name": "language", "value": "cpython3"}, {"name": "package", "value": "Test_Selenium_Suite.test_autototal"}]}