{"name": "test_jumbo_titles_ui", "status": "broken", "statusDetails": {"message": "selenium.common.exceptions.TimeoutException: Message: \nStacktrace:\n#0 0x555f1b46aeca <unknown>\n#1 0x555f1b15445c <unknown>\n#2 0x555f1b1a05b5 <unknown>\n#3 0x555f1b1a0671 <unknown>\n#4 0x555f1b1e4f14 <unknown>\n#5 0x555f1b1c34dd <unknown>\n#6 0x555f1b1e22cc <unknown>\n#7 0x555f1b1c3253 <unknown>\n#8 0x555f1b1931c7 <unknown>\n#9 0x555f1b193b3e <unknown>\n#10 0x555f1b43130b <unknown>\n#11 0x555f1b4353b7 <unknown>\n#12 0x555f1b41de3e <unknown>\n#13 0x555f1b435e82 <unknown>\n#14 0x555f1b4027df <unknown>\n#15 0x555f1b45a1b8 <unknown>\n#16 0x555f1b45a38b <unknown>\n#17 0x555f1b469ffc <unknown>\n#18 0x7f8067c13609 start_thread", "trace": "driver = <selenium.webdriver.chrome.webdriver.WebDriver (session=\"274f62b0b757bf03dbb45f3fd4a4ef50\")>\nexpected_wait = <selenium.webdriver.support.wait.WebDriverWait (session=\"274f62b0b757bf03dbb45f3fd4a4ef50\")>\n\n    @pytest.fixture(scope=\"module\")\n    def scrape_ui(driver, expected_wait):\n        # open the browser\n        testutils.open_browser(driver, expected_wait)\n    \n        # Grab the data\n>       job_details = testutils.get_jobs_selenium()\n\ntests/Test_Selenium_Suite/test_jumbo.py:26: \n_ _ _ _ _ _ _ _ _ _ _ _ _ _ _ _ _ _ _ _ _ _ _ _ _ _ _ _ _ _ _ _ _ _ _ _ _ _ _ _ \ntests/Test_Selenium_Suite/seleniumutils.py:77: in get_jobs_selenium\n    self.peviitor.search_company(self.company_name)\ntests/Test_Selenium_Suite/peviitor.py:28: in search_company\n    self.expected_wait.until(EC.presence_of_element_located((By.CSS_SELECTOR , self.search_input_css))).send_keys(company)\n_ _ _ _ _ _ _ _ _ _ _ _ _ _ _ _ _ _ _ _ _ _ _ _ _ _ _ _ _ _ _ _ _ _ _ _ _ _ _ _ \n\nself = <selenium.webdriver.support.wait.WebDriverWait (session=\"274f62b0b757bf03dbb45f3fd4a4ef50\")>\nmethod = <function presence_of_element_located.<locals>._predicate at 0x7faa04415900>\nmessage = ''\n\n    def until(self, method, message: str = \"\"):\n        \"\"\"Calls the method provided with the driver as an argument until the \\\n        return value does not evaluate to ``False``.\n    \n        :param method: callable(WebDriver)\n        :param message: optional message for :exc:`TimeoutException`\n        :returns: the result of the last call to `method`\n        :raises: :exc:`selenium.common.exceptions.TimeoutException` if timeout occurs\n        \"\"\"\n        screen = None\n        stacktrace = None\n    \n        end_time = time.monotonic() + self._timeout\n        while True:\n            try:\n                value = method(self._driver)\n                if value:\n                    return value\n            except self._ignored_exceptions as exc:\n                screen = getattr(exc, \"screen\", None)\n                stacktrace = getattr(exc, \"stacktrace\", None)\n            time.sleep(self._poll)\n            if time.monotonic() > end_time:\n                break\n>       raise TimeoutException(message, screen, stacktrace)\nE       selenium.common.exceptions.TimeoutException: Message: \nE       Stacktrace:\nE       #0 0x555f1b46aeca <unknown>\nE       #1 0x555f1b15445c <unknown>\nE       #2 0x555f1b1a05b5 <unknown>\nE       #3 0x555f1b1a0671 <unknown>\nE       #4 0x555f1b1e4f14 <unknown>\nE       #5 0x555f1b1c34dd <unknown>\nE       #6 0x555f1b1e22cc <unknown>\nE       #7 0x555f1b1c3253 <unknown>\nE       #8 0x555f1b1931c7 <unknown>\nE       #9 0x555f1b193b3e <unknown>\nE       #10 0x555f1b43130b <unknown>\nE       #11 0x555f1b4353b7 <unknown>\nE       #12 0x555f1b41de3e <unknown>\nE       #13 0x555f1b435e82 <unknown>\nE       #14 0x555f1b4027df <unknown>\nE       #15 0x555f1b45a1b8 <unknown>\nE       #16 0x555f1b45a38b <unknown>\nE       #17 0x555f1b469ffc <unknown>\nE       #18 0x7f8067c13609 start_thread\n\n/opt/hostedtoolcache/Python/3.10.14/x64/lib/python3.10/site-packages/selenium-4.10.0-py3.10.egg/selenium/webdriver/support/wait.py:95: TimeoutException"}, "start": 1716096003616, "stop": 1716096003616, "uuid": "a6599da6-6771-4d91-9041-954c7d6eff56", "historyId": "ef679ecb9c641ab3280772333f6f8b79", "testCaseId": "ef679ecb9c641ab3280772333f6f8b79", "fullName": "Test_Selenium_Suite.test_jumbo#test_jumbo_titles_ui", "labels": [{"name": "tag", "value": "ui"}, {"name": "tag", "value": "regression"}, {"name": "parentSuite", "value": "Test_Selenium_Suite"}, {"name": "suite", "value": "test_jumbo"}, {"name": "host", "value": "fv-az1114-164"}, {"name": "thread", "value": "2042-MainThread"}, {"name": "framework", "value": "pytest"}, {"name": "language", "value": "cpython3"}, {"name": "package", "value": "Test_Selenium_Suite.test_jumbo"}]}