{"name": "test_jumbo_link_ui", "status": "broken", "statusDetails": {"message": "selenium.common.exceptions.TimeoutException: Message: \nStacktrace:\n#0 0x561892365e43 <unknown>\n#1 0x5618920544e7 <unknown>\n#2 0x56189209f35d <unknown>\n#3 0x56189209f411 <unknown>\n#4 0x5618920e2774 <unknown>\n#5 0x5618920c147d <unknown>\n#6 0x5618920dfc29 <unknown>\n#7 0x5618920c11f3 <unknown>\n#8 0x56189209228a <unknown>\n#9 0x561892092c5e <unknown>\n#10 0x56189232a16b <unknown>\n#11 0x56189232e0bb <unknown>\n#12 0x561892316281 <unknown>\n#13 0x56189232ec22 <unknown>\n#14 0x5618922fb13f <unknown>\n#15 0x561892354f98 <unknown>\n#16 0x561892355170 <unknown>\n#17 0x561892364f94 <unknown>\n#18 0x7f8f02e19609 start_thread", "trace": "driver = <selenium.webdriver.chrome.webdriver.WebDriver (session=\"9c271a291a05b6769ca18a4ac4e7ed4a\")>\nexpected_wait = <selenium.webdriver.support.wait.WebDriverWait (session=\"9c271a291a05b6769ca18a4ac4e7ed4a\")>\n\n    @pytest.fixture(scope=\"module\")\n    def scrape_ui(driver, expected_wait):\n        # open the browser\n        testutils.open_browser(driver, expected_wait)\n    \n        # Grab the data\n>       job_details = testutils.get_jobs_selenium()\n\ntests/Test_Selenium_Suite/test_jumbo.py:26: \n_ _ _ _ _ _ _ _ _ _ _ _ _ _ _ _ _ _ _ _ _ _ _ _ _ _ _ _ _ _ _ _ _ _ _ _ _ _ _ _ \ntests/Test_Selenium_Suite/seleniumutils.py:77: in get_jobs_selenium\n    self.peviitor.search_company(self.company_name)\ntests/Test_Selenium_Suite/peviitor.py:28: in search_company\n    self.expected_wait.until(EC.presence_of_element_located((By.CSS_SELECTOR , self.search_input_css))).send_keys(company)\n_ _ _ _ _ _ _ _ _ _ _ _ _ _ _ _ _ _ _ _ _ _ _ _ _ _ _ _ _ _ _ _ _ _ _ _ _ _ _ _ \n\nself = <selenium.webdriver.support.wait.WebDriverWait (session=\"9c271a291a05b6769ca18a4ac4e7ed4a\")>\nmethod = <function presence_of_element_located.<locals>._predicate at 0x7f08536d7010>\nmessage = ''\n\n    def until(self, method, message: str = \"\"):\n        \"\"\"Calls the method provided with the driver as an argument until the \\\n        return value does not evaluate to ``False``.\n    \n        :param method: callable(WebDriver)\n        :param message: optional message for :exc:`TimeoutException`\n        :returns: the result of the last call to `method`\n        :raises: :exc:`selenium.common.exceptions.TimeoutException` if timeout occurs\n        \"\"\"\n        screen = None\n        stacktrace = None\n    \n        end_time = time.monotonic() + self._timeout\n        while True:\n            try:\n                value = method(self._driver)\n                if value:\n                    return value\n            except self._ignored_exceptions as exc:\n                screen = getattr(exc, \"screen\", None)\n                stacktrace = getattr(exc, \"stacktrace\", None)\n            time.sleep(self._poll)\n            if time.monotonic() > end_time:\n                break\n>       raise TimeoutException(message, screen, stacktrace)\nE       selenium.common.exceptions.TimeoutException: Message: \nE       Stacktrace:\nE       #0 0x561892365e43 <unknown>\nE       #1 0x5618920544e7 <unknown>\nE       #2 0x56189209f35d <unknown>\nE       #3 0x56189209f411 <unknown>\nE       #4 0x5618920e2774 <unknown>\nE       #5 0x5618920c147d <unknown>\nE       #6 0x5618920dfc29 <unknown>\nE       #7 0x5618920c11f3 <unknown>\nE       #8 0x56189209228a <unknown>\nE       #9 0x561892092c5e <unknown>\nE       #10 0x56189232a16b <unknown>\nE       #11 0x56189232e0bb <unknown>\nE       #12 0x561892316281 <unknown>\nE       #13 0x56189232ec22 <unknown>\nE       #14 0x5618922fb13f <unknown>\nE       #15 0x561892354f98 <unknown>\nE       #16 0x561892355170 <unknown>\nE       #17 0x561892364f94 <unknown>\nE       #18 0x7f8f02e19609 start_thread\n\n/opt/hostedtoolcache/Python/3.10.14/x64/lib/python3.10/site-packages/selenium-4.10.0-py3.10.egg/selenium/webdriver/support/wait.py:95: TimeoutException"}, "start": 1715577715244, "stop": 1715577715244, "uuid": "0a6e6320-6867-456a-9a9e-d458e9a5cf3c", "historyId": "1920b7fe9b7099f9942c307134575468", "testCaseId": "1920b7fe9b7099f9942c307134575468", "fullName": "Test_Selenium_Suite.test_jumbo#test_jumbo_link_ui", "labels": [{"name": "tag", "value": "ui"}, {"name": "tag", "value": "regression"}, {"name": "parentSuite", "value": "Test_Selenium_Suite"}, {"name": "suite", "value": "test_jumbo"}, {"name": "host", "value": "fv-az1533-130"}, {"name": "thread", "value": "2023-MainThread"}, {"name": "framework", "value": "pytest"}, {"name": "language", "value": "cpython3"}, {"name": "package", "value": "Test_Selenium_Suite.test_jumbo"}]}