{"name": "test_bunge_titles_ui", "status": "broken", "statusDetails": {"message": "selenium.common.exceptions.TimeoutException: Message: \nStacktrace:\n#0 0x565327d13e43 <unknown>\n#1 0x565327a024e7 <unknown>\n#2 0x565327a4d35d <unknown>\n#3 0x565327a4d411 <unknown>\n#4 0x565327a90774 <unknown>\n#5 0x565327a6f47d <unknown>\n#6 0x565327a8dc29 <unknown>\n#7 0x565327a6f1f3 <unknown>\n#8 0x565327a4028a <unknown>\n#9 0x565327a40c5e <unknown>\n#10 0x565327cd816b <unknown>\n#11 0x565327cdc0bb <unknown>\n#12 0x565327cc4281 <unknown>\n#13 0x565327cdcc22 <unknown>\n#14 0x565327ca913f <unknown>\n#15 0x565327d02f98 <unknown>\n#16 0x565327d03170 <unknown>\n#17 0x565327d12f94 <unknown>\n#18 0x7fc2f6189609 start_thread", "trace": "driver = <selenium.webdriver.chrome.webdriver.WebDriver (session=\"ce1b612f188b8167cd11799496e3b832\")>\nexpected_wait = <selenium.webdriver.support.wait.WebDriverWait (session=\"ce1b612f188b8167cd11799496e3b832\")>\n\n    @pytest.fixture(scope=\"module\")\n    def scrape_ui(driver, expected_wait):\n        # open the browser\n        testutils.open_browser(driver, expected_wait)\n    \n        # Grab the data\n>       job_details = testutils.get_jobs_selenium()\n\ntests/Test_Selenium_Suite/test_bunge.py:26: \n_ _ _ _ _ _ _ _ _ _ _ _ _ _ _ _ _ _ _ _ _ _ _ _ _ _ _ _ _ _ _ _ _ _ _ _ _ _ _ _ \ntests/Test_Selenium_Suite/seleniumutils.py:77: in get_jobs_selenium\n    self.peviitor.search_company(self.company_name)\ntests/Test_Selenium_Suite/peviitor.py:28: in search_company\n    self.expected_wait.until(EC.presence_of_element_located((By.CSS_SELECTOR , self.search_input_css))).send_keys(company)\n_ _ _ _ _ _ _ _ _ _ _ _ _ _ _ _ _ _ _ _ _ _ _ _ _ _ _ _ _ _ _ _ _ _ _ _ _ _ _ _ \n\nself = <selenium.webdriver.support.wait.WebDriverWait (session=\"ce1b612f188b8167cd11799496e3b832\")>\nmethod = <function presence_of_element_located.<locals>._predicate at 0x7f869b8af400>\nmessage = ''\n\n    def until(self, method, message: str = \"\"):\n        \"\"\"Calls the method provided with the driver as an argument until the \\\n        return value does not evaluate to ``False``.\n    \n        :param method: callable(WebDriver)\n        :param message: optional message for :exc:`TimeoutException`\n        :returns: the result of the last call to `method`\n        :raises: :exc:`selenium.common.exceptions.TimeoutException` if timeout occurs\n        \"\"\"\n        screen = None\n        stacktrace = None\n    \n        end_time = time.monotonic() + self._timeout\n        while True:\n            try:\n                value = method(self._driver)\n                if value:\n                    return value\n            except self._ignored_exceptions as exc:\n                screen = getattr(exc, \"screen\", None)\n                stacktrace = getattr(exc, \"stacktrace\", None)\n            time.sleep(self._poll)\n            if time.monotonic() > end_time:\n                break\n>       raise TimeoutException(message, screen, stacktrace)\nE       selenium.common.exceptions.TimeoutException: Message: \nE       Stacktrace:\nE       #0 0x565327d13e43 <unknown>\nE       #1 0x565327a024e7 <unknown>\nE       #2 0x565327a4d35d <unknown>\nE       #3 0x565327a4d411 <unknown>\nE       #4 0x565327a90774 <unknown>\nE       #5 0x565327a6f47d <unknown>\nE       #6 0x565327a8dc29 <unknown>\nE       #7 0x565327a6f1f3 <unknown>\nE       #8 0x565327a4028a <unknown>\nE       #9 0x565327a40c5e <unknown>\nE       #10 0x565327cd816b <unknown>\nE       #11 0x565327cdc0bb <unknown>\nE       #12 0x565327cc4281 <unknown>\nE       #13 0x565327cdcc22 <unknown>\nE       #14 0x565327ca913f <unknown>\nE       #15 0x565327d02f98 <unknown>\nE       #16 0x565327d03170 <unknown>\nE       #17 0x565327d12f94 <unknown>\nE       #18 0x7fc2f6189609 start_thread\n\n/opt/hostedtoolcache/Python/3.10.14/x64/lib/python3.10/site-packages/selenium-4.10.0-py3.10.egg/selenium/webdriver/support/wait.py:95: TimeoutException"}, "start": 1715491154496, "stop": 1715491154496, "uuid": "acb9b298-3525-4d42-9def-1f28a7613c7d", "historyId": "d16d1552843778252cbe060a262c9d1b", "testCaseId": "d16d1552843778252cbe060a262c9d1b", "fullName": "Test_Selenium_Suite.test_bunge#test_bunge_titles_ui", "labels": [{"name": "tag", "value": "ui"}, {"name": "tag", "value": "regression"}, {"name": "parentSuite", "value": "Test_Selenium_Suite"}, {"name": "suite", "value": "test_bunge"}, {"name": "host", "value": "fv-az519-180"}, {"name": "thread", "value": "2283-MainThread"}, {"name": "framework", "value": "pytest"}, {"name": "language", "value": "cpython3"}, {"name": "package", "value": "Test_Selenium_Suite.test_bunge"}]}