{"name": "test_corteva_titles_ui", "status": "broken", "statusDetails": {"message": "selenium.common.exceptions.TimeoutException: Message: \nStacktrace:\n#0 0x56132e7a3dc3 <unknown>\n#1 0x56132e4924e7 <unknown>\n#2 0x56132e4dd35d <unknown>\n#3 0x56132e4dd411 <unknown>\n#4 0x56132e520774 <unknown>\n#5 0x56132e4ff47d <unknown>\n#6 0x56132e51dc29 <unknown>\n#7 0x56132e4ff1f3 <unknown>\n#8 0x56132e4d028a <unknown>\n#9 0x56132e4d0c5e <unknown>\n#10 0x56132e7680eb <unknown>\n#11 0x56132e76c03b <unknown>\n#12 0x56132e754201 <unknown>\n#13 0x56132e76cba2 <unknown>\n#14 0x56132e7390bf <unknown>\n#15 0x56132e792f18 <unknown>\n#16 0x56132e7930f0 <unknown>\n#17 0x56132e7a2f14 <unknown>\n#18 0x7f3240a84609 start_thread", "trace": "driver = <selenium.webdriver.chrome.webdriver.WebDriver (session=\"106c21c801716e6dcf756bccc4deb017\")>\nexpected_wait = <selenium.webdriver.support.wait.WebDriverWait (session=\"106c21c801716e6dcf756bccc4deb017\")>\n\n    @pytest.fixture(scope=\"module\")\n    def scrape_ui(driver, expected_wait):\n        # open the browser\n        testutils.open_browser(driver, expected_wait)\n    \n        # Grab the data\n>       job_details = testutils.get_jobs_selenium()\n\ntests/Test_Selenium_Suite/test_corteva.py:26: \n_ _ _ _ _ _ _ _ _ _ _ _ _ _ _ _ _ _ _ _ _ _ _ _ _ _ _ _ _ _ _ _ _ _ _ _ _ _ _ _ \ntests/Test_Selenium_Suite/seleniumutils.py:77: in get_jobs_selenium\n    self.peviitor.search_company(self.company_name)\ntests/Test_Selenium_Suite/peviitor.py:28: in search_company\n    self.expected_wait.until(EC.presence_of_element_located((By.CSS_SELECTOR , self.search_input_css))).send_keys(company)\n_ _ _ _ _ _ _ _ _ _ _ _ _ _ _ _ _ _ _ _ _ _ _ _ _ _ _ _ _ _ _ _ _ _ _ _ _ _ _ _ \n\nself = <selenium.webdriver.support.wait.WebDriverWait (session=\"106c21c801716e6dcf756bccc4deb017\")>\nmethod = <function presence_of_element_located.<locals>._predicate at 0x7f809a63c310>\nmessage = ''\n\n    def until(self, method, message: str = \"\"):\n        \"\"\"Calls the method provided with the driver as an argument until the \\\n        return value does not evaluate to ``False``.\n    \n        :param method: callable(WebDriver)\n        :param message: optional message for :exc:`TimeoutException`\n        :returns: the result of the last call to `method`\n        :raises: :exc:`selenium.common.exceptions.TimeoutException` if timeout occurs\n        \"\"\"\n        screen = None\n        stacktrace = None\n    \n        end_time = time.monotonic() + self._timeout\n        while True:\n            try:\n                value = method(self._driver)\n                if value:\n                    return value\n            except self._ignored_exceptions as exc:\n                screen = getattr(exc, \"screen\", None)\n                stacktrace = getattr(exc, \"stacktrace\", None)\n            time.sleep(self._poll)\n            if time.monotonic() > end_time:\n                break\n>       raise TimeoutException(message, screen, stacktrace)\nE       selenium.common.exceptions.TimeoutException: Message: \nE       Stacktrace:\nE       #0 0x56132e7a3dc3 <unknown>\nE       #1 0x56132e4924e7 <unknown>\nE       #2 0x56132e4dd35d <unknown>\nE       #3 0x56132e4dd411 <unknown>\nE       #4 0x56132e520774 <unknown>\nE       #5 0x56132e4ff47d <unknown>\nE       #6 0x56132e51dc29 <unknown>\nE       #7 0x56132e4ff1f3 <unknown>\nE       #8 0x56132e4d028a <unknown>\nE       #9 0x56132e4d0c5e <unknown>\nE       #10 0x56132e7680eb <unknown>\nE       #11 0x56132e76c03b <unknown>\nE       #12 0x56132e754201 <unknown>\nE       #13 0x56132e76cba2 <unknown>\nE       #14 0x56132e7390bf <unknown>\nE       #15 0x56132e792f18 <unknown>\nE       #16 0x56132e7930f0 <unknown>\nE       #17 0x56132e7a2f14 <unknown>\nE       #18 0x7f3240a84609 start_thread\n\n/opt/hostedtoolcache/Python/3.10.14/x64/lib/python3.10/site-packages/selenium-4.10.0-py3.10.egg/selenium/webdriver/support/wait.py:95: TimeoutException"}, "start": 1715663973217, "stop": 1715663973217, "uuid": "2a57fdf5-313d-40c2-b541-c5b87ab8cc91", "historyId": "faca2638eeba15a32e70de22dff970d6", "testCaseId": "faca2638eeba15a32e70de22dff970d6", "fullName": "Test_Selenium_Suite.test_corteva#test_corteva_titles_ui", "labels": [{"name": "tag", "value": "ui"}, {"name": "tag", "value": "regression"}, {"name": "parentSuite", "value": "Test_Selenium_Suite"}, {"name": "suite", "value": "test_corteva"}, {"name": "host", "value": "fv-az1491-517"}, {"name": "thread", "value": "2032-MainThread"}, {"name": "framework", "value": "pytest"}, {"name": "language", "value": "cpython3"}, {"name": "package", "value": "Test_Selenium_Suite.test_corteva"}]}