{"name": "test_corteva_job_count_ui", "status": "broken", "statusDetails": {"message": "selenium.common.exceptions.TimeoutException: Message: \nStacktrace:\n#0 0x55a51171ee43 <unknown>\n#1 0x55a51140d4e7 <unknown>\n#2 0x55a51145835d <unknown>\n#3 0x55a511458411 <unknown>\n#4 0x55a51149b774 <unknown>\n#5 0x55a51147a47d <unknown>\n#6 0x55a511498c29 <unknown>\n#7 0x55a51147a1f3 <unknown>\n#8 0x55a51144b28a <unknown>\n#9 0x55a51144bc5e <unknown>\n#10 0x55a5116e316b <unknown>\n#11 0x55a5116e70bb <unknown>\n#12 0x55a5116cf281 <unknown>\n#13 0x55a5116e7c22 <unknown>\n#14 0x55a5116b413f <unknown>\n#15 0x55a51170df98 <unknown>\n#16 0x55a51170e170 <unknown>\n#17 0x55a51171df94 <unknown>\n#18 0x7f034f3f0609 start_thread", "trace": "driver = <selenium.webdriver.chrome.webdriver.WebDriver (session=\"b83bc3f4cee85c677d317b773e3ec272\")>\nexpected_wait = <selenium.webdriver.support.wait.WebDriverWait (session=\"b83bc3f4cee85c677d317b773e3ec272\")>\n\n    @pytest.fixture(scope=\"module\")\n    def scrape_ui(driver, expected_wait):\n        # open the browser\n        testutils.open_browser(driver, expected_wait)\n    \n        # Grab the data\n>       job_details = testutils.get_jobs_selenium()\n\ntests/Test_Selenium_Suite/test_corteva.py:26: \n_ _ _ _ _ _ _ _ _ _ _ _ _ _ _ _ _ _ _ _ _ _ _ _ _ _ _ _ _ _ _ _ _ _ _ _ _ _ _ _ \ntests/Test_Selenium_Suite/seleniumutils.py:77: in get_jobs_selenium\n    self.peviitor.search_company(self.company_name)\ntests/Test_Selenium_Suite/peviitor.py:28: in search_company\n    self.expected_wait.until(EC.presence_of_element_located((By.CSS_SELECTOR , self.search_input_css))).send_keys(company)\n_ _ _ _ _ _ _ _ _ _ _ _ _ _ _ _ _ _ _ _ _ _ _ _ _ _ _ _ _ _ _ _ _ _ _ _ _ _ _ _ \n\nself = <selenium.webdriver.support.wait.WebDriverWait (session=\"b83bc3f4cee85c677d317b773e3ec272\")>\nmethod = <function presence_of_element_located.<locals>._predicate at 0x7f869a8fbac0>\nmessage = ''\n\n    def until(self, method, message: str = \"\"):\n        \"\"\"Calls the method provided with the driver as an argument until the \\\n        return value does not evaluate to ``False``.\n    \n        :param method: callable(WebDriver)\n        :param message: optional message for :exc:`TimeoutException`\n        :returns: the result of the last call to `method`\n        :raises: :exc:`selenium.common.exceptions.TimeoutException` if timeout occurs\n        \"\"\"\n        screen = None\n        stacktrace = None\n    \n        end_time = time.monotonic() + self._timeout\n        while True:\n            try:\n                value = method(self._driver)\n                if value:\n                    return value\n            except self._ignored_exceptions as exc:\n                screen = getattr(exc, \"screen\", None)\n                stacktrace = getattr(exc, \"stacktrace\", None)\n            time.sleep(self._poll)\n            if time.monotonic() > end_time:\n                break\n>       raise TimeoutException(message, screen, stacktrace)\nE       selenium.common.exceptions.TimeoutException: Message: \nE       Stacktrace:\nE       #0 0x55a51171ee43 <unknown>\nE       #1 0x55a51140d4e7 <unknown>\nE       #2 0x55a51145835d <unknown>\nE       #3 0x55a511458411 <unknown>\nE       #4 0x55a51149b774 <unknown>\nE       #5 0x55a51147a47d <unknown>\nE       #6 0x55a511498c29 <unknown>\nE       #7 0x55a51147a1f3 <unknown>\nE       #8 0x55a51144b28a <unknown>\nE       #9 0x55a51144bc5e <unknown>\nE       #10 0x55a5116e316b <unknown>\nE       #11 0x55a5116e70bb <unknown>\nE       #12 0x55a5116cf281 <unknown>\nE       #13 0x55a5116e7c22 <unknown>\nE       #14 0x55a5116b413f <unknown>\nE       #15 0x55a51170df98 <unknown>\nE       #16 0x55a51170e170 <unknown>\nE       #17 0x55a51171df94 <unknown>\nE       #18 0x7f034f3f0609 start_thread\n\n/opt/hostedtoolcache/Python/3.10.14/x64/lib/python3.10/site-packages/selenium-4.10.0-py3.10.egg/selenium/webdriver/support/wait.py:95: TimeoutException"}, "start": 1715491189396, "stop": 1715491189396, "uuid": "efb0053a-4d02-49b9-9cfa-f561c7cc91b0", "historyId": "954fd827196d071ef94c5a7f689c8d1f", "testCaseId": "954fd827196d071ef94c5a7f689c8d1f", "fullName": "Test_Selenium_Suite.test_corteva#test_corteva_job_count_ui", "labels": [{"name": "tag", "value": "ui"}, {"name": "tag", "value": "regression"}, {"name": "parentSuite", "value": "Test_Selenium_Suite"}, {"name": "suite", "value": "test_corteva"}, {"name": "host", "value": "fv-az519-180"}, {"name": "thread", "value": "2283-MainThread"}, {"name": "framework", "value": "pytest"}, {"name": "language", "value": "cpython3"}, {"name": "package", "value": "Test_Selenium_Suite.test_corteva"}]}