{"name": "test_azur_link_scraper", "status": "broken", "statusDetails": {"message": "selenium.common.exceptions.TimeoutException: Message: \nStacktrace:\n#0 0x561f2db1eeca <unknown>\n#1 0x561f2d80845c <unknown>\n#2 0x561f2d8545b5 <unknown>\n#3 0x561f2d854671 <unknown>\n#4 0x561f2d898f14 <unknown>\n#5 0x561f2d8774dd <unknown>\n#6 0x561f2d8962cc <unknown>\n#7 0x561f2d877253 <unknown>\n#8 0x561f2d8471c7 <unknown>\n#9 0x561f2d847b3e <unknown>\n#10 0x561f2dae530b <unknown>\n#11 0x561f2dae93b7 <unknown>\n#12 0x561f2dad1e3e <unknown>\n#13 0x561f2dae9e82 <unknown>\n#14 0x561f2dab67df <unknown>\n#15 0x561f2db0e1b8 <unknown>\n#16 0x561f2db0e38b <unknown>\n#17 0x561f2db1dffc <unknown>\n#18 0x7f8cf4ef9609 start_thread", "trace": "driver = <selenium.webdriver.chrome.webdriver.WebDriver (session=\"c5a22f761c2d59ddbe5628d8d0798ca8\")>\nexpected_wait = <selenium.webdriver.support.wait.WebDriverWait (session=\"c5a22f761c2d59ddbe5628d8d0798ca8\")>\n\n    @pytest.fixture(scope=\"module\")\n    def scrape_ui(driver, expected_wait):\n        # open the browser\n        testutils.open_browser(driver, expected_wait)\n    \n        # Grab the data\n>       job_details = testutils.get_jobs_selenium()\n\ntests/Test_Selenium_Suite/test_azur.py:26: \n_ _ _ _ _ _ _ _ _ _ _ _ _ _ _ _ _ _ _ _ _ _ _ _ _ _ _ _ _ _ _ _ _ _ _ _ _ _ _ _ \ntests/Test_Selenium_Suite/seleniumutils.py:77: in get_jobs_selenium\n    self.peviitor.search_company(self.company_name)\ntests/Test_Selenium_Suite/peviitor.py:28: in search_company\n    self.expected_wait.until(EC.presence_of_element_located((By.CSS_SELECTOR , self.search_input_css))).send_keys(company)\n_ _ _ _ _ _ _ _ _ _ _ _ _ _ _ _ _ _ _ _ _ _ _ _ _ _ _ _ _ _ _ _ _ _ _ _ _ _ _ _ \n\nself = <selenium.webdriver.support.wait.WebDriverWait (session=\"c5a22f761c2d59ddbe5628d8d0798ca8\")>\nmethod = <function presence_of_element_located.<locals>._predicate at 0x7fa1d0b15750>\nmessage = ''\n\n    def until(self, method, message: str = \"\"):\n        \"\"\"Calls the method provided with the driver as an argument until the \\\n        return value does not evaluate to ``False``.\n    \n        :param method: callable(WebDriver)\n        :param message: optional message for :exc:`TimeoutException`\n        :returns: the result of the last call to `method`\n        :raises: :exc:`selenium.common.exceptions.TimeoutException` if timeout occurs\n        \"\"\"\n        screen = None\n        stacktrace = None\n    \n        end_time = time.monotonic() + self._timeout\n        while True:\n            try:\n                value = method(self._driver)\n                if value:\n                    return value\n            except self._ignored_exceptions as exc:\n                screen = getattr(exc, \"screen\", None)\n                stacktrace = getattr(exc, \"stacktrace\", None)\n            time.sleep(self._poll)\n            if time.monotonic() > end_time:\n                break\n>       raise TimeoutException(message, screen, stacktrace)\nE       selenium.common.exceptions.TimeoutException: Message: \nE       Stacktrace:\nE       #0 0x561f2db1eeca <unknown>\nE       #1 0x561f2d80845c <unknown>\nE       #2 0x561f2d8545b5 <unknown>\nE       #3 0x561f2d854671 <unknown>\nE       #4 0x561f2d898f14 <unknown>\nE       #5 0x561f2d8774dd <unknown>\nE       #6 0x561f2d8962cc <unknown>\nE       #7 0x561f2d877253 <unknown>\nE       #8 0x561f2d8471c7 <unknown>\nE       #9 0x561f2d847b3e <unknown>\nE       #10 0x561f2dae530b <unknown>\nE       #11 0x561f2dae93b7 <unknown>\nE       #12 0x561f2dad1e3e <unknown>\nE       #13 0x561f2dae9e82 <unknown>\nE       #14 0x561f2dab67df <unknown>\nE       #15 0x561f2db0e1b8 <unknown>\nE       #16 0x561f2db0e38b <unknown>\nE       #17 0x561f2db1dffc <unknown>\nE       #18 0x7f8cf4ef9609 start_thread\n\n/opt/hostedtoolcache/Python/3.10.14/x64/lib/python3.10/site-packages/selenium-4.10.0-py3.10.egg/selenium/webdriver/support/wait.py:95: TimeoutException"}, "start": 1716009507375, "stop": 1716009507375, "uuid": "a3394f94-eeef-481f-a2d0-5199caf767de", "historyId": "1372227bb81c8c1150a00292842dbc41", "testCaseId": "1372227bb81c8c1150a00292842dbc41", "fullName": "Test_Selenium_Suite.test_azur#test_azur_link_scraper", "labels": [{"name": "tag", "value": "ui"}, {"name": "tag", "value": "regression"}, {"name": "parentSuite", "value": "Test_Selenium_Suite"}, {"name": "suite", "value": "test_azur"}, {"name": "host", "value": "fv-az839-501"}, {"name": "thread", "value": "2295-MainThread"}, {"name": "framework", "value": "pytest"}, {"name": "language", "value": "cpython3"}, {"name": "package", "value": "Test_Selenium_Suite.test_azur"}]}