{"name": "test_bunge_titles_scraper", "status": "broken", "statusDetails": {"message": "selenium.common.exceptions.TimeoutException: Message: \nStacktrace:\n#0 0x564fd1657dc3 <unknown>\n#1 0x564fd13464e7 <unknown>\n#2 0x564fd139135d <unknown>\n#3 0x564fd1391411 <unknown>\n#4 0x564fd13d4774 <unknown>\n#5 0x564fd13b347d <unknown>\n#6 0x564fd13d1c29 <unknown>\n#7 0x564fd13b31f3 <unknown>\n#8 0x564fd138428a <unknown>\n#9 0x564fd1384c5e <unknown>\n#10 0x564fd161c0eb <unknown>\n#11 0x564fd162003b <unknown>\n#12 0x564fd1608201 <unknown>\n#13 0x564fd1620ba2 <unknown>\n#14 0x564fd15ed0bf <unknown>\n#15 0x564fd1646f18 <unknown>\n#16 0x564fd16470f0 <unknown>\n#17 0x564fd1656f14 <unknown>\n#18 0x7f49c91d2609 start_thread", "trace": "driver = <selenium.webdriver.chrome.webdriver.WebDriver (session=\"547860110bdfadbdd944eb66af16e76e\")>\nexpected_wait = <selenium.webdriver.support.wait.WebDriverWait (session=\"547860110bdfadbdd944eb66af16e76e\")>\n\n    @pytest.fixture(scope=\"module\")\n    def scrape_ui(driver, expected_wait):\n        # open the browser\n        testutils.open_browser(driver, expected_wait)\n    \n        # Grab the data\n>       job_details = testutils.get_jobs_selenium()\n\ntests/Test_Selenium_Suite/test_bunge.py:26: \n_ _ _ _ _ _ _ _ _ _ _ _ _ _ _ _ _ _ _ _ _ _ _ _ _ _ _ _ _ _ _ _ _ _ _ _ _ _ _ _ \ntests/Test_Selenium_Suite/seleniumutils.py:77: in get_jobs_selenium\n    self.peviitor.search_company(self.company_name)\ntests/Test_Selenium_Suite/peviitor.py:28: in search_company\n    self.expected_wait.until(EC.presence_of_element_located((By.CSS_SELECTOR , self.search_input_css))).send_keys(company)\n_ _ _ _ _ _ _ _ _ _ _ _ _ _ _ _ _ _ _ _ _ _ _ _ _ _ _ _ _ _ _ _ _ _ _ _ _ _ _ _ \n\nself = <selenium.webdriver.support.wait.WebDriverWait (session=\"547860110bdfadbdd944eb66af16e76e\")>\nmethod = <function presence_of_element_located.<locals>._predicate at 0x7fb531daed40>\nmessage = ''\n\n    def until(self, method, message: str = \"\"):\n        \"\"\"Calls the method provided with the driver as an argument until the \\\n        return value does not evaluate to ``False``.\n    \n        :param method: callable(WebDriver)\n        :param message: optional message for :exc:`TimeoutException`\n        :returns: the result of the last call to `method`\n        :raises: :exc:`selenium.common.exceptions.TimeoutException` if timeout occurs\n        \"\"\"\n        screen = None\n        stacktrace = None\n    \n        end_time = time.monotonic() + self._timeout\n        while True:\n            try:\n                value = method(self._driver)\n                if value:\n                    return value\n            except self._ignored_exceptions as exc:\n                screen = getattr(exc, \"screen\", None)\n                stacktrace = getattr(exc, \"stacktrace\", None)\n            time.sleep(self._poll)\n            if time.monotonic() > end_time:\n                break\n>       raise TimeoutException(message, screen, stacktrace)\nE       selenium.common.exceptions.TimeoutException: Message: \nE       Stacktrace:\nE       #0 0x564fd1657dc3 <unknown>\nE       #1 0x564fd13464e7 <unknown>\nE       #2 0x564fd139135d <unknown>\nE       #3 0x564fd1391411 <unknown>\nE       #4 0x564fd13d4774 <unknown>\nE       #5 0x564fd13b347d <unknown>\nE       #6 0x564fd13d1c29 <unknown>\nE       #7 0x564fd13b31f3 <unknown>\nE       #8 0x564fd138428a <unknown>\nE       #9 0x564fd1384c5e <unknown>\nE       #10 0x564fd161c0eb <unknown>\nE       #11 0x564fd162003b <unknown>\nE       #12 0x564fd1608201 <unknown>\nE       #13 0x564fd1620ba2 <unknown>\nE       #14 0x564fd15ed0bf <unknown>\nE       #15 0x564fd1646f18 <unknown>\nE       #16 0x564fd16470f0 <unknown>\nE       #17 0x564fd1656f14 <unknown>\nE       #18 0x7f49c91d2609 start_thread\n\n/opt/hostedtoolcache/Python/3.10.14/x64/lib/python3.10/site-packages/selenium-4.10.0-py3.10.egg/selenium/webdriver/support/wait.py:95: TimeoutException"}, "start": 1715750388047, "stop": 1715750388047, "uuid": "daf4ca63-dda1-4fa5-9ec8-8425aadcdff3", "historyId": "fab9539e611852827b4337ebc179e6ed", "testCaseId": "fab9539e611852827b4337ebc179e6ed", "fullName": "Test_Selenium_Suite.test_bunge#test_bunge_titles_scraper", "labels": [{"name": "tag", "value": "ui"}, {"name": "tag", "value": "regression"}, {"name": "parentSuite", "value": "Test_Selenium_Suite"}, {"name": "suite", "value": "test_bunge"}, {"name": "host", "value": "fv-az519-180"}, {"name": "thread", "value": "2059-MainThread"}, {"name": "framework", "value": "pytest"}, {"name": "language", "value": "cpython3"}, {"name": "package", "value": "Test_Selenium_Suite.test_bunge"}]}