{"name": "test_jumbo_link_ui", "status": "broken", "statusDetails": {"message": "selenium.common.exceptions.TimeoutException: Message: \nStacktrace:\n#0 0x556459303eca <unknown>\n#1 0x556458fed45c <unknown>\n#2 0x5564590395b5 <unknown>\n#3 0x556459039671 <unknown>\n#4 0x55645907df14 <unknown>\n#5 0x55645905c4dd <unknown>\n#6 0x55645907b2cc <unknown>\n#7 0x55645905c253 <unknown>\n#8 0x55645902c1c7 <unknown>\n#9 0x55645902cb3e <unknown>\n#10 0x5564592ca30b <unknown>\n#11 0x5564592ce3b7 <unknown>\n#12 0x5564592b6e3e <unknown>\n#13 0x5564592cee82 <unknown>\n#14 0x55645929b7df <unknown>\n#15 0x5564592f31b8 <unknown>\n#16 0x5564592f338b <unknown>\n#17 0x556459302ffc <unknown>\n#18 0x7fdb7f5f5609 start_thread", "trace": "driver = <selenium.webdriver.chrome.webdriver.WebDriver (session=\"460343d98c8b6d3fced324956b4f88b7\")>\nexpected_wait = <selenium.webdriver.support.wait.WebDriverWait (session=\"460343d98c8b6d3fced324956b4f88b7\")>\n\n    @pytest.fixture(scope=\"module\")\n    def scrape_ui(driver, expected_wait):\n        # open the browser\n        testutils.open_browser(driver, expected_wait)\n    \n        # Grab the data\n>       job_details = testutils.get_jobs_selenium()\n\ntests/Test_Selenium_Suite/test_jumbo.py:26: \n_ _ _ _ _ _ _ _ _ _ _ _ _ _ _ _ _ _ _ _ _ _ _ _ _ _ _ _ _ _ _ _ _ _ _ _ _ _ _ _ \ntests/Test_Selenium_Suite/seleniumutils.py:77: in get_jobs_selenium\n    self.peviitor.search_company(self.company_name)\ntests/Test_Selenium_Suite/peviitor.py:28: in search_company\n    self.expected_wait.until(EC.presence_of_element_located((By.CSS_SELECTOR , self.search_input_css))).send_keys(company)\n_ _ _ _ _ _ _ _ _ _ _ _ _ _ _ _ _ _ _ _ _ _ _ _ _ _ _ _ _ _ _ _ _ _ _ _ _ _ _ _ \n\nself = <selenium.webdriver.support.wait.WebDriverWait (session=\"460343d98c8b6d3fced324956b4f88b7\")>\nmethod = <function presence_of_element_located.<locals>._predicate at 0x7f6c5c7384c0>\nmessage = ''\n\n    def until(self, method, message: str = \"\"):\n        \"\"\"Calls the method provided with the driver as an argument until the \\\n        return value does not evaluate to ``False``.\n    \n        :param method: callable(WebDriver)\n        :param message: optional message for :exc:`TimeoutException`\n        :returns: the result of the last call to `method`\n        :raises: :exc:`selenium.common.exceptions.TimeoutException` if timeout occurs\n        \"\"\"\n        screen = None\n        stacktrace = None\n    \n        end_time = time.monotonic() + self._timeout\n        while True:\n            try:\n                value = method(self._driver)\n                if value:\n                    return value\n            except self._ignored_exceptions as exc:\n                screen = getattr(exc, \"screen\", None)\n                stacktrace = getattr(exc, \"stacktrace\", None)\n            time.sleep(self._poll)\n            if time.monotonic() > end_time:\n                break\n>       raise TimeoutException(message, screen, stacktrace)\nE       selenium.common.exceptions.TimeoutException: Message: \nE       Stacktrace:\nE       #0 0x556459303eca <unknown>\nE       #1 0x556458fed45c <unknown>\nE       #2 0x5564590395b5 <unknown>\nE       #3 0x556459039671 <unknown>\nE       #4 0x55645907df14 <unknown>\nE       #5 0x55645905c4dd <unknown>\nE       #6 0x55645907b2cc <unknown>\nE       #7 0x55645905c253 <unknown>\nE       #8 0x55645902c1c7 <unknown>\nE       #9 0x55645902cb3e <unknown>\nE       #10 0x5564592ca30b <unknown>\nE       #11 0x5564592ce3b7 <unknown>\nE       #12 0x5564592b6e3e <unknown>\nE       #13 0x5564592cee82 <unknown>\nE       #14 0x55645929b7df <unknown>\nE       #15 0x5564592f31b8 <unknown>\nE       #16 0x5564592f338b <unknown>\nE       #17 0x556459302ffc <unknown>\nE       #18 0x7fdb7f5f5609 start_thread\n\n/opt/hostedtoolcache/Python/3.10.14/x64/lib/python3.10/site-packages/selenium-4.10.0-py3.10.egg/selenium/webdriver/support/wait.py:95: TimeoutException"}, "start": 1716182448333, "stop": 1716182448333, "uuid": "72e1f124-c3d3-4c15-9422-4e838369d1b0", "historyId": "1920b7fe9b7099f9942c307134575468", "testCaseId": "1920b7fe9b7099f9942c307134575468", "fullName": "Test_Selenium_Suite.test_jumbo#test_jumbo_link_ui", "labels": [{"name": "tag", "value": "ui"}, {"name": "tag", "value": "regression"}, {"name": "parentSuite", "value": "Test_Selenium_Suite"}, {"name": "suite", "value": "test_jumbo"}, {"name": "host", "value": "fv-az1041-271"}, {"name": "thread", "value": "2005-MainThread"}, {"name": "framework", "value": "pytest"}, {"name": "language", "value": "cpython3"}, {"name": "package", "value": "Test_Selenium_Suite.test_jumbo"}]}