{"name": "test_canamgroup_titles_ui", "status": "broken", "statusDetails": {"message": "selenium.common.exceptions.TimeoutException: Message:", "trace": "driver = <selenium.webdriver.chrome.webdriver.WebDriver (session=\"cf5e07b35cc83184a711537e85a39f9f\")>\nexpected_wait = <selenium.webdriver.support.wait.WebDriverWait (session=\"cf5e07b35cc83184a711537e85a39f9f\")>\n\n    @pytest.fixture(scope=\"module\")\n    def scrape_ui(driver, expected_wait):\n        # open the browser\n        testutils.open_browser(driver, expected_wait)\n    \n        # Grab the data\n>       job_details = testutils.get_jobs_selenium()\n\ntests/Test_Selenium_Suite/test_canamgroup.py:26: \n_ _ _ _ _ _ _ _ _ _ _ _ _ _ _ _ _ _ _ _ _ _ _ _ _ _ _ _ _ _ _ _ _ _ _ _ _ _ _ _ \ntests/Test_Selenium_Suite/seleniumutils.py:81: in get_jobs_selenium\n    job_titles = self.peviitor.get_all_job_titles()\ntests/Test_Selenium_Suite/peviitor.py:59: in get_all_job_titles\n    job_titles = self.expected_wait.until(EC.presence_of_all_elements_located((By.CLASS_NAME , self.job_titles_class)))\n_ _ _ _ _ _ _ _ _ _ _ _ _ _ _ _ _ _ _ _ _ _ _ _ _ _ _ _ _ _ _ _ _ _ _ _ _ _ _ _ \n\nself = <selenium.webdriver.support.wait.WebDriverWait (session=\"cf5e07b35cc83184a711537e85a39f9f\")>\nmethod = <function presence_of_all_elements_located.<locals>._predicate at 0x7ff0273ac940>\nmessage = ''\n\n    def until(self, method, message: str = \"\"):\n        \"\"\"Calls the method provided with the driver as an argument until the \\\n        return value does not evaluate to ``False``.\n    \n        :param method: callable(WebDriver)\n        :param message: optional message for :exc:`TimeoutException`\n        :returns: the result of the last call to `method`\n        :raises: :exc:`selenium.common.exceptions.TimeoutException` if timeout occurs\n        \"\"\"\n        screen = None\n        stacktrace = None\n    \n        end_time = time.monotonic() + self._timeout\n        while True:\n            try:\n                value = method(self._driver)\n                if value:\n                    return value\n            except self._ignored_exceptions as exc:\n                screen = getattr(exc, \"screen\", None)\n                stacktrace = getattr(exc, \"stacktrace\", None)\n            time.sleep(self._poll)\n            if time.monotonic() > end_time:\n                break\n>       raise TimeoutException(message, screen, stacktrace)\nE       selenium.common.exceptions.TimeoutException: Message:\n\n/opt/hostedtoolcache/Python/3.10.14/x64/lib/python3.10/site-packages/selenium-4.10.0-py3.10.egg/selenium/webdriver/support/wait.py:95: TimeoutException"}, "start": 1713417492387, "stop": 1713417492387, "uuid": "878a52bc-11f6-499d-adf8-9fa12890d2f1", "historyId": "bcdb75f52eb88e44c1db7f9be274e102", "testCaseId": "bcdb75f52eb88e44c1db7f9be274e102", "fullName": "Test_Selenium_Suite.test_canamgroup#test_canamgroup_titles_ui", "labels": [{"name": "tag", "value": "ui"}, {"name": "tag", "value": "regression"}, {"name": "parentSuite", "value": "Test_Selenium_Suite"}, {"name": "suite", "value": "test_canamgroup"}, {"name": "host", "value": "fv-az1386-446"}, {"name": "thread", "value": "2337-MainThread"}, {"name": "framework", "value": "pytest"}, {"name": "language", "value": "cpython3"}, {"name": "package", "value": "Test_Selenium_Suite.test_canamgroup"}]}