{"name": "test_agilefreaks_job_count_ui", "status": "broken", "statusDetails": {"message": "selenium.common.exceptions.TimeoutException: Message: \nStacktrace:\n#0 0x562ee4a01e43 <unknown>\n#1 0x562ee46f04e7 <unknown>\n#2 0x562ee473b35d <unknown>\n#3 0x562ee473b411 <unknown>\n#4 0x562ee477e774 <unknown>\n#5 0x562ee475d47d <unknown>\n#6 0x562ee477bc29 <unknown>\n#7 0x562ee475d1f3 <unknown>\n#8 0x562ee472e28a <unknown>\n#9 0x562ee472ec5e <unknown>\n#10 0x562ee49c616b <unknown>\n#11 0x562ee49ca0bb <unknown>\n#12 0x562ee49b2281 <unknown>\n#13 0x562ee49cac22 <unknown>\n#14 0x562ee499713f <unknown>\n#15 0x562ee49f0f98 <unknown>\n#16 0x562ee49f1170 <unknown>\n#17 0x562ee4a00f94 <unknown>\n#18 0x7f52de22d609 start_thread", "trace": "driver = <selenium.webdriver.chrome.webdriver.WebDriver (session=\"523cad2400b8e7306106513a7cb9943c\")>\nexpected_wait = <selenium.webdriver.support.wait.WebDriverWait (session=\"523cad2400b8e7306106513a7cb9943c\")>\n\n    @pytest.fixture(scope=\"module\")\n    def scrape_ui(driver, expected_wait):\n        # open the browser\n        testutils.open_browser(driver, expected_wait)\n    \n        # Grab the data\n>       job_details = testutils.get_jobs_selenium()\n\ntests/Test_Selenium_Suite/test_agilefreaks.py:26: \n_ _ _ _ _ _ _ _ _ _ _ _ _ _ _ _ _ _ _ _ _ _ _ _ _ _ _ _ _ _ _ _ _ _ _ _ _ _ _ _ \ntests/Test_Selenium_Suite/seleniumutils.py:77: in get_jobs_selenium\n    self.peviitor.search_company(self.company_name)\ntests/Test_Selenium_Suite/peviitor.py:28: in search_company\n    self.expected_wait.until(EC.presence_of_element_located((By.CSS_SELECTOR , self.search_input_css))).send_keys(company)\n_ _ _ _ _ _ _ _ _ _ _ _ _ _ _ _ _ _ _ _ _ _ _ _ _ _ _ _ _ _ _ _ _ _ _ _ _ _ _ _ \n\nself = <selenium.webdriver.support.wait.WebDriverWait (session=\"523cad2400b8e7306106513a7cb9943c\")>\nmethod = <function presence_of_element_located.<locals>._predicate at 0x7f869ab9c5e0>\nmessage = ''\n\n    def until(self, method, message: str = \"\"):\n        \"\"\"Calls the method provided with the driver as an argument until the \\\n        return value does not evaluate to ``False``.\n    \n        :param method: callable(WebDriver)\n        :param message: optional message for :exc:`TimeoutException`\n        :returns: the result of the last call to `method`\n        :raises: :exc:`selenium.common.exceptions.TimeoutException` if timeout occurs\n        \"\"\"\n        screen = None\n        stacktrace = None\n    \n        end_time = time.monotonic() + self._timeout\n        while True:\n            try:\n                value = method(self._driver)\n                if value:\n                    return value\n            except self._ignored_exceptions as exc:\n                screen = getattr(exc, \"screen\", None)\n                stacktrace = getattr(exc, \"stacktrace\", None)\n            time.sleep(self._poll)\n            if time.monotonic() > end_time:\n                break\n>       raise TimeoutException(message, screen, stacktrace)\nE       selenium.common.exceptions.TimeoutException: Message: \nE       Stacktrace:\nE       #0 0x562ee4a01e43 <unknown>\nE       #1 0x562ee46f04e7 <unknown>\nE       #2 0x562ee473b35d <unknown>\nE       #3 0x562ee473b411 <unknown>\nE       #4 0x562ee477e774 <unknown>\nE       #5 0x562ee475d47d <unknown>\nE       #6 0x562ee477bc29 <unknown>\nE       #7 0x562ee475d1f3 <unknown>\nE       #8 0x562ee472e28a <unknown>\nE       #9 0x562ee472ec5e <unknown>\nE       #10 0x562ee49c616b <unknown>\nE       #11 0x562ee49ca0bb <unknown>\nE       #12 0x562ee49b2281 <unknown>\nE       #13 0x562ee49cac22 <unknown>\nE       #14 0x562ee499713f <unknown>\nE       #15 0x562ee49f0f98 <unknown>\nE       #16 0x562ee49f1170 <unknown>\nE       #17 0x562ee4a00f94 <unknown>\nE       #18 0x7f52de22d609 start_thread\n\n/opt/hostedtoolcache/Python/3.10.14/x64/lib/python3.10/site-packages/selenium-4.10.0-py3.10.egg/selenium/webdriver/support/wait.py:95: TimeoutException"}, "start": 1715491068551, "stop": 1715491068551, "uuid": "4bb559f5-0139-421b-a66f-b4611216f140", "historyId": "047a69a58a2cf29ac4128d3472fa47fa", "testCaseId": "047a69a58a2cf29ac4128d3472fa47fa", "fullName": "Test_Selenium_Suite.test_agilefreaks#test_agilefreaks_job_count_ui", "labels": [{"name": "tag", "value": "ui"}, {"name": "tag", "value": "regression"}, {"name": "parentSuite", "value": "Test_Selenium_Suite"}, {"name": "suite", "value": "test_agilefreaks"}, {"name": "host", "value": "fv-az519-180"}, {"name": "thread", "value": "2283-MainThread"}, {"name": "framework", "value": "pytest"}, {"name": "language", "value": "cpython3"}, {"name": "package", "value": "Test_Selenium_Suite.test_agilefreaks"}]}