{"name": "test_c4media_link_scraper", "status": "broken", "statusDetails": {"message": "selenium.common.exceptions.TimeoutException: Message: \nStacktrace:\n#0 0x55aa1c3d4e9a <unknown>\n#1 0x55aa1c0be45c <unknown>\n#2 0x55aa1c10a5b5 <unknown>\n#3 0x55aa1c10a671 <unknown>\n#4 0x55aa1c14ef14 <unknown>\n#5 0x55aa1c12d4dd <unknown>\n#6 0x55aa1c14c2cc <unknown>\n#7 0x55aa1c12d253 <unknown>\n#8 0x55aa1c0fd1c7 <unknown>\n#9 0x55aa1c0fdb3e <unknown>\n#10 0x55aa1c39b2db <unknown>\n#11 0x55aa1c39f387 <unknown>\n#12 0x55aa1c387e0e <unknown>\n#13 0x55aa1c39fe52 <unknown>\n#14 0x55aa1c36c7af <unknown>\n#15 0x55aa1c3c4188 <unknown>\n#16 0x55aa1c3c435b <unknown>\n#17 0x55aa1c3d3fcc <unknown>\n#18 0x7f56cb5d9609 start_thread", "trace": "driver = <selenium.webdriver.chrome.webdriver.WebDriver (session=\"da74919db4b8987cf53f9b12e45b4f6a\")>\nexpected_wait = <selenium.webdriver.support.wait.WebDriverWait (session=\"da74919db4b8987cf53f9b12e45b4f6a\")>\n\n    @pytest.fixture(scope=\"module\")\n    def scrape_ui(driver, expected_wait):\n        # open the browser\n        testutils.open_browser(driver, expected_wait)\n    \n        # Grab the data\n>       job_details = testutils.get_jobs_selenium()\n\ntests/Test_Selenium_Suite/test_c4media.py:26: \n_ _ _ _ _ _ _ _ _ _ _ _ _ _ _ _ _ _ _ _ _ _ _ _ _ _ _ _ _ _ _ _ _ _ _ _ _ _ _ _ \ntests/Test_Selenium_Suite/seleniumutils.py:77: in get_jobs_selenium\n    self.peviitor.search_company(self.company_name)\ntests/Test_Selenium_Suite/peviitor.py:28: in search_company\n    self.expected_wait.until(EC.presence_of_element_located((By.CSS_SELECTOR , self.search_input_css))).send_keys(company)\n_ _ _ _ _ _ _ _ _ _ _ _ _ _ _ _ _ _ _ _ _ _ _ _ _ _ _ _ _ _ _ _ _ _ _ _ _ _ _ _ \n\nself = <selenium.webdriver.support.wait.WebDriverWait (session=\"da74919db4b8987cf53f9b12e45b4f6a\")>\nmethod = <function presence_of_element_located.<locals>._predicate at 0x7fe2b38676d0>\nmessage = ''\n\n    def until(self, method, message: str = \"\"):\n        \"\"\"Calls the method provided with the driver as an argument until the \\\n        return value does not evaluate to ``False``.\n    \n        :param method: callable(WebDriver)\n        :param message: optional message for :exc:`TimeoutException`\n        :returns: the result of the last call to `method`\n        :raises: :exc:`selenium.common.exceptions.TimeoutException` if timeout occurs\n        \"\"\"\n        screen = None\n        stacktrace = None\n    \n        end_time = time.monotonic() + self._timeout\n        while True:\n            try:\n                value = method(self._driver)\n                if value:\n                    return value\n            except self._ignored_exceptions as exc:\n                screen = getattr(exc, \"screen\", None)\n                stacktrace = getattr(exc, \"stacktrace\", None)\n            time.sleep(self._poll)\n            if time.monotonic() > end_time:\n                break\n>       raise TimeoutException(message, screen, stacktrace)\nE       selenium.common.exceptions.TimeoutException: Message: \nE       Stacktrace:\nE       #0 0x55aa1c3d4e9a <unknown>\nE       #1 0x55aa1c0be45c <unknown>\nE       #2 0x55aa1c10a5b5 <unknown>\nE       #3 0x55aa1c10a671 <unknown>\nE       #4 0x55aa1c14ef14 <unknown>\nE       #5 0x55aa1c12d4dd <unknown>\nE       #6 0x55aa1c14c2cc <unknown>\nE       #7 0x55aa1c12d253 <unknown>\nE       #8 0x55aa1c0fd1c7 <unknown>\nE       #9 0x55aa1c0fdb3e <unknown>\nE       #10 0x55aa1c39b2db <unknown>\nE       #11 0x55aa1c39f387 <unknown>\nE       #12 0x55aa1c387e0e <unknown>\nE       #13 0x55aa1c39fe52 <unknown>\nE       #14 0x55aa1c36c7af <unknown>\nE       #15 0x55aa1c3c4188 <unknown>\nE       #16 0x55aa1c3c435b <unknown>\nE       #17 0x55aa1c3d3fcc <unknown>\nE       #18 0x7f56cb5d9609 start_thread\n\n/opt/hostedtoolcache/Python/3.10.14/x64/lib/python3.10/site-packages/selenium-4.10.0-py3.10.egg/selenium/webdriver/support/wait.py:95: TimeoutException"}, "start": 1716441624166, "stop": 1716441624166, "uuid": "4d1ecfef-7787-43ea-92f7-42cd9789f4f0", "historyId": "ff1a378bf5663e0fc81a35622e626066", "testCaseId": "ff1a378bf5663e0fc81a35622e626066", "fullName": "Test_Selenium_Suite.test_c4media#test_c4media_link_scraper", "labels": [{"name": "tag", "value": "ui"}, {"name": "tag", "value": "regression"}, {"name": "parentSuite", "value": "Test_Selenium_Suite"}, {"name": "suite", "value": "test_c4media"}, {"name": "host", "value": "fv-az1115-290"}, {"name": "thread", "value": "2100-MainThread"}, {"name": "framework", "value": "pytest"}, {"name": "language", "value": "cpython3"}, {"name": "package", "value": "Test_Selenium_Suite.test_c4media"}]}