{"name": "test_agilefreaks_company_ui", "status": "broken", "statusDetails": {"message": "selenium.common.exceptions.TimeoutException: Message: \nStacktrace:\n#0 0x5645079a8eca <unknown>\n#1 0x56450769245c <unknown>\n#2 0x5645076de5b5 <unknown>\n#3 0x5645076de671 <unknown>\n#4 0x564507722f14 <unknown>\n#5 0x5645077014dd <unknown>\n#6 0x5645077202cc <unknown>\n#7 0x564507701253 <unknown>\n#8 0x5645076d11c7 <unknown>\n#9 0x5645076d1b3e <unknown>\n#10 0x56450796f30b <unknown>\n#11 0x5645079733b7 <unknown>\n#12 0x56450795be3e <unknown>\n#13 0x564507973e82 <unknown>\n#14 0x5645079407df <unknown>\n#15 0x5645079981b8 <unknown>\n#16 0x56450799838b <unknown>\n#17 0x5645079a7ffc <unknown>\n#18 0x7fbebffbb609 start_thread", "trace": "driver = <selenium.webdriver.chrome.webdriver.WebDriver (session=\"43cabf8604ef3e1fffd8e022e31bfd8b\")>\nexpected_wait = <selenium.webdriver.support.wait.WebDriverWait (session=\"43cabf8604ef3e1fffd8e022e31bfd8b\")>\n\n    @pytest.fixture(scope=\"module\")\n    def scrape_ui(driver, expected_wait):\n        # open the browser\n        testutils.open_browser(driver, expected_wait)\n    \n        # Grab the data\n>       job_details = testutils.get_jobs_selenium()\n\ntests/Test_Selenium_Suite/test_agilefreaks.py:26: \n_ _ _ _ _ _ _ _ _ _ _ _ _ _ _ _ _ _ _ _ _ _ _ _ _ _ _ _ _ _ _ _ _ _ _ _ _ _ _ _ \ntests/Test_Selenium_Suite/seleniumutils.py:77: in get_jobs_selenium\n    self.peviitor.search_company(self.company_name)\ntests/Test_Selenium_Suite/peviitor.py:28: in search_company\n    self.expected_wait.until(EC.presence_of_element_located((By.CSS_SELECTOR , self.search_input_css))).send_keys(company)\n_ _ _ _ _ _ _ _ _ _ _ _ _ _ _ _ _ _ _ _ _ _ _ _ _ _ _ _ _ _ _ _ _ _ _ _ _ _ _ _ \n\nself = <selenium.webdriver.support.wait.WebDriverWait (session=\"43cabf8604ef3e1fffd8e022e31bfd8b\")>\nmethod = <function presence_of_element_located.<locals>._predicate at 0x7f33f7954940>\nmessage = ''\n\n    def until(self, method, message: str = \"\"):\n        \"\"\"Calls the method provided with the driver as an argument until the \\\n        return value does not evaluate to ``False``.\n    \n        :param method: callable(WebDriver)\n        :param message: optional message for :exc:`TimeoutException`\n        :returns: the result of the last call to `method`\n        :raises: :exc:`selenium.common.exceptions.TimeoutException` if timeout occurs\n        \"\"\"\n        screen = None\n        stacktrace = None\n    \n        end_time = time.monotonic() + self._timeout\n        while True:\n            try:\n                value = method(self._driver)\n                if value:\n                    return value\n            except self._ignored_exceptions as exc:\n                screen = getattr(exc, \"screen\", None)\n                stacktrace = getattr(exc, \"stacktrace\", None)\n            time.sleep(self._poll)\n            if time.monotonic() > end_time:\n                break\n>       raise TimeoutException(message, screen, stacktrace)\nE       selenium.common.exceptions.TimeoutException: Message: \nE       Stacktrace:\nE       #0 0x5645079a8eca <unknown>\nE       #1 0x56450769245c <unknown>\nE       #2 0x5645076de5b5 <unknown>\nE       #3 0x5645076de671 <unknown>\nE       #4 0x564507722f14 <unknown>\nE       #5 0x5645077014dd <unknown>\nE       #6 0x5645077202cc <unknown>\nE       #7 0x564507701253 <unknown>\nE       #8 0x5645076d11c7 <unknown>\nE       #9 0x5645076d1b3e <unknown>\nE       #10 0x56450796f30b <unknown>\nE       #11 0x5645079733b7 <unknown>\nE       #12 0x56450795be3e <unknown>\nE       #13 0x564507973e82 <unknown>\nE       #14 0x5645079407df <unknown>\nE       #15 0x5645079981b8 <unknown>\nE       #16 0x56450799838b <unknown>\nE       #17 0x5645079a7ffc <unknown>\nE       #18 0x7fbebffbb609 start_thread\n\n/opt/hostedtoolcache/Python/3.10.14/x64/lib/python3.10/site-packages/selenium-4.10.0-py3.10.egg/selenium/webdriver/support/wait.py:95: TimeoutException"}, "start": 1715923137823, "stop": 1715923137823, "uuid": "57aa6777-80ae-4a03-85fc-e2402587b7b3", "historyId": "d3fb179b1e1e4fbc4386a80621ebbdc7", "testCaseId": "d3fb179b1e1e4fbc4386a80621ebbdc7", "fullName": "Test_Selenium_Suite.test_agilefreaks#test_agilefreaks_company_ui", "labels": [{"name": "tag", "value": "ui"}, {"name": "tag", "value": "regression"}, {"name": "parentSuite", "value": "Test_Selenium_Suite"}, {"name": "suite", "value": "test_agilefreaks"}, {"name": "host", "value": "fv-az1021-211"}, {"name": "thread", "value": "2285-MainThread"}, {"name": "framework", "value": "pytest"}, {"name": "language", "value": "cpython3"}, {"name": "package", "value": "Test_Selenium_Suite.test_agilefreaks"}]}