{"name": "test_emia_titles_scraper", "status": "broken", "statusDetails": {"message": "selenium.common.exceptions.TimeoutException: Message: \nStacktrace:\n#0 0x55cf6ba7eeca <unknown>\n#1 0x55cf6b76845c <unknown>\n#2 0x55cf6b7b45b5 <unknown>\n#3 0x55cf6b7b4671 <unknown>\n#4 0x55cf6b7f8f14 <unknown>\n#5 0x55cf6b7d74dd <unknown>\n#6 0x55cf6b7f62cc <unknown>\n#7 0x55cf6b7d7253 <unknown>\n#8 0x55cf6b7a71c7 <unknown>\n#9 0x55cf6b7a7b3e <unknown>\n#10 0x55cf6ba4530b <unknown>\n#11 0x55cf6ba493b7 <unknown>\n#12 0x55cf6ba31e3e <unknown>\n#13 0x55cf6ba49e82 <unknown>\n#14 0x55cf6ba167df <unknown>\n#15 0x55cf6ba6e1b8 <unknown>\n#16 0x55cf6ba6e38b <unknown>\n#17 0x55cf6ba7dffc <unknown>\n#18 0x7f39196ee609 start_thread", "trace": "driver = <selenium.webdriver.chrome.webdriver.WebDriver (session=\"df5ca591a89b79bdaa8fbe96c0c15c7c\")>\nexpected_wait = <selenium.webdriver.support.wait.WebDriverWait (session=\"df5ca591a89b79bdaa8fbe96c0c15c7c\")>\n\n    @pytest.fixture(scope=\"module\")\n    def scrape_ui(driver, expected_wait):\n        # open the browser\n        testutils.open_browser(driver, expected_wait)\n    \n        # Grab the data\n>       job_details = testutils.get_jobs_selenium()\n\ntests/Test_Selenium_Suite/test_emia.py:26: \n_ _ _ _ _ _ _ _ _ _ _ _ _ _ _ _ _ _ _ _ _ _ _ _ _ _ _ _ _ _ _ _ _ _ _ _ _ _ _ _ \ntests/Test_Selenium_Suite/seleniumutils.py:77: in get_jobs_selenium\n    self.peviitor.search_company(self.company_name)\ntests/Test_Selenium_Suite/peviitor.py:28: in search_company\n    self.expected_wait.until(EC.presence_of_element_located((By.CSS_SELECTOR , self.search_input_css))).send_keys(company)\n_ _ _ _ _ _ _ _ _ _ _ _ _ _ _ _ _ _ _ _ _ _ _ _ _ _ _ _ _ _ _ _ _ _ _ _ _ _ _ _ \n\nself = <selenium.webdriver.support.wait.WebDriverWait (session=\"df5ca591a89b79bdaa8fbe96c0c15c7c\")>\nmethod = <function presence_of_element_located.<locals>._predicate at 0x7fa1d0b73130>\nmessage = ''\n\n    def until(self, method, message: str = \"\"):\n        \"\"\"Calls the method provided with the driver as an argument until the \\\n        return value does not evaluate to ``False``.\n    \n        :param method: callable(WebDriver)\n        :param message: optional message for :exc:`TimeoutException`\n        :returns: the result of the last call to `method`\n        :raises: :exc:`selenium.common.exceptions.TimeoutException` if timeout occurs\n        \"\"\"\n        screen = None\n        stacktrace = None\n    \n        end_time = time.monotonic() + self._timeout\n        while True:\n            try:\n                value = method(self._driver)\n                if value:\n                    return value\n            except self._ignored_exceptions as exc:\n                screen = getattr(exc, \"screen\", None)\n                stacktrace = getattr(exc, \"stacktrace\", None)\n            time.sleep(self._poll)\n            if time.monotonic() > end_time:\n                break\n>       raise TimeoutException(message, screen, stacktrace)\nE       selenium.common.exceptions.TimeoutException: Message: \nE       Stacktrace:\nE       #0 0x55cf6ba7eeca <unknown>\nE       #1 0x55cf6b76845c <unknown>\nE       #2 0x55cf6b7b45b5 <unknown>\nE       #3 0x55cf6b7b4671 <unknown>\nE       #4 0x55cf6b7f8f14 <unknown>\nE       #5 0x55cf6b7d74dd <unknown>\nE       #6 0x55cf6b7f62cc <unknown>\nE       #7 0x55cf6b7d7253 <unknown>\nE       #8 0x55cf6b7a71c7 <unknown>\nE       #9 0x55cf6b7a7b3e <unknown>\nE       #10 0x55cf6ba4530b <unknown>\nE       #11 0x55cf6ba493b7 <unknown>\nE       #12 0x55cf6ba31e3e <unknown>\nE       #13 0x55cf6ba49e82 <unknown>\nE       #14 0x55cf6ba167df <unknown>\nE       #15 0x55cf6ba6e1b8 <unknown>\nE       #16 0x55cf6ba6e38b <unknown>\nE       #17 0x55cf6ba7dffc <unknown>\nE       #18 0x7f39196ee609 start_thread\n\n/opt/hostedtoolcache/Python/3.10.14/x64/lib/python3.10/site-packages/selenium-4.10.0-py3.10.egg/selenium/webdriver/support/wait.py:95: TimeoutException"}, "start": 1716009591413, "stop": 1716009591413, "uuid": "5b0f6872-7967-471c-b9f9-8e958d641f24", "historyId": "96db15295751cecaa78a4c2f762f36cc", "testCaseId": "96db15295751cecaa78a4c2f762f36cc", "fullName": "Test_Selenium_Suite.test_emia#test_emia_titles_scraper", "labels": [{"name": "tag", "value": "ui"}, {"name": "tag", "value": "regression"}, {"name": "parentSuite", "value": "Test_Selenium_Suite"}, {"name": "suite", "value": "test_emia"}, {"name": "host", "value": "fv-az839-501"}, {"name": "thread", "value": "2295-MainThread"}, {"name": "framework", "value": "pytest"}, {"name": "language", "value": "cpython3"}, {"name": "package", "value": "Test_Selenium_Suite.test_emia"}]}