{"name": "test_yopeso_titles_ui", "status": "broken", "statusDetails": {"message": "selenium.common.exceptions.TimeoutException: Message: \nStacktrace:\n#0 0x560123d69eca <unknown>\n#1 0x560123a5345c <unknown>\n#2 0x560123a9f5b5 <unknown>\n#3 0x560123a9f671 <unknown>\n#4 0x560123ae3f14 <unknown>\n#5 0x560123ac24dd <unknown>\n#6 0x560123ae12cc <unknown>\n#7 0x560123ac2253 <unknown>\n#8 0x560123a921c7 <unknown>\n#9 0x560123a92b3e <unknown>\n#10 0x560123d3030b <unknown>\n#11 0x560123d343b7 <unknown>\n#12 0x560123d1ce3e <unknown>\n#13 0x560123d34e82 <unknown>\n#14 0x560123d017df <unknown>\n#15 0x560123d591b8 <unknown>\n#16 0x560123d5938b <unknown>\n#17 0x560123d68ffc <unknown>\n#18 0x7f3bc483e609 start_thread", "trace": "driver = <selenium.webdriver.chrome.webdriver.WebDriver (session=\"fdd0662f5128d9c50a51bf482c5758db\")>\nexpected_wait = <selenium.webdriver.support.wait.WebDriverWait (session=\"fdd0662f5128d9c50a51bf482c5758db\")>\n\n    @pytest.fixture(scope=\"module\")\n    def scrape_ui(driver, expected_wait):\n        # open the browser\n        testutils.open_browser(driver, expected_wait)\n    \n        # Grab the data\n>       job_details = testutils.get_jobs_selenium()\n\ntests/Test_Selenium_Suite/test_yopeso.py:26: \n_ _ _ _ _ _ _ _ _ _ _ _ _ _ _ _ _ _ _ _ _ _ _ _ _ _ _ _ _ _ _ _ _ _ _ _ _ _ _ _ \ntests/Test_Selenium_Suite/seleniumutils.py:77: in get_jobs_selenium\n    self.peviitor.search_company(self.company_name)\ntests/Test_Selenium_Suite/peviitor.py:28: in search_company\n    self.expected_wait.until(EC.presence_of_element_located((By.CSS_SELECTOR , self.search_input_css))).send_keys(company)\n_ _ _ _ _ _ _ _ _ _ _ _ _ _ _ _ _ _ _ _ _ _ _ _ _ _ _ _ _ _ _ _ _ _ _ _ _ _ _ _ \n\nself = <selenium.webdriver.support.wait.WebDriverWait (session=\"fdd0662f5128d9c50a51bf482c5758db\")>\nmethod = <function presence_of_element_located.<locals>._predicate at 0x7f8dda2b40d0>\nmessage = ''\n\n    def until(self, method, message: str = \"\"):\n        \"\"\"Calls the method provided with the driver as an argument until the \\\n        return value does not evaluate to ``False``.\n    \n        :param method: callable(WebDriver)\n        :param message: optional message for :exc:`TimeoutException`\n        :returns: the result of the last call to `method`\n        :raises: :exc:`selenium.common.exceptions.TimeoutException` if timeout occurs\n        \"\"\"\n        screen = None\n        stacktrace = None\n    \n        end_time = time.monotonic() + self._timeout\n        while True:\n            try:\n                value = method(self._driver)\n                if value:\n                    return value\n            except self._ignored_exceptions as exc:\n                screen = getattr(exc, \"screen\", None)\n                stacktrace = getattr(exc, \"stacktrace\", None)\n            time.sleep(self._poll)\n            if time.monotonic() > end_time:\n                break\n>       raise TimeoutException(message, screen, stacktrace)\nE       selenium.common.exceptions.TimeoutException: Message: \nE       Stacktrace:\nE       #0 0x560123d69eca <unknown>\nE       #1 0x560123a5345c <unknown>\nE       #2 0x560123a9f5b5 <unknown>\nE       #3 0x560123a9f671 <unknown>\nE       #4 0x560123ae3f14 <unknown>\nE       #5 0x560123ac24dd <unknown>\nE       #6 0x560123ae12cc <unknown>\nE       #7 0x560123ac2253 <unknown>\nE       #8 0x560123a921c7 <unknown>\nE       #9 0x560123a92b3e <unknown>\nE       #10 0x560123d3030b <unknown>\nE       #11 0x560123d343b7 <unknown>\nE       #12 0x560123d1ce3e <unknown>\nE       #13 0x560123d34e82 <unknown>\nE       #14 0x560123d017df <unknown>\nE       #15 0x560123d591b8 <unknown>\nE       #16 0x560123d5938b <unknown>\nE       #17 0x560123d68ffc <unknown>\nE       #18 0x7f3bc483e609 start_thread\n\n/opt/hostedtoolcache/Python/3.10.14/x64/lib/python3.10/site-packages/selenium-4.10.0-py3.10.egg/selenium/webdriver/support/wait.py:95: TimeoutException"}, "start": 1716269031765, "stop": 1716269031765, "uuid": "28f720a6-8717-41b4-9095-bb3bc98bb33c", "historyId": "847768c9797e34b2d5a0d04569806a0a", "testCaseId": "847768c9797e34b2d5a0d04569806a0a", "fullName": "Test_Selenium_Suite.test_yopeso#test_yopeso_titles_ui", "labels": [{"name": "tag", "value": "ui"}, {"name": "tag", "value": "regression"}, {"name": "parentSuite", "value": "Test_Selenium_Suite"}, {"name": "suite", "value": "test_yopeso"}, {"name": "host", "value": "fv-az696-262"}, {"name": "thread", "value": "2074-MainThread"}, {"name": "framework", "value": "pytest"}, {"name": "language", "value": "cpython3"}, {"name": "package", "value": "Test_Selenium_Suite.test_yopeso"}]}