{"name": "test_agilefreaks_company_ui", "status": "broken", "statusDetails": {"message": "selenium.common.exceptions.TimeoutException: Message: \nStacktrace:\n#0 0x557a05761dc3 <unknown>\n#1 0x557a054504e7 <unknown>\n#2 0x557a0549b35d <unknown>\n#3 0x557a0549b411 <unknown>\n#4 0x557a054de774 <unknown>\n#5 0x557a054bd47d <unknown>\n#6 0x557a054dbc29 <unknown>\n#7 0x557a054bd1f3 <unknown>\n#8 0x557a0548e28a <unknown>\n#9 0x557a0548ec5e <unknown>\n#10 0x557a057260eb <unknown>\n#11 0x557a0572a03b <unknown>\n#12 0x557a05712201 <unknown>\n#13 0x557a0572aba2 <unknown>\n#14 0x557a056f70bf <unknown>\n#15 0x557a05750f18 <unknown>\n#16 0x557a057510f0 <unknown>\n#17 0x557a05760f14 <unknown>\n#18 0x7feb3a1a1609 start_thread", "trace": "driver = <selenium.webdriver.chrome.webdriver.WebDriver (session=\"211b35081426dea49be817189cc7c986\")>\nexpected_wait = <selenium.webdriver.support.wait.WebDriverWait (session=\"211b35081426dea49be817189cc7c986\")>\n\n    @pytest.fixture(scope=\"module\")\n    def scrape_ui(driver, expected_wait):\n        # open the browser\n        testutils.open_browser(driver, expected_wait)\n    \n        # Grab the data\n>       job_details = testutils.get_jobs_selenium()\n\ntests/Test_Selenium_Suite/test_agilefreaks.py:26: \n_ _ _ _ _ _ _ _ _ _ _ _ _ _ _ _ _ _ _ _ _ _ _ _ _ _ _ _ _ _ _ _ _ _ _ _ _ _ _ _ \ntests/Test_Selenium_Suite/seleniumutils.py:77: in get_jobs_selenium\n    self.peviitor.search_company(self.company_name)\ntests/Test_Selenium_Suite/peviitor.py:28: in search_company\n    self.expected_wait.until(EC.presence_of_element_located((By.CSS_SELECTOR , self.search_input_css))).send_keys(company)\n_ _ _ _ _ _ _ _ _ _ _ _ _ _ _ _ _ _ _ _ _ _ _ _ _ _ _ _ _ _ _ _ _ _ _ _ _ _ _ _ \n\nself = <selenium.webdriver.support.wait.WebDriverWait (session=\"211b35081426dea49be817189cc7c986\")>\nmethod = <function presence_of_element_located.<locals>._predicate at 0x7f60d7177130>\nmessage = ''\n\n    def until(self, method, message: str = \"\"):\n        \"\"\"Calls the method provided with the driver as an argument until the \\\n        return value does not evaluate to ``False``.\n    \n        :param method: callable(WebDriver)\n        :param message: optional message for :exc:`TimeoutException`\n        :returns: the result of the last call to `method`\n        :raises: :exc:`selenium.common.exceptions.TimeoutException` if timeout occurs\n        \"\"\"\n        screen = None\n        stacktrace = None\n    \n        end_time = time.monotonic() + self._timeout\n        while True:\n            try:\n                value = method(self._driver)\n                if value:\n                    return value\n            except self._ignored_exceptions as exc:\n                screen = getattr(exc, \"screen\", None)\n                stacktrace = getattr(exc, \"stacktrace\", None)\n            time.sleep(self._poll)\n            if time.monotonic() > end_time:\n                break\n>       raise TimeoutException(message, screen, stacktrace)\nE       selenium.common.exceptions.TimeoutException: Message: \nE       Stacktrace:\nE       #0 0x557a05761dc3 <unknown>\nE       #1 0x557a054504e7 <unknown>\nE       #2 0x557a0549b35d <unknown>\nE       #3 0x557a0549b411 <unknown>\nE       #4 0x557a054de774 <unknown>\nE       #5 0x557a054bd47d <unknown>\nE       #6 0x557a054dbc29 <unknown>\nE       #7 0x557a054bd1f3 <unknown>\nE       #8 0x557a0548e28a <unknown>\nE       #9 0x557a0548ec5e <unknown>\nE       #10 0x557a057260eb <unknown>\nE       #11 0x557a0572a03b <unknown>\nE       #12 0x557a05712201 <unknown>\nE       #13 0x557a0572aba2 <unknown>\nE       #14 0x557a056f70bf <unknown>\nE       #15 0x557a05750f18 <unknown>\nE       #16 0x557a057510f0 <unknown>\nE       #17 0x557a05760f14 <unknown>\nE       #18 0x7feb3a1a1609 start_thread\n\n/opt/hostedtoolcache/Python/3.10.14/x64/lib/python3.10/site-packages/selenium-4.10.0-py3.10.egg/selenium/webdriver/support/wait.py:95: TimeoutException"}, "start": 1715836614187, "stop": 1715836614187, "uuid": "0de8d209-ad3d-457b-8888-5687b6f72e84", "historyId": "d3fb179b1e1e4fbc4386a80621ebbdc7", "testCaseId": "d3fb179b1e1e4fbc4386a80621ebbdc7", "fullName": "Test_Selenium_Suite.test_agilefreaks#test_agilefreaks_company_ui", "labels": [{"name": "tag", "value": "ui"}, {"name": "tag", "value": "regression"}, {"name": "parentSuite", "value": "Test_Selenium_Suite"}, {"name": "suite", "value": "test_agilefreaks"}, {"name": "host", "value": "fv-az1248-746"}, {"name": "thread", "value": "1999-MainThread"}, {"name": "framework", "value": "pytest"}, {"name": "language", "value": "cpython3"}, {"name": "package", "value": "Test_Selenium_Suite.test_agilefreaks"}]}