{"name": "test_canamgroup_titles_ui", "status": "broken", "statusDetails": {"message": "selenium.common.exceptions.TimeoutException: Message: \nStacktrace:\n#0 0x55f65f14be9a <unknown>\n#1 0x55f65ee3545c <unknown>\n#2 0x55f65ee815b5 <unknown>\n#3 0x55f65ee81671 <unknown>\n#4 0x55f65eec5f14 <unknown>\n#5 0x55f65eea44dd <unknown>\n#6 0x55f65eec32cc <unknown>\n#7 0x55f65eea4253 <unknown>\n#8 0x55f65ee741c7 <unknown>\n#9 0x55f65ee74b3e <unknown>\n#10 0x55f65f1122db <unknown>\n#11 0x55f65f116387 <unknown>\n#12 0x55f65f0fee0e <unknown>\n#13 0x55f65f116e52 <unknown>\n#14 0x55f65f0e37af <unknown>\n#15 0x55f65f13b188 <unknown>\n#16 0x55f65f13b35b <unknown>\n#17 0x55f65f14afcc <unknown>\n#18 0x7f315e1fa609 start_thread", "trace": "driver = <selenium.webdriver.chrome.webdriver.WebDriver (session=\"af747036ac43d0f883cd63e599c9b833\")>\nexpected_wait = <selenium.webdriver.support.wait.WebDriverWait (session=\"af747036ac43d0f883cd63e599c9b833\")>\n\n    @pytest.fixture(scope=\"module\")\n    def scrape_ui(driver, expected_wait):\n        # open the browser\n        testutils.open_browser(driver, expected_wait)\n    \n        # Grab the data\n>       job_details = testutils.get_jobs_selenium()\n\ntests/Test_Selenium_Suite/test_canamgroup.py:26: \n_ _ _ _ _ _ _ _ _ _ _ _ _ _ _ _ _ _ _ _ _ _ _ _ _ _ _ _ _ _ _ _ _ _ _ _ _ _ _ _ \ntests/Test_Selenium_Suite/seleniumutils.py:77: in get_jobs_selenium\n    self.peviitor.search_company(self.company_name)\ntests/Test_Selenium_Suite/peviitor.py:28: in search_company\n    self.expected_wait.until(EC.presence_of_element_located((By.CSS_SELECTOR , self.search_input_css))).send_keys(company)\n_ _ _ _ _ _ _ _ _ _ _ _ _ _ _ _ _ _ _ _ _ _ _ _ _ _ _ _ _ _ _ _ _ _ _ _ _ _ _ _ \n\nself = <selenium.webdriver.support.wait.WebDriverWait (session=\"af747036ac43d0f883cd63e599c9b833\")>\nmethod = <function presence_of_element_located.<locals>._predicate at 0x7fe2b3e35cf0>\nmessage = ''\n\n    def until(self, method, message: str = \"\"):\n        \"\"\"Calls the method provided with the driver as an argument until the \\\n        return value does not evaluate to ``False``.\n    \n        :param method: callable(WebDriver)\n        :param message: optional message for :exc:`TimeoutException`\n        :returns: the result of the last call to `method`\n        :raises: :exc:`selenium.common.exceptions.TimeoutException` if timeout occurs\n        \"\"\"\n        screen = None\n        stacktrace = None\n    \n        end_time = time.monotonic() + self._timeout\n        while True:\n            try:\n                value = method(self._driver)\n                if value:\n                    return value\n            except self._ignored_exceptions as exc:\n                screen = getattr(exc, \"screen\", None)\n                stacktrace = getattr(exc, \"stacktrace\", None)\n            time.sleep(self._poll)\n            if time.monotonic() > end_time:\n                break\n>       raise TimeoutException(message, screen, stacktrace)\nE       selenium.common.exceptions.TimeoutException: Message: \nE       Stacktrace:\nE       #0 0x55f65f14be9a <unknown>\nE       #1 0x55f65ee3545c <unknown>\nE       #2 0x55f65ee815b5 <unknown>\nE       #3 0x55f65ee81671 <unknown>\nE       #4 0x55f65eec5f14 <unknown>\nE       #5 0x55f65eea44dd <unknown>\nE       #6 0x55f65eec32cc <unknown>\nE       #7 0x55f65eea4253 <unknown>\nE       #8 0x55f65ee741c7 <unknown>\nE       #9 0x55f65ee74b3e <unknown>\nE       #10 0x55f65f1122db <unknown>\nE       #11 0x55f65f116387 <unknown>\nE       #12 0x55f65f0fee0e <unknown>\nE       #13 0x55f65f116e52 <unknown>\nE       #14 0x55f65f0e37af <unknown>\nE       #15 0x55f65f13b188 <unknown>\nE       #16 0x55f65f13b35b <unknown>\nE       #17 0x55f65f14afcc <unknown>\nE       #18 0x7f315e1fa609 start_thread\n\n/opt/hostedtoolcache/Python/3.10.14/x64/lib/python3.10/site-packages/selenium-4.10.0-py3.10.egg/selenium/webdriver/support/wait.py:95: TimeoutException"}, "start": 1716441635357, "stop": 1716441635357, "uuid": "1587fd1b-2984-4caa-b144-f40bdfab8187", "historyId": "bcdb75f52eb88e44c1db7f9be274e102", "testCaseId": "bcdb75f52eb88e44c1db7f9be274e102", "fullName": "Test_Selenium_Suite.test_canamgroup#test_canamgroup_titles_ui", "labels": [{"name": "tag", "value": "ui"}, {"name": "tag", "value": "regression"}, {"name": "parentSuite", "value": "Test_Selenium_Suite"}, {"name": "suite", "value": "test_canamgroup"}, {"name": "host", "value": "fv-az1115-290"}, {"name": "thread", "value": "2100-MainThread"}, {"name": "framework", "value": "pytest"}, {"name": "language", "value": "cpython3"}, {"name": "package", "value": "Test_Selenium_Suite.test_canamgroup"}]}