{"name": "test_c4media_titles_ui", "status": "broken", "statusDetails": {"message": "selenium.common.exceptions.TimeoutException: Message: \nStacktrace:\n#0 0x55757fdf4eca <unknown>\n#1 0x55757fade45c <unknown>\n#2 0x55757fb2a5b5 <unknown>\n#3 0x55757fb2a671 <unknown>\n#4 0x55757fb6ef14 <unknown>\n#5 0x55757fb4d4dd <unknown>\n#6 0x55757fb6c2cc <unknown>\n#7 0x55757fb4d253 <unknown>\n#8 0x55757fb1d1c7 <unknown>\n#9 0x55757fb1db3e <unknown>\n#10 0x55757fdbb30b <unknown>\n#11 0x55757fdbf3b7 <unknown>\n#12 0x55757fda7e3e <unknown>\n#13 0x55757fdbfe82 <unknown>\n#14 0x55757fd8c7df <unknown>\n#15 0x55757fde41b8 <unknown>\n#16 0x55757fde438b <unknown>\n#17 0x55757fdf3ffc <unknown>\n#18 0x7fe02cdf1609 start_thread", "trace": "driver = <selenium.webdriver.chrome.webdriver.WebDriver (session=\"261d54ffa2f4615abe1ab801d2347e72\")>\nexpected_wait = <selenium.webdriver.support.wait.WebDriverWait (session=\"261d54ffa2f4615abe1ab801d2347e72\")>\n\n    @pytest.fixture(scope=\"module\")\n    def scrape_ui(driver, expected_wait):\n        # open the browser\n        testutils.open_browser(driver, expected_wait)\n    \n        # Grab the data\n>       job_details = testutils.get_jobs_selenium()\n\ntests/Test_Selenium_Suite/test_c4media.py:26: \n_ _ _ _ _ _ _ _ _ _ _ _ _ _ _ _ _ _ _ _ _ _ _ _ _ _ _ _ _ _ _ _ _ _ _ _ _ _ _ _ \ntests/Test_Selenium_Suite/seleniumutils.py:77: in get_jobs_selenium\n    self.peviitor.search_company(self.company_name)\ntests/Test_Selenium_Suite/peviitor.py:28: in search_company\n    self.expected_wait.until(EC.presence_of_element_located((By.CSS_SELECTOR , self.search_input_css))).send_keys(company)\n_ _ _ _ _ _ _ _ _ _ _ _ _ _ _ _ _ _ _ _ _ _ _ _ _ _ _ _ _ _ _ _ _ _ _ _ _ _ _ _ \n\nself = <selenium.webdriver.support.wait.WebDriverWait (session=\"261d54ffa2f4615abe1ab801d2347e72\")>\nmethod = <function presence_of_element_located.<locals>._predicate at 0x7fa1d08ee3b0>\nmessage = ''\n\n    def until(self, method, message: str = \"\"):\n        \"\"\"Calls the method provided with the driver as an argument until the \\\n        return value does not evaluate to ``False``.\n    \n        :param method: callable(WebDriver)\n        :param message: optional message for :exc:`TimeoutException`\n        :returns: the result of the last call to `method`\n        :raises: :exc:`selenium.common.exceptions.TimeoutException` if timeout occurs\n        \"\"\"\n        screen = None\n        stacktrace = None\n    \n        end_time = time.monotonic() + self._timeout\n        while True:\n            try:\n                value = method(self._driver)\n                if value:\n                    return value\n            except self._ignored_exceptions as exc:\n                screen = getattr(exc, \"screen\", None)\n                stacktrace = getattr(exc, \"stacktrace\", None)\n            time.sleep(self._poll)\n            if time.monotonic() > end_time:\n                break\n>       raise TimeoutException(message, screen, stacktrace)\nE       selenium.common.exceptions.TimeoutException: Message: \nE       Stacktrace:\nE       #0 0x55757fdf4eca <unknown>\nE       #1 0x55757fade45c <unknown>\nE       #2 0x55757fb2a5b5 <unknown>\nE       #3 0x55757fb2a671 <unknown>\nE       #4 0x55757fb6ef14 <unknown>\nE       #5 0x55757fb4d4dd <unknown>\nE       #6 0x55757fb6c2cc <unknown>\nE       #7 0x55757fb4d253 <unknown>\nE       #8 0x55757fb1d1c7 <unknown>\nE       #9 0x55757fb1db3e <unknown>\nE       #10 0x55757fdbb30b <unknown>\nE       #11 0x55757fdbf3b7 <unknown>\nE       #12 0x55757fda7e3e <unknown>\nE       #13 0x55757fdbfe82 <unknown>\nE       #14 0x55757fd8c7df <unknown>\nE       #15 0x55757fde41b8 <unknown>\nE       #16 0x55757fde438b <unknown>\nE       #17 0x55757fdf3ffc <unknown>\nE       #18 0x7fe02cdf1609 start_thread\n\n/opt/hostedtoolcache/Python/3.10.14/x64/lib/python3.10/site-packages/selenium-4.10.0-py3.10.egg/selenium/webdriver/support/wait.py:95: TimeoutException"}, "start": 1716009542170, "stop": 1716009542170, "uuid": "9df4c167-f992-4be3-b921-4d2c2d75c216", "historyId": "3a5ee083954f7cdaf479d2b153f53a48", "testCaseId": "3a5ee083954f7cdaf479d2b153f53a48", "fullName": "Test_Selenium_Suite.test_c4media#test_c4media_titles_ui", "labels": [{"name": "tag", "value": "ui"}, {"name": "tag", "value": "regression"}, {"name": "parentSuite", "value": "Test_Selenium_Suite"}, {"name": "suite", "value": "test_c4media"}, {"name": "host", "value": "fv-az839-501"}, {"name": "thread", "value": "2295-MainThread"}, {"name": "framework", "value": "pytest"}, {"name": "language", "value": "cpython3"}, {"name": "package", "value": "Test_Selenium_Suite.test_c4media"}]}