{"name": "test_jumbo_link_scraper", "status": "broken", "statusDetails": {"message": "selenium.common.exceptions.TimeoutException: Message: \nStacktrace:\n#0 0x55d27aa4de9a <unknown>\n#1 0x55d27a73745c <unknown>\n#2 0x55d27a7835b5 <unknown>\n#3 0x55d27a783671 <unknown>\n#4 0x55d27a7c7f14 <unknown>\n#5 0x55d27a7a64dd <unknown>\n#6 0x55d27a7c52cc <unknown>\n#7 0x55d27a7a6253 <unknown>\n#8 0x55d27a7761c7 <unknown>\n#9 0x55d27a776b3e <unknown>\n#10 0x55d27aa142db <unknown>\n#11 0x55d27aa18387 <unknown>\n#12 0x55d27aa00e0e <unknown>\n#13 0x55d27aa18e52 <unknown>\n#14 0x55d27a9e57af <unknown>\n#15 0x55d27aa3d188 <unknown>\n#16 0x55d27aa3d35b <unknown>\n#17 0x55d27aa4cfcc <unknown>\n#18 0x7f09831c7609 start_thread", "trace": "driver = <selenium.webdriver.chrome.webdriver.WebDriver (session=\"9b4a8f91b9cf95fb3d09e5f1587c58b7\")>\nexpected_wait = <selenium.webdriver.support.wait.WebDriverWait (session=\"9b4a8f91b9cf95fb3d09e5f1587c58b7\")>\n\n    @pytest.fixture(scope=\"module\")\n    def scrape_ui(driver, expected_wait):\n        # open the browser\n        testutils.open_browser(driver, expected_wait)\n    \n        # Grab the data\n>       job_details = testutils.get_jobs_selenium()\n\ntests/Test_Selenium_Suite/test_jumbo.py:26: \n_ _ _ _ _ _ _ _ _ _ _ _ _ _ _ _ _ _ _ _ _ _ _ _ _ _ _ _ _ _ _ _ _ _ _ _ _ _ _ _ \ntests/Test_Selenium_Suite/seleniumutils.py:77: in get_jobs_selenium\n    self.peviitor.search_company(self.company_name)\ntests/Test_Selenium_Suite/peviitor.py:28: in search_company\n    self.expected_wait.until(EC.presence_of_element_located((By.CSS_SELECTOR , self.search_input_css))).send_keys(company)\n_ _ _ _ _ _ _ _ _ _ _ _ _ _ _ _ _ _ _ _ _ _ _ _ _ _ _ _ _ _ _ _ _ _ _ _ _ _ _ _ \n\nself = <selenium.webdriver.support.wait.WebDriverWait (session=\"9b4a8f91b9cf95fb3d09e5f1587c58b7\")>\nmethod = <function presence_of_element_located.<locals>._predicate at 0x7fe2b3e353f0>\nmessage = ''\n\n    def until(self, method, message: str = \"\"):\n        \"\"\"Calls the method provided with the driver as an argument until the \\\n        return value does not evaluate to ``False``.\n    \n        :param method: callable(WebDriver)\n        :param message: optional message for :exc:`TimeoutException`\n        :returns: the result of the last call to `method`\n        :raises: :exc:`selenium.common.exceptions.TimeoutException` if timeout occurs\n        \"\"\"\n        screen = None\n        stacktrace = None\n    \n        end_time = time.monotonic() + self._timeout\n        while True:\n            try:\n                value = method(self._driver)\n                if value:\n                    return value\n            except self._ignored_exceptions as exc:\n                screen = getattr(exc, \"screen\", None)\n                stacktrace = getattr(exc, \"stacktrace\", None)\n            time.sleep(self._poll)\n            if time.monotonic() > end_time:\n                break\n>       raise TimeoutException(message, screen, stacktrace)\nE       selenium.common.exceptions.TimeoutException: Message: \nE       Stacktrace:\nE       #0 0x55d27aa4de9a <unknown>\nE       #1 0x55d27a73745c <unknown>\nE       #2 0x55d27a7835b5 <unknown>\nE       #3 0x55d27a783671 <unknown>\nE       #4 0x55d27a7c7f14 <unknown>\nE       #5 0x55d27a7a64dd <unknown>\nE       #6 0x55d27a7c52cc <unknown>\nE       #7 0x55d27a7a6253 <unknown>\nE       #8 0x55d27a7761c7 <unknown>\nE       #9 0x55d27a776b3e <unknown>\nE       #10 0x55d27aa142db <unknown>\nE       #11 0x55d27aa18387 <unknown>\nE       #12 0x55d27aa00e0e <unknown>\nE       #13 0x55d27aa18e52 <unknown>\nE       #14 0x55d27a9e57af <unknown>\nE       #15 0x55d27aa3d188 <unknown>\nE       #16 0x55d27aa3d35b <unknown>\nE       #17 0x55d27aa4cfcc <unknown>\nE       #18 0x7f09831c7609 start_thread\n\n/opt/hostedtoolcache/Python/3.10.14/x64/lib/python3.10/site-packages/selenium-4.10.0-py3.10.egg/selenium/webdriver/support/wait.py:95: TimeoutException"}, "start": 1716441684413, "stop": 1716441684413, "uuid": "53b72e32-3b34-484e-bb84-86b279dc531b", "historyId": "99b1e3ca1dda98769afb5a6fc4d838e7", "testCaseId": "99b1e3ca1dda98769afb5a6fc4d838e7", "fullName": "Test_Selenium_Suite.test_jumbo#test_jumbo_link_scraper", "labels": [{"name": "tag", "value": "ui"}, {"name": "tag", "value": "regression"}, {"name": "parentSuite", "value": "Test_Selenium_Suite"}, {"name": "suite", "value": "test_jumbo"}, {"name": "host", "value": "fv-az1115-290"}, {"name": "thread", "value": "2100-MainThread"}, {"name": "framework", "value": "pytest"}, {"name": "language", "value": "cpython3"}, {"name": "package", "value": "Test_Selenium_Suite.test_jumbo"}]}