{"name": "test_azets_titles_scraper", "status": "broken", "statusDetails": {"message": "selenium.common.exceptions.TimeoutException: Message: \nStacktrace:\n#0 0x557a5be82eca <unknown>\n#1 0x557a5bb6c45c <unknown>\n#2 0x557a5bbb85b5 <unknown>\n#3 0x557a5bbb8671 <unknown>\n#4 0x557a5bbfcf14 <unknown>\n#5 0x557a5bbdb4dd <unknown>\n#6 0x557a5bbfa2cc <unknown>\n#7 0x557a5bbdb253 <unknown>\n#8 0x557a5bbab1c7 <unknown>\n#9 0x557a5bbabb3e <unknown>\n#10 0x557a5be4930b <unknown>\n#11 0x557a5be4d3b7 <unknown>\n#12 0x557a5be35e3e <unknown>\n#13 0x557a5be4de82 <unknown>\n#14 0x557a5be1a7df <unknown>\n#15 0x557a5be721b8 <unknown>\n#16 0x557a5be7238b <unknown>\n#17 0x557a5be81ffc <unknown>\n#18 0x7fa273913609 start_thread", "trace": "driver = <selenium.webdriver.chrome.webdriver.WebDriver (session=\"0bc3e95dccffa06e215fddd67b56cce4\")>\nexpected_wait = <selenium.webdriver.support.wait.WebDriverWait (session=\"0bc3e95dccffa06e215fddd67b56cce4\")>\n\n    @pytest.fixture(scope=\"module\")\n    def scrape_ui(driver, expected_wait):\n        # open the browser\n        testutils.open_browser(driver, expected_wait)\n    \n        # Grab the data\n>       job_details = testutils.get_jobs_selenium()\n\ntests/Test_Selenium_Suite/test_azets.py:26: \n_ _ _ _ _ _ _ _ _ _ _ _ _ _ _ _ _ _ _ _ _ _ _ _ _ _ _ _ _ _ _ _ _ _ _ _ _ _ _ _ \ntests/Test_Selenium_Suite/seleniumutils.py:77: in get_jobs_selenium\n    self.peviitor.search_company(self.company_name)\ntests/Test_Selenium_Suite/peviitor.py:28: in search_company\n    self.expected_wait.until(EC.presence_of_element_located((By.CSS_SELECTOR , self.search_input_css))).send_keys(company)\n_ _ _ _ _ _ _ _ _ _ _ _ _ _ _ _ _ _ _ _ _ _ _ _ _ _ _ _ _ _ _ _ _ _ _ _ _ _ _ _ \n\nself = <selenium.webdriver.support.wait.WebDriverWait (session=\"0bc3e95dccffa06e215fddd67b56cce4\")>\nmethod = <function presence_of_element_located.<locals>._predicate at 0x7f6c5cab20e0>\nmessage = ''\n\n    def until(self, method, message: str = \"\"):\n        \"\"\"Calls the method provided with the driver as an argument until the \\\n        return value does not evaluate to ``False``.\n    \n        :param method: callable(WebDriver)\n        :param message: optional message for :exc:`TimeoutException`\n        :returns: the result of the last call to `method`\n        :raises: :exc:`selenium.common.exceptions.TimeoutException` if timeout occurs\n        \"\"\"\n        screen = None\n        stacktrace = None\n    \n        end_time = time.monotonic() + self._timeout\n        while True:\n            try:\n                value = method(self._driver)\n                if value:\n                    return value\n            except self._ignored_exceptions as exc:\n                screen = getattr(exc, \"screen\", None)\n                stacktrace = getattr(exc, \"stacktrace\", None)\n            time.sleep(self._poll)\n            if time.monotonic() > end_time:\n                break\n>       raise TimeoutException(message, screen, stacktrace)\nE       selenium.common.exceptions.TimeoutException: Message: \nE       Stacktrace:\nE       #0 0x557a5be82eca <unknown>\nE       #1 0x557a5bb6c45c <unknown>\nE       #2 0x557a5bbb85b5 <unknown>\nE       #3 0x557a5bbb8671 <unknown>\nE       #4 0x557a5bbfcf14 <unknown>\nE       #5 0x557a5bbdb4dd <unknown>\nE       #6 0x557a5bbfa2cc <unknown>\nE       #7 0x557a5bbdb253 <unknown>\nE       #8 0x557a5bbab1c7 <unknown>\nE       #9 0x557a5bbabb3e <unknown>\nE       #10 0x557a5be4930b <unknown>\nE       #11 0x557a5be4d3b7 <unknown>\nE       #12 0x557a5be35e3e <unknown>\nE       #13 0x557a5be4de82 <unknown>\nE       #14 0x557a5be1a7df <unknown>\nE       #15 0x557a5be721b8 <unknown>\nE       #16 0x557a5be7238b <unknown>\nE       #17 0x557a5be81ffc <unknown>\nE       #18 0x7fa273913609 start_thread\n\n/opt/hostedtoolcache/Python/3.10.14/x64/lib/python3.10/site-packages/selenium-4.10.0-py3.10.egg/selenium/webdriver/support/wait.py:95: TimeoutException"}, "start": 1716182341388, "stop": 1716182341388, "uuid": "c0939335-bc7f-4c5b-8e97-6454bcd06da7", "historyId": "2e27586ab3610a76e195c101cf034417", "testCaseId": "2e27586ab3610a76e195c101cf034417", "fullName": "Test_Selenium_Suite.test_azets#test_azets_titles_scraper", "labels": [{"name": "tag", "value": "ui"}, {"name": "tag", "value": "regression"}, {"name": "parentSuite", "value": "Test_Selenium_Suite"}, {"name": "suite", "value": "test_azets"}, {"name": "host", "value": "fv-az1041-271"}, {"name": "thread", "value": "2005-MainThread"}, {"name": "framework", "value": "pytest"}, {"name": "language", "value": "cpython3"}, {"name": "package", "value": "Test_Selenium_Suite.test_azets"}]}