{"name": "test_monefy_link_ui", "status": "broken", "statusDetails": {"message": "selenium.common.exceptions.TimeoutException: Message: \nStacktrace:\n#0 0x555e0f318eca <unknown>\n#1 0x555e0f00245c <unknown>\n#2 0x555e0f04e5b5 <unknown>\n#3 0x555e0f04e671 <unknown>\n#4 0x555e0f092f14 <unknown>\n#5 0x555e0f0714dd <unknown>\n#6 0x555e0f0902cc <unknown>\n#7 0x555e0f071253 <unknown>\n#8 0x555e0f0411c7 <unknown>\n#9 0x555e0f041b3e <unknown>\n#10 0x555e0f2df30b <unknown>\n#11 0x555e0f2e33b7 <unknown>\n#12 0x555e0f2cbe3e <unknown>\n#13 0x555e0f2e3e82 <unknown>\n#14 0x555e0f2b07df <unknown>\n#15 0x555e0f3081b8 <unknown>\n#16 0x555e0f30838b <unknown>\n#17 0x555e0f317ffc <unknown>\n#18 0x7fda05dd9609 start_thread", "trace": "driver = <selenium.webdriver.chrome.webdriver.WebDriver (session=\"b97b4fd56ed2092e1d71cc589407f931\")>\nexpected_wait = <selenium.webdriver.support.wait.WebDriverWait (session=\"b97b4fd56ed2092e1d71cc589407f931\")>\n\n    @pytest.fixture(scope=\"module\")\n    def scrape_ui(driver, expected_wait):\n        # open the browser\n        testutils.open_browser(driver, expected_wait)\n    \n        # Grab the data\n>       job_details = testutils.get_jobs_selenium()\n\ntests/Test_Selenium_Suite/test_monefy.py:26: \n_ _ _ _ _ _ _ _ _ _ _ _ _ _ _ _ _ _ _ _ _ _ _ _ _ _ _ _ _ _ _ _ _ _ _ _ _ _ _ _ \ntests/Test_Selenium_Suite/seleniumutils.py:77: in get_jobs_selenium\n    self.peviitor.search_company(self.company_name)\ntests/Test_Selenium_Suite/peviitor.py:28: in search_company\n    self.expected_wait.until(EC.presence_of_element_located((By.CSS_SELECTOR , self.search_input_css))).send_keys(company)\n_ _ _ _ _ _ _ _ _ _ _ _ _ _ _ _ _ _ _ _ _ _ _ _ _ _ _ _ _ _ _ _ _ _ _ _ _ _ _ _ \n\nself = <selenium.webdriver.support.wait.WebDriverWait (session=\"b97b4fd56ed2092e1d71cc589407f931\")>\nmethod = <function presence_of_element_located.<locals>._predicate at 0x7f8ddadc9bd0>\nmessage = ''\n\n    def until(self, method, message: str = \"\"):\n        \"\"\"Calls the method provided with the driver as an argument until the \\\n        return value does not evaluate to ``False``.\n    \n        :param method: callable(WebDriver)\n        :param message: optional message for :exc:`TimeoutException`\n        :returns: the result of the last call to `method`\n        :raises: :exc:`selenium.common.exceptions.TimeoutException` if timeout occurs\n        \"\"\"\n        screen = None\n        stacktrace = None\n    \n        end_time = time.monotonic() + self._timeout\n        while True:\n            try:\n                value = method(self._driver)\n                if value:\n                    return value\n            except self._ignored_exceptions as exc:\n                screen = getattr(exc, \"screen\", None)\n                stacktrace = getattr(exc, \"stacktrace\", None)\n            time.sleep(self._poll)\n            if time.monotonic() > end_time:\n                break\n>       raise TimeoutException(message, screen, stacktrace)\nE       selenium.common.exceptions.TimeoutException: Message: \nE       Stacktrace:\nE       #0 0x555e0f318eca <unknown>\nE       #1 0x555e0f00245c <unknown>\nE       #2 0x555e0f04e5b5 <unknown>\nE       #3 0x555e0f04e671 <unknown>\nE       #4 0x555e0f092f14 <unknown>\nE       #5 0x555e0f0714dd <unknown>\nE       #6 0x555e0f0902cc <unknown>\nE       #7 0x555e0f071253 <unknown>\nE       #8 0x555e0f0411c7 <unknown>\nE       #9 0x555e0f041b3e <unknown>\nE       #10 0x555e0f2df30b <unknown>\nE       #11 0x555e0f2e33b7 <unknown>\nE       #12 0x555e0f2cbe3e <unknown>\nE       #13 0x555e0f2e3e82 <unknown>\nE       #14 0x555e0f2b07df <unknown>\nE       #15 0x555e0f3081b8 <unknown>\nE       #16 0x555e0f30838b <unknown>\nE       #17 0x555e0f317ffc <unknown>\nE       #18 0x7fda05dd9609 start_thread\n\n/opt/hostedtoolcache/Python/3.10.14/x64/lib/python3.10/site-packages/selenium-4.10.0-py3.10.egg/selenium/webdriver/support/wait.py:95: TimeoutException"}, "start": 1716269020082, "stop": 1716269020082, "uuid": "b8ca0512-0169-4158-a09f-1cb1973dbe53", "historyId": "d1e2e369041d18bacc145a897e9e392b", "testCaseId": "d1e2e369041d18bacc145a897e9e392b", "fullName": "Test_Selenium_Suite.test_monefy#test_monefy_link_ui", "labels": [{"name": "tag", "value": "ui"}, {"name": "tag", "value": "regression"}, {"name": "parentSuite", "value": "Test_Selenium_Suite"}, {"name": "suite", "value": "test_monefy"}, {"name": "host", "value": "fv-az696-262"}, {"name": "thread", "value": "2074-MainThread"}, {"name": "framework", "value": "pytest"}, {"name": "language", "value": "cpython3"}, {"name": "package", "value": "Test_Selenium_Suite.test_monefy"}]}