{"name": "test_catena_link_ui", "status": "broken", "statusDetails": {"message": "selenium.common.exceptions.TimeoutException: Message: \nStacktrace:\n#0 0x55d18489ae9a <unknown>\n#1 0x55d18458445c <unknown>\n#2 0x55d1845d05b5 <unknown>\n#3 0x55d1845d0671 <unknown>\n#4 0x55d184614f14 <unknown>\n#5 0x55d1845f34dd <unknown>\n#6 0x55d1846122cc <unknown>\n#7 0x55d1845f3253 <unknown>\n#8 0x55d1845c31c7 <unknown>\n#9 0x55d1845c3b3e <unknown>\n#10 0x55d1848612db <unknown>\n#11 0x55d184865387 <unknown>\n#12 0x55d18484de0e <unknown>\n#13 0x55d184865e52 <unknown>\n#14 0x55d1848327af <unknown>\n#15 0x55d18488a188 <unknown>\n#16 0x55d18488a35b <unknown>\n#17 0x55d184899fcc <unknown>\n#18 0x7f3d6dac4609 start_thread", "trace": "driver = <selenium.webdriver.chrome.webdriver.WebDriver (session=\"0f43d75427944e83e9d7ab8e286fc250\")>\nexpected_wait = <selenium.webdriver.support.wait.WebDriverWait (session=\"0f43d75427944e83e9d7ab8e286fc250\")>\n\n    @pytest.fixture(scope=\"module\")\n    def scrape_ui(driver, expected_wait):\n        # open the browser\n        testutils.open_browser(driver, expected_wait)\n    \n        # Grab the data\n>       job_details = testutils.get_jobs_selenium()\n\ntests/Test_Selenium_Suite/test_catena.py:26: \n_ _ _ _ _ _ _ _ _ _ _ _ _ _ _ _ _ _ _ _ _ _ _ _ _ _ _ _ _ _ _ _ _ _ _ _ _ _ _ _ \ntests/Test_Selenium_Suite/seleniumutils.py:77: in get_jobs_selenium\n    self.peviitor.search_company(self.company_name)\ntests/Test_Selenium_Suite/peviitor.py:28: in search_company\n    self.expected_wait.until(EC.presence_of_element_located((By.CSS_SELECTOR , self.search_input_css))).send_keys(company)\n_ _ _ _ _ _ _ _ _ _ _ _ _ _ _ _ _ _ _ _ _ _ _ _ _ _ _ _ _ _ _ _ _ _ _ _ _ _ _ _ \n\nself = <selenium.webdriver.support.wait.WebDriverWait (session=\"0f43d75427944e83e9d7ab8e286fc250\")>\nmethod = <function presence_of_element_located.<locals>._predicate at 0x7fe2b3fb84c0>\nmessage = ''\n\n    def until(self, method, message: str = \"\"):\n        \"\"\"Calls the method provided with the driver as an argument until the \\\n        return value does not evaluate to ``False``.\n    \n        :param method: callable(WebDriver)\n        :param message: optional message for :exc:`TimeoutException`\n        :returns: the result of the last call to `method`\n        :raises: :exc:`selenium.common.exceptions.TimeoutException` if timeout occurs\n        \"\"\"\n        screen = None\n        stacktrace = None\n    \n        end_time = time.monotonic() + self._timeout\n        while True:\n            try:\n                value = method(self._driver)\n                if value:\n                    return value\n            except self._ignored_exceptions as exc:\n                screen = getattr(exc, \"screen\", None)\n                stacktrace = getattr(exc, \"stacktrace\", None)\n            time.sleep(self._poll)\n            if time.monotonic() > end_time:\n                break\n>       raise TimeoutException(message, screen, stacktrace)\nE       selenium.common.exceptions.TimeoutException: Message: \nE       Stacktrace:\nE       #0 0x55d18489ae9a <unknown>\nE       #1 0x55d18458445c <unknown>\nE       #2 0x55d1845d05b5 <unknown>\nE       #3 0x55d1845d0671 <unknown>\nE       #4 0x55d184614f14 <unknown>\nE       #5 0x55d1845f34dd <unknown>\nE       #6 0x55d1846122cc <unknown>\nE       #7 0x55d1845f3253 <unknown>\nE       #8 0x55d1845c31c7 <unknown>\nE       #9 0x55d1845c3b3e <unknown>\nE       #10 0x55d1848612db <unknown>\nE       #11 0x55d184865387 <unknown>\nE       #12 0x55d18484de0e <unknown>\nE       #13 0x55d184865e52 <unknown>\nE       #14 0x55d1848327af <unknown>\nE       #15 0x55d18488a188 <unknown>\nE       #16 0x55d18488a35b <unknown>\nE       #17 0x55d184899fcc <unknown>\nE       #18 0x7f3d6dac4609 start_thread\n\n/opt/hostedtoolcache/Python/3.10.14/x64/lib/python3.10/site-packages/selenium-4.10.0-py3.10.egg/selenium/webdriver/support/wait.py:95: TimeoutException"}, "start": 1716441647317, "stop": 1716441647317, "uuid": "6e0cf173-cd77-4f4b-8641-278e865a287d", "historyId": "8f3b500ac67738821986ee7802b7f8e6", "testCaseId": "8f3b500ac67738821986ee7802b7f8e6", "fullName": "Test_Selenium_Suite.test_catena#test_catena_link_ui", "labels": [{"name": "tag", "value": "ui"}, {"name": "tag", "value": "regression"}, {"name": "parentSuite", "value": "Test_Selenium_Suite"}, {"name": "suite", "value": "test_catena"}, {"name": "host", "value": "fv-az1115-290"}, {"name": "thread", "value": "2100-MainThread"}, {"name": "framework", "value": "pytest"}, {"name": "language", "value": "cpython3"}, {"name": "package", "value": "Test_Selenium_Suite.test_catena"}]}