{"name": "test_azets_link_ui", "status": "broken", "statusDetails": {"message": "selenium.common.exceptions.TimeoutException: Message: \nStacktrace:\n#0 0x562d4a57ce43 <unknown>\n#1 0x562d4a26b4e7 <unknown>\n#2 0x562d4a2b635d <unknown>\n#3 0x562d4a2b6411 <unknown>\n#4 0x562d4a2f9774 <unknown>\n#5 0x562d4a2d847d <unknown>\n#6 0x562d4a2f6c29 <unknown>\n#7 0x562d4a2d81f3 <unknown>\n#8 0x562d4a2a928a <unknown>\n#9 0x562d4a2a9c5e <unknown>\n#10 0x562d4a54116b <unknown>\n#11 0x562d4a5450bb <unknown>\n#12 0x562d4a52d281 <unknown>\n#13 0x562d4a545c22 <unknown>\n#14 0x562d4a51213f <unknown>\n#15 0x562d4a56bf98 <unknown>\n#16 0x562d4a56c170 <unknown>\n#17 0x562d4a57bf94 <unknown>\n#18 0x7f93aa106609 start_thread", "trace": "driver = <selenium.webdriver.chrome.webdriver.WebDriver (session=\"009dfed8fddfd753c6f13de411bf1e73\")>\nexpected_wait = <selenium.webdriver.support.wait.WebDriverWait (session=\"009dfed8fddfd753c6f13de411bf1e73\")>\n\n    @pytest.fixture(scope=\"module\")\n    def scrape_ui(driver, expected_wait):\n        # open the browser\n        testutils.open_browser(driver, expected_wait)\n    \n        # Grab the data\n>       job_details = testutils.get_jobs_selenium()\n\ntests/Test_Selenium_Suite/test_azets.py:26: \n_ _ _ _ _ _ _ _ _ _ _ _ _ _ _ _ _ _ _ _ _ _ _ _ _ _ _ _ _ _ _ _ _ _ _ _ _ _ _ _ \ntests/Test_Selenium_Suite/seleniumutils.py:77: in get_jobs_selenium\n    self.peviitor.search_company(self.company_name)\ntests/Test_Selenium_Suite/peviitor.py:28: in search_company\n    self.expected_wait.until(EC.presence_of_element_located((By.CSS_SELECTOR , self.search_input_css))).send_keys(company)\n_ _ _ _ _ _ _ _ _ _ _ _ _ _ _ _ _ _ _ _ _ _ _ _ _ _ _ _ _ _ _ _ _ _ _ _ _ _ _ _ \n\nself = <selenium.webdriver.support.wait.WebDriverWait (session=\"009dfed8fddfd753c6f13de411bf1e73\")>\nmethod = <function presence_of_element_located.<locals>._predicate at 0x7f08536d4310>\nmessage = ''\n\n    def until(self, method, message: str = \"\"):\n        \"\"\"Calls the method provided with the driver as an argument until the \\\n        return value does not evaluate to ``False``.\n    \n        :param method: callable(WebDriver)\n        :param message: optional message for :exc:`TimeoutException`\n        :returns: the result of the last call to `method`\n        :raises: :exc:`selenium.common.exceptions.TimeoutException` if timeout occurs\n        \"\"\"\n        screen = None\n        stacktrace = None\n    \n        end_time = time.monotonic() + self._timeout\n        while True:\n            try:\n                value = method(self._driver)\n                if value:\n                    return value\n            except self._ignored_exceptions as exc:\n                screen = getattr(exc, \"screen\", None)\n                stacktrace = getattr(exc, \"stacktrace\", None)\n            time.sleep(self._poll)\n            if time.monotonic() > end_time:\n                break\n>       raise TimeoutException(message, screen, stacktrace)\nE       selenium.common.exceptions.TimeoutException: Message: \nE       Stacktrace:\nE       #0 0x562d4a57ce43 <unknown>\nE       #1 0x562d4a26b4e7 <unknown>\nE       #2 0x562d4a2b635d <unknown>\nE       #3 0x562d4a2b6411 <unknown>\nE       #4 0x562d4a2f9774 <unknown>\nE       #5 0x562d4a2d847d <unknown>\nE       #6 0x562d4a2f6c29 <unknown>\nE       #7 0x562d4a2d81f3 <unknown>\nE       #8 0x562d4a2a928a <unknown>\nE       #9 0x562d4a2a9c5e <unknown>\nE       #10 0x562d4a54116b <unknown>\nE       #11 0x562d4a5450bb <unknown>\nE       #12 0x562d4a52d281 <unknown>\nE       #13 0x562d4a545c22 <unknown>\nE       #14 0x562d4a51213f <unknown>\nE       #15 0x562d4a56bf98 <unknown>\nE       #16 0x562d4a56c170 <unknown>\nE       #17 0x562d4a57bf94 <unknown>\nE       #18 0x7f93aa106609 start_thread\n\n/opt/hostedtoolcache/Python/3.10.14/x64/lib/python3.10/site-packages/selenium-4.10.0-py3.10.egg/selenium/webdriver/support/wait.py:95: TimeoutException"}, "start": 1715577606077, "stop": 1715577606077, "uuid": "ce91573d-92e0-4a24-9ce0-bcb6f42edd3c", "historyId": "d7bacdd2c0d5d30a0c738021225fda41", "testCaseId": "d7bacdd2c0d5d30a0c738021225fda41", "fullName": "Test_Selenium_Suite.test_azets#test_azets_link_ui", "labels": [{"name": "tag", "value": "ui"}, {"name": "tag", "value": "regression"}, {"name": "parentSuite", "value": "Test_Selenium_Suite"}, {"name": "suite", "value": "test_azets"}, {"name": "host", "value": "fv-az1533-130"}, {"name": "thread", "value": "2023-MainThread"}, {"name": "framework", "value": "pytest"}, {"name": "language", "value": "cpython3"}, {"name": "package", "value": "Test_Selenium_Suite.test_azets"}]}