{"name": "test_monefy_link_scraper", "status": "broken", "statusDetails": {"message": "selenium.common.exceptions.TimeoutException: Message: \nStacktrace:\n#0 0x55876073ae43 <unknown>\n#1 0x5587604294e7 <unknown>\n#2 0x55876047435d <unknown>\n#3 0x558760474411 <unknown>\n#4 0x5587604b7774 <unknown>\n#5 0x55876049647d <unknown>\n#6 0x5587604b4c29 <unknown>\n#7 0x5587604961f3 <unknown>\n#8 0x55876046728a <unknown>\n#9 0x558760467c5e <unknown>\n#10 0x5587606ff16b <unknown>\n#11 0x5587607030bb <unknown>\n#12 0x5587606eb281 <unknown>\n#13 0x558760703c22 <unknown>\n#14 0x5587606d013f <unknown>\n#15 0x558760729f98 <unknown>\n#16 0x55876072a170 <unknown>\n#17 0x558760739f94 <unknown>\n#18 0x7f36a0361609 start_thread", "trace": "driver = <selenium.webdriver.chrome.webdriver.WebDriver (session=\"ee91ca28d30bd9479a1dd282f92defe8\")>\nexpected_wait = <selenium.webdriver.support.wait.WebDriverWait (session=\"ee91ca28d30bd9479a1dd282f92defe8\")>\n\n    @pytest.fixture(scope=\"module\")\n    def scrape_ui(driver, expected_wait):\n        # open the browser\n        testutils.open_browser(driver, expected_wait)\n    \n        # Grab the data\n>       job_details = testutils.get_jobs_selenium()\n\ntests/Test_Selenium_Suite/test_monefy.py:26: \n_ _ _ _ _ _ _ _ _ _ _ _ _ _ _ _ _ _ _ _ _ _ _ _ _ _ _ _ _ _ _ _ _ _ _ _ _ _ _ _ \ntests/Test_Selenium_Suite/seleniumutils.py:77: in get_jobs_selenium\n    self.peviitor.search_company(self.company_name)\ntests/Test_Selenium_Suite/peviitor.py:28: in search_company\n    self.expected_wait.until(EC.presence_of_element_located((By.CSS_SELECTOR , self.search_input_css))).send_keys(company)\n_ _ _ _ _ _ _ _ _ _ _ _ _ _ _ _ _ _ _ _ _ _ _ _ _ _ _ _ _ _ _ _ _ _ _ _ _ _ _ _ \n\nself = <selenium.webdriver.support.wait.WebDriverWait (session=\"ee91ca28d30bd9479a1dd282f92defe8\")>\nmethod = <function presence_of_element_located.<locals>._predicate at 0x7f08531d6dd0>\nmessage = ''\n\n    def until(self, method, message: str = \"\"):\n        \"\"\"Calls the method provided with the driver as an argument until the \\\n        return value does not evaluate to ``False``.\n    \n        :param method: callable(WebDriver)\n        :param message: optional message for :exc:`TimeoutException`\n        :returns: the result of the last call to `method`\n        :raises: :exc:`selenium.common.exceptions.TimeoutException` if timeout occurs\n        \"\"\"\n        screen = None\n        stacktrace = None\n    \n        end_time = time.monotonic() + self._timeout\n        while True:\n            try:\n                value = method(self._driver)\n                if value:\n                    return value\n            except self._ignored_exceptions as exc:\n                screen = getattr(exc, \"screen\", None)\n                stacktrace = getattr(exc, \"stacktrace\", None)\n            time.sleep(self._poll)\n            if time.monotonic() > end_time:\n                break\n>       raise TimeoutException(message, screen, stacktrace)\nE       selenium.common.exceptions.TimeoutException: Message: \nE       Stacktrace:\nE       #0 0x55876073ae43 <unknown>\nE       #1 0x5587604294e7 <unknown>\nE       #2 0x55876047435d <unknown>\nE       #3 0x558760474411 <unknown>\nE       #4 0x5587604b7774 <unknown>\nE       #5 0x55876049647d <unknown>\nE       #6 0x5587604b4c29 <unknown>\nE       #7 0x5587604961f3 <unknown>\nE       #8 0x55876046728a <unknown>\nE       #9 0x558760467c5e <unknown>\nE       #10 0x5587606ff16b <unknown>\nE       #11 0x5587607030bb <unknown>\nE       #12 0x5587606eb281 <unknown>\nE       #13 0x558760703c22 <unknown>\nE       #14 0x5587606d013f <unknown>\nE       #15 0x558760729f98 <unknown>\nE       #16 0x55876072a170 <unknown>\nE       #17 0x558760739f94 <unknown>\nE       #18 0x7f36a0361609 start_thread\n\n/opt/hostedtoolcache/Python/3.10.14/x64/lib/python3.10/site-packages/selenium-4.10.0-py3.10.egg/selenium/webdriver/support/wait.py:95: TimeoutException"}, "start": 1715577729465, "stop": 1715577729465, "uuid": "7cc16378-3769-4e3d-ba11-89062f28d547", "historyId": "c5ff913ecbb54249dcc2ee574b13fc81", "testCaseId": "c5ff913ecbb54249dcc2ee574b13fc81", "fullName": "Test_Selenium_Suite.test_monefy#test_monefy_link_scraper", "labels": [{"name": "tag", "value": "ui"}, {"name": "tag", "value": "regression"}, {"name": "parentSuite", "value": "Test_Selenium_Suite"}, {"name": "suite", "value": "test_monefy"}, {"name": "host", "value": "fv-az1533-130"}, {"name": "thread", "value": "2023-MainThread"}, {"name": "framework", "value": "pytest"}, {"name": "language", "value": "cpython3"}, {"name": "package", "value": "Test_Selenium_Suite.test_monefy"}]}