{"name": "test_azets_job_count_ui", "status": "broken", "statusDetails": {"message": "selenium.common.exceptions.TimeoutException: Message: \nStacktrace:\n#0 0x55f4548a8dc3 <unknown>\n#1 0x55f4545974e7 <unknown>\n#2 0x55f4545e235d <unknown>\n#3 0x55f4545e2411 <unknown>\n#4 0x55f454625774 <unknown>\n#5 0x55f45460447d <unknown>\n#6 0x55f454622c29 <unknown>\n#7 0x55f4546041f3 <unknown>\n#8 0x55f4545d528a <unknown>\n#9 0x55f4545d5c5e <unknown>\n#10 0x55f45486d0eb <unknown>\n#11 0x55f45487103b <unknown>\n#12 0x55f454859201 <unknown>\n#13 0x55f454871ba2 <unknown>\n#14 0x55f45483e0bf <unknown>\n#15 0x55f454897f18 <unknown>\n#16 0x55f4548980f0 <unknown>\n#17 0x55f4548a7f14 <unknown>\n#18 0x7fe395d0c609 start_thread", "trace": "driver = <selenium.webdriver.chrome.webdriver.WebDriver (session=\"b250dcc68676a069e243a3a2bada8c1b\")>\nexpected_wait = <selenium.webdriver.support.wait.WebDriverWait (session=\"b250dcc68676a069e243a3a2bada8c1b\")>\n\n    @pytest.fixture(scope=\"module\")\n    def scrape_ui(driver, expected_wait):\n        # open the browser\n        testutils.open_browser(driver, expected_wait)\n    \n        # Grab the data\n>       job_details = testutils.get_jobs_selenium()\n\ntests/Test_Selenium_Suite/test_azets.py:26: \n_ _ _ _ _ _ _ _ _ _ _ _ _ _ _ _ _ _ _ _ _ _ _ _ _ _ _ _ _ _ _ _ _ _ _ _ _ _ _ _ \ntests/Test_Selenium_Suite/seleniumutils.py:77: in get_jobs_selenium\n    self.peviitor.search_company(self.company_name)\ntests/Test_Selenium_Suite/peviitor.py:28: in search_company\n    self.expected_wait.until(EC.presence_of_element_located((By.CSS_SELECTOR , self.search_input_css))).send_keys(company)\n_ _ _ _ _ _ _ _ _ _ _ _ _ _ _ _ _ _ _ _ _ _ _ _ _ _ _ _ _ _ _ _ _ _ _ _ _ _ _ _ \n\nself = <selenium.webdriver.support.wait.WebDriverWait (session=\"b250dcc68676a069e243a3a2bada8c1b\")>\nmethod = <function presence_of_element_located.<locals>._predicate at 0x7f60d686bb50>\nmessage = ''\n\n    def until(self, method, message: str = \"\"):\n        \"\"\"Calls the method provided with the driver as an argument until the \\\n        return value does not evaluate to ``False``.\n    \n        :param method: callable(WebDriver)\n        :param message: optional message for :exc:`TimeoutException`\n        :returns: the result of the last call to `method`\n        :raises: :exc:`selenium.common.exceptions.TimeoutException` if timeout occurs\n        \"\"\"\n        screen = None\n        stacktrace = None\n    \n        end_time = time.monotonic() + self._timeout\n        while True:\n            try:\n                value = method(self._driver)\n                if value:\n                    return value\n            except self._ignored_exceptions as exc:\n                screen = getattr(exc, \"screen\", None)\n                stacktrace = getattr(exc, \"stacktrace\", None)\n            time.sleep(self._poll)\n            if time.monotonic() > end_time:\n                break\n>       raise TimeoutException(message, screen, stacktrace)\nE       selenium.common.exceptions.TimeoutException: Message: \nE       Stacktrace:\nE       #0 0x55f4548a8dc3 <unknown>\nE       #1 0x55f4545974e7 <unknown>\nE       #2 0x55f4545e235d <unknown>\nE       #3 0x55f4545e2411 <unknown>\nE       #4 0x55f454625774 <unknown>\nE       #5 0x55f45460447d <unknown>\nE       #6 0x55f454622c29 <unknown>\nE       #7 0x55f4546041f3 <unknown>\nE       #8 0x55f4545d528a <unknown>\nE       #9 0x55f4545d5c5e <unknown>\nE       #10 0x55f45486d0eb <unknown>\nE       #11 0x55f45487103b <unknown>\nE       #12 0x55f454859201 <unknown>\nE       #13 0x55f454871ba2 <unknown>\nE       #14 0x55f45483e0bf <unknown>\nE       #15 0x55f454897f18 <unknown>\nE       #16 0x55f4548980f0 <unknown>\nE       #17 0x55f4548a7f14 <unknown>\nE       #18 0x7fe395d0c609 start_thread\n\n/opt/hostedtoolcache/Python/3.10.14/x64/lib/python3.10/site-packages/selenium-4.10.0-py3.10.egg/selenium/webdriver/support/wait.py:95: TimeoutException"}, "start": 1715836627546, "stop": 1715836627546, "uuid": "7f867f8c-2ef9-4cc5-bc68-ae9d41584034", "historyId": "c60a18dd8ab428e1450468ec700840f1", "testCaseId": "c60a18dd8ab428e1450468ec700840f1", "fullName": "Test_Selenium_Suite.test_azets#test_azets_job_count_ui", "labels": [{"name": "tag", "value": "ui"}, {"name": "tag", "value": "regression"}, {"name": "parentSuite", "value": "Test_Selenium_Suite"}, {"name": "suite", "value": "test_azets"}, {"name": "host", "value": "fv-az1248-746"}, {"name": "thread", "value": "1999-MainThread"}, {"name": "framework", "value": "pytest"}, {"name": "language", "value": "cpython3"}, {"name": "package", "value": "Test_Selenium_Suite.test_azets"}]}