{"name": "test_monefy_job_count_ui", "status": "broken", "statusDetails": {"message": "selenium.common.exceptions.TimeoutException: Message: \nStacktrace:\n#0 0x55832f5ebdc3 <unknown>\n#1 0x55832f2da4e7 <unknown>\n#2 0x55832f32535d <unknown>\n#3 0x55832f325411 <unknown>\n#4 0x55832f368774 <unknown>\n#5 0x55832f34747d <unknown>\n#6 0x55832f365c29 <unknown>\n#7 0x55832f3471f3 <unknown>\n#8 0x55832f31828a <unknown>\n#9 0x55832f318c5e <unknown>\n#10 0x55832f5b00eb <unknown>\n#11 0x55832f5b403b <unknown>\n#12 0x55832f59c201 <unknown>\n#13 0x55832f5b4ba2 <unknown>\n#14 0x55832f5810bf <unknown>\n#15 0x55832f5daf18 <unknown>\n#16 0x55832f5db0f0 <unknown>\n#17 0x55832f5eaf14 <unknown>\n#18 0x7ff664fc7609 start_thread", "trace": "driver = <selenium.webdriver.chrome.webdriver.WebDriver (session=\"76176edbf5e45e732df1cf126c1f287c\")>\nexpected_wait = <selenium.webdriver.support.wait.WebDriverWait (session=\"76176edbf5e45e732df1cf126c1f287c\")>\n\n    @pytest.fixture(scope=\"module\")\n    def scrape_ui(driver, expected_wait):\n        # open the browser\n        testutils.open_browser(driver, expected_wait)\n    \n        # Grab the data\n>       job_details = testutils.get_jobs_selenium()\n\ntests/Test_Selenium_Suite/test_monefy.py:26: \n_ _ _ _ _ _ _ _ _ _ _ _ _ _ _ _ _ _ _ _ _ _ _ _ _ _ _ _ _ _ _ _ _ _ _ _ _ _ _ _ \ntests/Test_Selenium_Suite/seleniumutils.py:77: in get_jobs_selenium\n    self.peviitor.search_company(self.company_name)\ntests/Test_Selenium_Suite/peviitor.py:28: in search_company\n    self.expected_wait.until(EC.presence_of_element_located((By.CSS_SELECTOR , self.search_input_css))).send_keys(company)\n_ _ _ _ _ _ _ _ _ _ _ _ _ _ _ _ _ _ _ _ _ _ _ _ _ _ _ _ _ _ _ _ _ _ _ _ _ _ _ _ \n\nself = <selenium.webdriver.support.wait.WebDriverWait (session=\"76176edbf5e45e732df1cf126c1f287c\")>\nmethod = <function presence_of_element_located.<locals>._predicate at 0x7fb531dd11b0>\nmessage = ''\n\n    def until(self, method, message: str = \"\"):\n        \"\"\"Calls the method provided with the driver as an argument until the \\\n        return value does not evaluate to ``False``.\n    \n        :param method: callable(WebDriver)\n        :param message: optional message for :exc:`TimeoutException`\n        :returns: the result of the last call to `method`\n        :raises: :exc:`selenium.common.exceptions.TimeoutException` if timeout occurs\n        \"\"\"\n        screen = None\n        stacktrace = None\n    \n        end_time = time.monotonic() + self._timeout\n        while True:\n            try:\n                value = method(self._driver)\n                if value:\n                    return value\n            except self._ignored_exceptions as exc:\n                screen = getattr(exc, \"screen\", None)\n                stacktrace = getattr(exc, \"stacktrace\", None)\n            time.sleep(self._poll)\n            if time.monotonic() > end_time:\n                break\n>       raise TimeoutException(message, screen, stacktrace)\nE       selenium.common.exceptions.TimeoutException: Message: \nE       Stacktrace:\nE       #0 0x55832f5ebdc3 <unknown>\nE       #1 0x55832f2da4e7 <unknown>\nE       #2 0x55832f32535d <unknown>\nE       #3 0x55832f325411 <unknown>\nE       #4 0x55832f368774 <unknown>\nE       #5 0x55832f34747d <unknown>\nE       #6 0x55832f365c29 <unknown>\nE       #7 0x55832f3471f3 <unknown>\nE       #8 0x55832f31828a <unknown>\nE       #9 0x55832f318c5e <unknown>\nE       #10 0x55832f5b00eb <unknown>\nE       #11 0x55832f5b403b <unknown>\nE       #12 0x55832f59c201 <unknown>\nE       #13 0x55832f5b4ba2 <unknown>\nE       #14 0x55832f5810bf <unknown>\nE       #15 0x55832f5daf18 <unknown>\nE       #16 0x55832f5db0f0 <unknown>\nE       #17 0x55832f5eaf14 <unknown>\nE       #18 0x7ff664fc7609 start_thread\n\n/opt/hostedtoolcache/Python/3.10.14/x64/lib/python3.10/site-packages/selenium-4.10.0-py3.10.egg/selenium/webdriver/support/wait.py:95: TimeoutException"}, "start": 1715750464589, "stop": 1715750464589, "uuid": "4ecec2a6-1066-447b-bff9-745254f8f4c8", "historyId": "a0151bcd0ee4197f6d044256d6b4f0c3", "testCaseId": "a0151bcd0ee4197f6d044256d6b4f0c3", "fullName": "Test_Selenium_Suite.test_monefy#test_monefy_job_count_ui", "labels": [{"name": "tag", "value": "ui"}, {"name": "tag", "value": "regression"}, {"name": "parentSuite", "value": "Test_Selenium_Suite"}, {"name": "suite", "value": "test_monefy"}, {"name": "host", "value": "fv-az519-180"}, {"name": "thread", "value": "2059-MainThread"}, {"name": "framework", "value": "pytest"}, {"name": "language", "value": "cpython3"}, {"name": "package", "value": "Test_Selenium_Suite.test_monefy"}]}