{"name": "test_bitpanda_titles_scraper", "status": "broken", "statusDetails": {"message": "selenium.common.exceptions.TimeoutException: Message: \nStacktrace:\n#0 0x56440a200e43 <unknown>\n#1 0x564409eef4e7 <unknown>\n#2 0x564409f3a35d <unknown>\n#3 0x564409f3a411 <unknown>\n#4 0x564409f7d774 <unknown>\n#5 0x564409f5c47d <unknown>\n#6 0x564409f7ac29 <unknown>\n#7 0x564409f5c1f3 <unknown>\n#8 0x564409f2d28a <unknown>\n#9 0x564409f2dc5e <unknown>\n#10 0x56440a1c516b <unknown>\n#11 0x56440a1c90bb <unknown>\n#12 0x56440a1b1281 <unknown>\n#13 0x56440a1c9c22 <unknown>\n#14 0x56440a19613f <unknown>\n#15 0x56440a1eff98 <unknown>\n#16 0x56440a1f0170 <unknown>\n#17 0x56440a1fff94 <unknown>\n#18 0x7f144f2f3609 start_thread", "trace": "driver = <selenium.webdriver.chrome.webdriver.WebDriver (session=\"7231956ab0b4e086d90f1cc1daf53b7b\")>\nexpected_wait = <selenium.webdriver.support.wait.WebDriverWait (session=\"7231956ab0b4e086d90f1cc1daf53b7b\")>\n\n    @pytest.fixture(scope=\"module\")\n    def scrape_ui(driver, expected_wait):\n        # open the browser\n        testutils.open_browser(driver, expected_wait)\n    \n        # Grab the data\n>       job_details = testutils.get_jobs_selenium()\n\ntests/Test_Selenium_Suite/test_bitpanda.py:26: \n_ _ _ _ _ _ _ _ _ _ _ _ _ _ _ _ _ _ _ _ _ _ _ _ _ _ _ _ _ _ _ _ _ _ _ _ _ _ _ _ \ntests/Test_Selenium_Suite/seleniumutils.py:77: in get_jobs_selenium\n    self.peviitor.search_company(self.company_name)\ntests/Test_Selenium_Suite/peviitor.py:28: in search_company\n    self.expected_wait.until(EC.presence_of_element_located((By.CSS_SELECTOR , self.search_input_css))).send_keys(company)\n_ _ _ _ _ _ _ _ _ _ _ _ _ _ _ _ _ _ _ _ _ _ _ _ _ _ _ _ _ _ _ _ _ _ _ _ _ _ _ _ \n\nself = <selenium.webdriver.support.wait.WebDriverWait (session=\"7231956ab0b4e086d90f1cc1daf53b7b\")>\nmethod = <function presence_of_element_located.<locals>._predicate at 0x7f0852e9d3f0>\nmessage = ''\n\n    def until(self, method, message: str = \"\"):\n        \"\"\"Calls the method provided with the driver as an argument until the \\\n        return value does not evaluate to ``False``.\n    \n        :param method: callable(WebDriver)\n        :param message: optional message for :exc:`TimeoutException`\n        :returns: the result of the last call to `method`\n        :raises: :exc:`selenium.common.exceptions.TimeoutException` if timeout occurs\n        \"\"\"\n        screen = None\n        stacktrace = None\n    \n        end_time = time.monotonic() + self._timeout\n        while True:\n            try:\n                value = method(self._driver)\n                if value:\n                    return value\n            except self._ignored_exceptions as exc:\n                screen = getattr(exc, \"screen\", None)\n                stacktrace = getattr(exc, \"stacktrace\", None)\n            time.sleep(self._poll)\n            if time.monotonic() > end_time:\n                break\n>       raise TimeoutException(message, screen, stacktrace)\nE       selenium.common.exceptions.TimeoutException: Message: \nE       Stacktrace:\nE       #0 0x56440a200e43 <unknown>\nE       #1 0x564409eef4e7 <unknown>\nE       #2 0x564409f3a35d <unknown>\nE       #3 0x564409f3a411 <unknown>\nE       #4 0x564409f7d774 <unknown>\nE       #5 0x564409f5c47d <unknown>\nE       #6 0x564409f7ac29 <unknown>\nE       #7 0x564409f5c1f3 <unknown>\nE       #8 0x564409f2d28a <unknown>\nE       #9 0x564409f2dc5e <unknown>\nE       #10 0x56440a1c516b <unknown>\nE       #11 0x56440a1c90bb <unknown>\nE       #12 0x56440a1b1281 <unknown>\nE       #13 0x56440a1c9c22 <unknown>\nE       #14 0x56440a19613f <unknown>\nE       #15 0x56440a1eff98 <unknown>\nE       #16 0x56440a1f0170 <unknown>\nE       #17 0x56440a1fff94 <unknown>\nE       #18 0x7f144f2f3609 start_thread\n\n/opt/hostedtoolcache/Python/3.10.14/x64/lib/python3.10/site-packages/selenium-4.10.0-py3.10.egg/selenium/webdriver/support/wait.py:95: TimeoutException"}, "start": 1715577629374, "stop": 1715577629374, "uuid": "4fa4c81a-9779-4b22-a6fe-690299ae0cb6", "historyId": "fb7fec62bcade696556a5fbe008f0052", "testCaseId": "fb7fec62bcade696556a5fbe008f0052", "fullName": "Test_Selenium_Suite.test_bitpanda#test_bitpanda_titles_scraper", "labels": [{"name": "tag", "value": "ui"}, {"name": "tag", "value": "regression"}, {"name": "parentSuite", "value": "Test_Selenium_Suite"}, {"name": "suite", "value": "test_bitpanda"}, {"name": "host", "value": "fv-az1533-130"}, {"name": "thread", "value": "2023-MainThread"}, {"name": "framework", "value": "pytest"}, {"name": "language", "value": "cpython3"}, {"name": "package", "value": "Test_Selenium_Suite.test_bitpanda"}]}