{"name": "test_bunge_titles_ui", "status": "broken", "statusDetails": {"message": "selenium.common.exceptions.TimeoutException: Message: \nStacktrace:\n#0 0x563432627eca <unknown>\n#1 0x56343231145c <unknown>\n#2 0x56343235d5b5 <unknown>\n#3 0x56343235d671 <unknown>\n#4 0x5634323a1f14 <unknown>\n#5 0x5634323804dd <unknown>\n#6 0x56343239f2cc <unknown>\n#7 0x563432380253 <unknown>\n#8 0x5634323501c7 <unknown>\n#9 0x563432350b3e <unknown>\n#10 0x5634325ee30b <unknown>\n#11 0x5634325f23b7 <unknown>\n#12 0x5634325dae3e <unknown>\n#13 0x5634325f2e82 <unknown>\n#14 0x5634325bf7df <unknown>\n#15 0x5634326171b8 <unknown>\n#16 0x56343261738b <unknown>\n#17 0x563432626ffc <unknown>\n#18 0x7fd172c67609 start_thread", "trace": "driver = <selenium.webdriver.chrome.webdriver.WebDriver (session=\"8f93d92a24e43d6d89e40fb7c0c4656a\")>\nexpected_wait = <selenium.webdriver.support.wait.WebDriverWait (session=\"8f93d92a24e43d6d89e40fb7c0c4656a\")>\n\n    @pytest.fixture(scope=\"module\")\n    def scrape_ui(driver, expected_wait):\n        # open the browser\n        testutils.open_browser(driver, expected_wait)\n    \n        # Grab the data\n>       job_details = testutils.get_jobs_selenium()\n\ntests/Test_Selenium_Suite/test_bunge.py:26: \n_ _ _ _ _ _ _ _ _ _ _ _ _ _ _ _ _ _ _ _ _ _ _ _ _ _ _ _ _ _ _ _ _ _ _ _ _ _ _ _ \ntests/Test_Selenium_Suite/seleniumutils.py:77: in get_jobs_selenium\n    self.peviitor.search_company(self.company_name)\ntests/Test_Selenium_Suite/peviitor.py:28: in search_company\n    self.expected_wait.until(EC.presence_of_element_located((By.CSS_SELECTOR , self.search_input_css))).send_keys(company)\n_ _ _ _ _ _ _ _ _ _ _ _ _ _ _ _ _ _ _ _ _ _ _ _ _ _ _ _ _ _ _ _ _ _ _ _ _ _ _ _ \n\nself = <selenium.webdriver.support.wait.WebDriverWait (session=\"8f93d92a24e43d6d89e40fb7c0c4656a\")>\nmethod = <function presence_of_element_located.<locals>._predicate at 0x7f33f7957e20>\nmessage = ''\n\n    def until(self, method, message: str = \"\"):\n        \"\"\"Calls the method provided with the driver as an argument until the \\\n        return value does not evaluate to ``False``.\n    \n        :param method: callable(WebDriver)\n        :param message: optional message for :exc:`TimeoutException`\n        :returns: the result of the last call to `method`\n        :raises: :exc:`selenium.common.exceptions.TimeoutException` if timeout occurs\n        \"\"\"\n        screen = None\n        stacktrace = None\n    \n        end_time = time.monotonic() + self._timeout\n        while True:\n            try:\n                value = method(self._driver)\n                if value:\n                    return value\n            except self._ignored_exceptions as exc:\n                screen = getattr(exc, \"screen\", None)\n                stacktrace = getattr(exc, \"stacktrace\", None)\n            time.sleep(self._poll)\n            if time.monotonic() > end_time:\n                break\n>       raise TimeoutException(message, screen, stacktrace)\nE       selenium.common.exceptions.TimeoutException: Message: \nE       Stacktrace:\nE       #0 0x563432627eca <unknown>\nE       #1 0x56343231145c <unknown>\nE       #2 0x56343235d5b5 <unknown>\nE       #3 0x56343235d671 <unknown>\nE       #4 0x5634323a1f14 <unknown>\nE       #5 0x5634323804dd <unknown>\nE       #6 0x56343239f2cc <unknown>\nE       #7 0x563432380253 <unknown>\nE       #8 0x5634323501c7 <unknown>\nE       #9 0x563432350b3e <unknown>\nE       #10 0x5634325ee30b <unknown>\nE       #11 0x5634325f23b7 <unknown>\nE       #12 0x5634325dae3e <unknown>\nE       #13 0x5634325f2e82 <unknown>\nE       #14 0x5634325bf7df <unknown>\nE       #15 0x5634326171b8 <unknown>\nE       #16 0x56343261738b <unknown>\nE       #17 0x563432626ffc <unknown>\nE       #18 0x7fd172c67609 start_thread\n\n/opt/hostedtoolcache/Python/3.10.14/x64/lib/python3.10/site-packages/selenium-4.10.0-py3.10.egg/selenium/webdriver/support/wait.py:95: TimeoutException"}, "start": 1715923201270, "stop": 1715923201270, "uuid": "4ee3f4a1-9357-4609-b201-dd885c06f1a9", "historyId": "d16d1552843778252cbe060a262c9d1b", "testCaseId": "d16d1552843778252cbe060a262c9d1b", "fullName": "Test_Selenium_Suite.test_bunge#test_bunge_titles_ui", "labels": [{"name": "tag", "value": "ui"}, {"name": "tag", "value": "regression"}, {"name": "parentSuite", "value": "Test_Selenium_Suite"}, {"name": "suite", "value": "test_bunge"}, {"name": "host", "value": "fv-az1021-211"}, {"name": "thread", "value": "2285-MainThread"}, {"name": "framework", "value": "pytest"}, {"name": "language", "value": "cpython3"}, {"name": "package", "value": "Test_Selenium_Suite.test_bunge"}]}