{"name": "test_jumbo_link_scraper", "status": "broken", "statusDetails": {"message": "selenium.common.exceptions.TimeoutException: Message: \nStacktrace:\n#0 0x565005515dc3 <unknown>\n#1 0x5650052044e7 <unknown>\n#2 0x56500524f35d <unknown>\n#3 0x56500524f411 <unknown>\n#4 0x565005292774 <unknown>\n#5 0x56500527147d <unknown>\n#6 0x56500528fc29 <unknown>\n#7 0x5650052711f3 <unknown>\n#8 0x56500524228a <unknown>\n#9 0x565005242c5e <unknown>\n#10 0x5650054da0eb <unknown>\n#11 0x5650054de03b <unknown>\n#12 0x5650054c6201 <unknown>\n#13 0x5650054deba2 <unknown>\n#14 0x5650054ab0bf <unknown>\n#15 0x565005504f18 <unknown>\n#16 0x5650055050f0 <unknown>\n#17 0x565005514f14 <unknown>\n#18 0x7f54f7fc9609 start_thread", "trace": "driver = <selenium.webdriver.chrome.webdriver.WebDriver (session=\"86a195a12e79d5ce400134a161bbaab7\")>\nexpected_wait = <selenium.webdriver.support.wait.WebDriverWait (session=\"86a195a12e79d5ce400134a161bbaab7\")>\n\n    @pytest.fixture(scope=\"module\")\n    def scrape_ui(driver, expected_wait):\n        # open the browser\n        testutils.open_browser(driver, expected_wait)\n    \n        # Grab the data\n>       job_details = testutils.get_jobs_selenium()\n\ntests/Test_Selenium_Suite/test_jumbo.py:26: \n_ _ _ _ _ _ _ _ _ _ _ _ _ _ _ _ _ _ _ _ _ _ _ _ _ _ _ _ _ _ _ _ _ _ _ _ _ _ _ _ \ntests/Test_Selenium_Suite/seleniumutils.py:77: in get_jobs_selenium\n    self.peviitor.search_company(self.company_name)\ntests/Test_Selenium_Suite/peviitor.py:28: in search_company\n    self.expected_wait.until(EC.presence_of_element_located((By.CSS_SELECTOR , self.search_input_css))).send_keys(company)\n_ _ _ _ _ _ _ _ _ _ _ _ _ _ _ _ _ _ _ _ _ _ _ _ _ _ _ _ _ _ _ _ _ _ _ _ _ _ _ _ \n\nself = <selenium.webdriver.support.wait.WebDriverWait (session=\"86a195a12e79d5ce400134a161bbaab7\")>\nmethod = <function presence_of_element_located.<locals>._predicate at 0x7f60d715bd00>\nmessage = ''\n\n    def until(self, method, message: str = \"\"):\n        \"\"\"Calls the method provided with the driver as an argument until the \\\n        return value does not evaluate to ``False``.\n    \n        :param method: callable(WebDriver)\n        :param message: optional message for :exc:`TimeoutException`\n        :returns: the result of the last call to `method`\n        :raises: :exc:`selenium.common.exceptions.TimeoutException` if timeout occurs\n        \"\"\"\n        screen = None\n        stacktrace = None\n    \n        end_time = time.monotonic() + self._timeout\n        while True:\n            try:\n                value = method(self._driver)\n                if value:\n                    return value\n            except self._ignored_exceptions as exc:\n                screen = getattr(exc, \"screen\", None)\n                stacktrace = getattr(exc, \"stacktrace\", None)\n            time.sleep(self._poll)\n            if time.monotonic() > end_time:\n                break\n>       raise TimeoutException(message, screen, stacktrace)\nE       selenium.common.exceptions.TimeoutException: Message: \nE       Stacktrace:\nE       #0 0x565005515dc3 <unknown>\nE       #1 0x5650052044e7 <unknown>\nE       #2 0x56500524f35d <unknown>\nE       #3 0x56500524f411 <unknown>\nE       #4 0x565005292774 <unknown>\nE       #5 0x56500527147d <unknown>\nE       #6 0x56500528fc29 <unknown>\nE       #7 0x5650052711f3 <unknown>\nE       #8 0x56500524228a <unknown>\nE       #9 0x565005242c5e <unknown>\nE       #10 0x5650054da0eb <unknown>\nE       #11 0x5650054de03b <unknown>\nE       #12 0x5650054c6201 <unknown>\nE       #13 0x5650054deba2 <unknown>\nE       #14 0x5650054ab0bf <unknown>\nE       #15 0x565005504f18 <unknown>\nE       #16 0x5650055050f0 <unknown>\nE       #17 0x565005514f14 <unknown>\nE       #18 0x7f54f7fc9609 start_thread\n\n/opt/hostedtoolcache/Python/3.10.14/x64/lib/python3.10/site-packages/selenium-4.10.0-py3.10.egg/selenium/webdriver/support/wait.py:95: TimeoutException"}, "start": 1715836747059, "stop": 1715836747059, "uuid": "222f9bda-ab0a-4383-96db-3c15ee00894c", "historyId": "99b1e3ca1dda98769afb5a6fc4d838e7", "testCaseId": "99b1e3ca1dda98769afb5a6fc4d838e7", "fullName": "Test_Selenium_Suite.test_jumbo#test_jumbo_link_scraper", "labels": [{"name": "tag", "value": "ui"}, {"name": "tag", "value": "regression"}, {"name": "parentSuite", "value": "Test_Selenium_Suite"}, {"name": "suite", "value": "test_jumbo"}, {"name": "host", "value": "fv-az1248-746"}, {"name": "thread", "value": "1999-MainThread"}, {"name": "framework", "value": "pytest"}, {"name": "language", "value": "cpython3"}, {"name": "package", "value": "Test_Selenium_Suite.test_jumbo"}]}