{"name": "test_azur_titles_scraper", "status": "broken", "statusDetails": {"message": "selenium.common.exceptions.TimeoutException: Message: \nStacktrace:\n#0 0x558f16fbfe9a <unknown>\n#1 0x558f16ca945c <unknown>\n#2 0x558f16cf55b5 <unknown>\n#3 0x558f16cf5671 <unknown>\n#4 0x558f16d39f14 <unknown>\n#5 0x558f16d184dd <unknown>\n#6 0x558f16d372cc <unknown>\n#7 0x558f16d18253 <unknown>\n#8 0x558f16ce81c7 <unknown>\n#9 0x558f16ce8b3e <unknown>\n#10 0x558f16f862db <unknown>\n#11 0x558f16f8a387 <unknown>\n#12 0x558f16f72e0e <unknown>\n#13 0x558f16f8ae52 <unknown>\n#14 0x558f16f577af <unknown>\n#15 0x558f16faf188 <unknown>\n#16 0x558f16faf35b <unknown>\n#17 0x558f16fbefcc <unknown>\n#18 0x7f82512fa609 start_thread", "trace": "driver = <selenium.webdriver.chrome.webdriver.WebDriver (session=\"85d19d36f7bbd1573a116878aed7703f\")>\nexpected_wait = <selenium.webdriver.support.wait.WebDriverWait (session=\"85d19d36f7bbd1573a116878aed7703f\")>\n\n    @pytest.fixture(scope=\"module\")\n    def scrape_ui(driver, expected_wait):\n        # open the browser\n        testutils.open_browser(driver, expected_wait)\n    \n        # Grab the data\n>       job_details = testutils.get_jobs_selenium()\n\ntests/Test_Selenium_Suite/test_azur.py:26: \n_ _ _ _ _ _ _ _ _ _ _ _ _ _ _ _ _ _ _ _ _ _ _ _ _ _ _ _ _ _ _ _ _ _ _ _ _ _ _ _ \ntests/Test_Selenium_Suite/seleniumutils.py:77: in get_jobs_selenium\n    self.peviitor.search_company(self.company_name)\ntests/Test_Selenium_Suite/peviitor.py:28: in search_company\n    self.expected_wait.until(EC.presence_of_element_located((By.CSS_SELECTOR , self.search_input_css))).send_keys(company)\n_ _ _ _ _ _ _ _ _ _ _ _ _ _ _ _ _ _ _ _ _ _ _ _ _ _ _ _ _ _ _ _ _ _ _ _ _ _ _ _ \n\nself = <selenium.webdriver.support.wait.WebDriverWait (session=\"85d19d36f7bbd1573a116878aed7703f\")>\nmethod = <function presence_of_element_located.<locals>._predicate at 0x7faaa1768040>\nmessage = ''\n\n    def until(self, method, message: str = \"\"):\n        \"\"\"Calls the method provided with the driver as an argument until the \\\n        return value does not evaluate to ``False``.\n    \n        :param method: callable(WebDriver)\n        :param message: optional message for :exc:`TimeoutException`\n        :returns: the result of the last call to `method`\n        :raises: :exc:`selenium.common.exceptions.TimeoutException` if timeout occurs\n        \"\"\"\n        screen = None\n        stacktrace = None\n    \n        end_time = time.monotonic() + self._timeout\n        while True:\n            try:\n                value = method(self._driver)\n                if value:\n                    return value\n            except self._ignored_exceptions as exc:\n                screen = getattr(exc, \"screen\", None)\n                stacktrace = getattr(exc, \"stacktrace\", None)\n            time.sleep(self._poll)\n            if time.monotonic() > end_time:\n                break\n>       raise TimeoutException(message, screen, stacktrace)\nE       selenium.common.exceptions.TimeoutException: Message: \nE       Stacktrace:\nE       #0 0x558f16fbfe9a <unknown>\nE       #1 0x558f16ca945c <unknown>\nE       #2 0x558f16cf55b5 <unknown>\nE       #3 0x558f16cf5671 <unknown>\nE       #4 0x558f16d39f14 <unknown>\nE       #5 0x558f16d184dd <unknown>\nE       #6 0x558f16d372cc <unknown>\nE       #7 0x558f16d18253 <unknown>\nE       #8 0x558f16ce81c7 <unknown>\nE       #9 0x558f16ce8b3e <unknown>\nE       #10 0x558f16f862db <unknown>\nE       #11 0x558f16f8a387 <unknown>\nE       #12 0x558f16f72e0e <unknown>\nE       #13 0x558f16f8ae52 <unknown>\nE       #14 0x558f16f577af <unknown>\nE       #15 0x558f16faf188 <unknown>\nE       #16 0x558f16faf35b <unknown>\nE       #17 0x558f16fbefcc <unknown>\nE       #18 0x7f82512fa609 start_thread\n\n/opt/hostedtoolcache/Python/3.10.14/x64/lib/python3.10/site-packages/selenium-4.10.0-py3.10.egg/selenium/webdriver/support/wait.py:95: TimeoutException"}, "start": 1716355500443, "stop": 1716355500443, "uuid": "bec13406-6bfb-43d4-9249-2563cc2c718c", "historyId": "d526c24137c270947129ace124bd3b02", "testCaseId": "d526c24137c270947129ace124bd3b02", "fullName": "Test_Selenium_Suite.test_azur#test_azur_titles_scraper", "labels": [{"name": "tag", "value": "ui"}, {"name": "tag", "value": "regression"}, {"name": "parentSuite", "value": "Test_Selenium_Suite"}, {"name": "suite", "value": "test_azur"}, {"name": "host", "value": "fv-az800-161"}, {"name": "thread", "value": "2304-MainThread"}, {"name": "framework", "value": "pytest"}, {"name": "language", "value": "cpython3"}, {"name": "package", "value": "Test_Selenium_Suite.test_azur"}]}